PROCESSING DR-03122015 in /Users/leow/Desktop/PROJECTS/SINARPROJECT/parliamentmy-split/
Inside the function processHansardFile with meta of all
PROCESSING DR-03122015 in /Users/leow/Desktop/PROJECTS/SINARPROJECT/parliamentmy-split/
Title is: - Menarik Balik Rang Undang-undang Di Bawah P.M. 62
Start Page is: 1
Title is: - Menangguhkan Bacaan Kali Yang Kedua dan Ketiga Rang Undang-undang Di Bawah P.M. 62
Start Page is: 1
Title is: JAWAPAN-JAWAPAN LISAN BAGI PERTANYAAN-PERTANYAAN
Start Page is: 2
Title is: - Penjelasan Berkaitan Isu Dana Politik RM2.6 bilion
Start Page is: 24
Title is: - Merujuk YB. Lembah Pantai Kepada Jawatankuasa Hak dan Kebebasan
Start Page is: 35
Title is: Rang Undang-undang Kewangan 2015
Start Page is: 66
Title is: Rang Undang-undang Perbadanan Insurans Deposit Malaysia (Pindaan) 2015
Start Page is: 92
Title is: Rang Undang-undang Majlis Keselamatan Negara 2015
Start Page is: 99
Title is: Rang Undang-undang Tabung Angkatan Tentera (Pindaan) 2015
Start Page is: 232
Title is: - Waktu Mesyuarat dan Urusan Dibebaskan Daripada Peraturan Mesyuarat
Start Page is: 32
Title is: - Menangguhkan Bacaan Kali Kedua dan Ketiga Rang Undang-undang Di Bawah P.M. 62
Start Page is: 249
Title is: - Merentikan Kuat Kuasa Peraturan Mesyuarat Di Bawah P.M. 90(2)
Start Page is: 249
Title is: Akta Cukai Barang dan Perkhidmatan 2014
Start Page is: 250
Title is: Akta Kastam 1967
Start Page is: 252
Title is: Akta Eksais 1976
Start Page is: 256
Sorted Pages and Title
=======================
Calculated block starting at page 1 end at page 1
Calculated block starting at page 2 end at page 23
Calculated block starting at page 24 end at page 31
Calculated block starting at page 32 end at page 34
Calculated block starting at page 35 end at page 65
Calculated block starting at page 66 end at page 91
Calculated block starting at page 92 end at page 98
Calculated block starting at page 99 end at page 231
Calculated block starting at page 232 end at page 248
Calculated block starting at page 249 end at page 249
Calculated block starting at page 250 end at page 251
Calculated block starting at page 252 end at page 255
FINALLY: Block starting at page 256 end at page 264
Copying to the file Menangguhkan Bacaan Kali Yang Kedua dan Ketiga Rang Undang undang Di Bawah P M 62.pdf starting from page 2 till page 2
Copying to the file JAWAPAN JAWAPAN LISAN BAGI PERTANYAAN PERTANYAAN.pdf starting from page 3 till page 24
Copying to the file Penjelasan Berkaitan Isu Dana Politik RM2 6 bilion.pdf starting from page 25 till page 32
Copying to the file Waktu Mesyuarat dan Urusan Dibebaskan Daripada Peraturan Mesyuarat.pdf starting from page 33 till page 35
Copying to the file Merujuk YB Lembah Pantai Kepada Jawatankuasa Hak dan Kebebasan.pdf starting from page 36 till page 66
Copying to the file Rang Undang undang Kewangan 2015.pdf starting from page 67 till page 92
Copying to the file Rang Undang undang Perbadanan Insurans Deposit Malaysia Pindaan 2015.pdf starting from page 93 till page 99
Copying to the file Rang Undang undang Majlis Keselamatan Negara 2015.pdf starting from page 100 till page 232
Copying to the file Rang Undang undang Tabung Angkatan Tentera Pindaan 2015.pdf starting from page 233 till page 249
Copying to the file Merentikan Kuat Kuasa Peraturan Mesyuarat Di Bawah P M 90 2.pdf starting from page 250 till page 250
Copying to the file Akta Cukai Barang dan Perkhidmatan 2014.pdf starting from page 251 till page 252
Copying to the file Akta Kastam 1967.pdf starting from page 253 till page 256
Copying to the file Akta Eksais 1976.pdf starting from page 257 till page 265
Copying to the file 0-intro.pdf starting from page 1 till page 1
For current block with title: Menangguhkan Bacaan Kali Yang Kedua dan Ketiga Rang Undang undang Di Bawah P M 62 start page is 2 and end page is 2
Page 2
===========
Found at least one speaker :) ... replacing >>> 
Page 3
===========
Found at least one speaker :) ... replacing >>> 
For current block with title: JAWAPAN JAWAPAN LISAN BAGI PERTANYAAN PERTANYAAN start page is 3 and end page is 24
Page 3
===========
Found at least one speaker :) ... replacing >>> 
Page 4
===========
Found at least one speaker :) ... replacing >>> 
Page 5
===========
Found at least one speaker :) ... replacing >>> 
Page 6
===========
Found at least one speaker :) ... replacing >>> 
Page 7
===========
Found at least one speaker :) ... replacing >>> 
Page 8
===========
Found at least one speaker :) ... replacing >>> 
Page 9
===========
Found at least one speaker :) ... replacing >>> 
Page 10
===========
Found at least one speaker :) ... replacing >>> 
Page 11
===========
Found at least one speaker :) ... replacing >>> 
Page 12
===========
Found at least one speaker :) ... replacing >>> 
Page 13
===========
Found at least one speaker :) ... replacing >>> 
Page 14
===========
Found at least one speaker :) ... replacing >>> 
Page 15
===========
Found at least one speaker :) ... replacing >>> 
Page 16
===========
Found at least one speaker :) ... replacing >>> 
Page 17
===========
Found at least one speaker :) ... replacing >>> 
Page 18
===========
Found at least one speaker :) ... replacing >>> 
Page 19
===========
Found at least one speaker :) ... replacing >>> 
Page 20
===========
Found at least one speaker :) ... replacing >>> 
Page 21
===========
Found at least one speaker :) ... replacing >>> 
Page 22
===========
Found at least one speaker :) ... replacing >>> 
Page 23
===========
Found at least one speaker :) ... replacing >>> 
Page 24
===========
Found at least one speaker :) ... replacing >>> 
Page 25
===========
Found at least one speaker :) ... replacing >>> 
For current block with title: Penjelasan Berkaitan Isu Dana Politik RM2 6 bilion start page is 25 and end page is 32
Page 25
===========
Found at least one speaker :) ... replacing >>> 
Page 26
===========
Found at least one speaker :) ... replacing >>> 
Page 27
===========
Found at least one speaker :) ... replacing >>> 
Page 28
===========
Found at least one speaker :) ... replacing >>> 
Page 29
===========
Found at least one speaker :) ... replacing >>> 
Page 30
===========
Found at least one speaker :) ... replacing >>> 
Page 31
===========
Found at least one speaker :) ... replacing >>> 
Page 32
===========
Found at least one speaker :) ... replacing >>> 
Page 33
===========
Found at least one speaker :) ... replacing >>> 
For current block with title: Waktu Mesyuarat dan Urusan Dibebaskan Daripada Peraturan Mesyuarat start page is 33 and end page is 35
Page 33
===========
Found at least one speaker :) ... replacing >>> 
Page 34
===========
Found at least one speaker :) ... replacing >>> 
Page 35
===========
Found at least one speaker :) ... replacing >>> 
Page 36
===========
Found at least one speaker :) ... replacing >>> 
For current block with title: Merujuk YB Lembah Pantai Kepada Jawatankuasa Hak dan Kebebasan start page is 36 and end page is 66
Page 36
===========
Found at least one speaker :) ... replacing >>> 
Page 37
===========
Found at least one speaker :) ... replacing >>> 
Page 38
===========
Found at least one speaker :) ... replacing >>> 
Page 39
===========
Found at least one speaker :) ... replacing >>> 
Page 40
===========
Found at least one speaker :) ... replacing >>> 
Page 41
===========
Found at least one speaker :) ... replacing >>> 
Page 42
===========
Found at least one speaker :) ... replacing >>> 
Page 43
===========
Found at least one speaker :) ... replacing >>> 
Page 44
===========
Found at least one speaker :) ... replacing >>> 
Page 45
===========
Found at least one speaker :) ... replacing >>> 
Page 46
===========
Found at least one speaker :) ... replacing >>> 
Page 47
===========
Found at least one speaker :) ... replacing >>> 
Page 48
===========
Found at least one speaker :) ... replacing >>> 
Page 49
===========
Found at least one speaker :) ... replacing >>> 
Page 50
===========
Found at least one speaker :) ... replacing >>> 
Page 51
===========
Found at least one speaker :) ... replacing >>> 
Page 52
===========
Found at least one speaker :) ... replacing >>> 
Page 53
===========
Found at least one speaker :) ... replacing >>> 
Page 54
===========
Found at least one speaker :) ... replacing >>> 
Page 55
===========
Found at least one speaker :) ... replacing >>> 
Page 56
===========
Found at least one speaker :) ... replacing >>> 
Page 57
===========
Found at least one speaker :) ... replacing >>> 
Page 58
===========
Found at least one speaker :) ... replacing >>> 
Page 59
===========
Found at least one speaker :) ... replacing >>> 
Page 60
===========
Found at least one speaker :) ... replacing >>> 
Page 61
===========
Found at least one speaker :) ... replacing >>> 
Page 62
===========
Found at least one speaker :) ... replacing >>> 
Page 63
===========
Found at least one speaker :) ... replacing >>> 
Page 64
===========
Found at least one speaker :) ... replacing >>> 
Page 65
===========
Found at least one speaker :) ... replacing >>> 
Page 66
===========
Found at least one speaker :) ... replacing >>> 
Page 67
===========
Found at least one speaker :) ... replacing >>> 
For current block with title: Rang Undang undang Kewangan 2015 start page is 67 and end page is 92
Page 67
===========
Found at least one speaker :) ... replacing >>> 
Page 68
===========
Found at least one speaker :) ... replacing >>> 
Page 69
===========
Found at least one speaker :) ... replacing >>> 
Page 70
===========
Found at least one speaker :) ... replacing >>> 
Page 71
===========
Found at least one speaker :) ... replacing >>> 
Page 72
===========
Found at least one speaker :) ... replacing >>> 
Page 73
===========
Found no speaker; assign to previous identified speaker ==> FASAL_19_BERTUJUAN_UNTUK_MEMINDA_SEKSYEN_112_SEPERTI_BERIKUT
Page 74
===========
Found no speaker; assign to previous identified speaker ==> FASAL_19_BERTUJUAN_UNTUK_MEMINDA_SEKSYEN_112_SEPERTI_BERIKUT
Page 75
===========
Found no speaker; assign to previous identified speaker ==> FASAL_19_BERTUJUAN_UNTUK_MEMINDA_SEKSYEN_112_SEPERTI_BERIKUT
Page 76
===========
Found no speaker; assign to previous identified speaker ==> FASAL_19_BERTUJUAN_UNTUK_MEMINDA_SEKSYEN_112_SEPERTI_BERIKUT
Page 77
===========
Found no speaker; assign to previous identified speaker ==> FASAL_19_BERTUJUAN_UNTUK_MEMINDA_SEKSYEN_112_SEPERTI_BERIKUT
Page 78
===========
Found at least one speaker :) ... replacing >>> 
Page 79
===========
Found at least one speaker :) ... replacing >>> 
Page 80
===========
Found at least one speaker :) ... replacing >>> 
Page 81
===========
Found at least one speaker :) ... replacing >>> 
Page 82
===========
Found at least one speaker :) ... replacing >>> 
Page 83
===========
Found at least one speaker :) ... replacing >>> 
Page 84
===========
Found at least one speaker :) ... replacing >>> 
Page 85
===========
Found at least one speaker :) ... replacing >>> 
Page 86
===========
Found at least one speaker :) ... replacing >>> 
Page 87
===========
Found at least one speaker :) ... replacing >>> 
Page 88
===========
Found at least one speaker :) ... replacing >>> 
Page 89
===========
Found at least one speaker :) ... replacing >>> 
Page 90
===========
Found no speaker; assign to previous identified speaker ==> DATUK_CHUA_TEE_YONG
Page 91
===========
Found at least one speaker :) ... replacing >>> 
Page 92
===========
Found at least one speaker :) ... replacing >>> 
Page 93
===========
Found at least one speaker :) ... replacing >>> 
For current block with title: Rang Undang undang Perbadanan Insurans Deposit Malaysia Pindaan 2015 start page is 93 and end page is 99
Page 93
===========
Found at least one speaker :) ... replacing >>> 
Page 94
===========
Found at least one speaker :) ... replacing >>> 
Page 95
===========
Found no speaker; assign to previous identified speaker ==> TIMBALAN_MENTERI_KEWANGAN_DATUK_JOHARI_BIN_ABDUL_GHANI
Page 96
===========
Found at least one speaker :) ... replacing >>> 
Page 97
===========
Found at least one speaker :) ... replacing >>> 
Page 98
===========
Found at least one speaker :) ... replacing >>> 
Page 99
===========
Found at least one speaker :) ... replacing >>> 
Page 100
===========
Found at least one speaker :) ... replacing >>> 
For current block with title: Rang Undang undang Majlis Keselamatan Negara 2015 start page is 100 and end page is 232
Page 100
===========
Found at least one speaker :) ... replacing >>> 
Page 101
===========
Found at least one speaker :) ... replacing >>> 
Page 102
===========
Found at least one speaker :) ... replacing >>> 
Page 103
===========
Found at least one speaker :) ... replacing >>> 
Page 104
===========
Found at least one speaker :) ... replacing >>> 
Page 105
===========
Found at least one speaker :) ... replacing >>> 
Page 106
===========
Found at least one speaker :) ... replacing >>> 
Page 107
===========
Found at least one speaker :) ... replacing >>> 
Page 108
===========
Found at least one speaker :) ... replacing >>> 
Page 109
===========
Found at least one speaker :) ... replacing >>> 
Page 110
===========
Found at least one speaker :) ... replacing >>> 
Page 111
===========
Found at least one speaker :) ... replacing >>> 
Page 112
===========
Found at least one speaker :) ... replacing >>> 
Page 113
===========
Found at least one speaker :) ... replacing >>> 
Page 114
===========
Found at least one speaker :) ... replacing >>> 
Page 115
===========
Found at least one speaker :) ... replacing >>> 
Page 116
===========
Found at least one speaker :) ... replacing >>> 
Page 117
===========
Found at least one speaker :) ... replacing >>> 
Page 118
===========
Found at least one speaker :) ... replacing >>> 
Page 119
===========
Found at least one speaker :) ... replacing >>> 
Page 120
===========
Found at least one speaker :) ... replacing >>> 
Page 121
===========
Found at least one speaker :) ... replacing >>> 
Page 122
===========
Found at least one speaker :) ... replacing >>> 
Page 123
===========
Found at least one speaker :) ... replacing >>> 
Page 124
===========
Found at least one speaker :) ... replacing >>> 
Page 125
===========
Found at least one speaker :) ... replacing >>> 
Page 126
===========
Found at least one speaker :) ... replacing >>> 
Page 127
===========
Found at least one speaker :) ... replacing >>> 
Page 128
===========
Found at least one speaker :) ... replacing >>> 
Page 129
===========
Found at least one speaker :) ... replacing >>> 
Page 130
===========
Found at least one speaker :) ... replacing >>> 
Page 131
===========
Found at least one speaker :) ... replacing >>> 
Page 132
===========
Found at least one speaker :) ... replacing >>> 
Page 133
===========
Found at least one speaker :) ... replacing >>> 
Page 134
===========
Found at least one speaker :) ... replacing >>> 
Page 135
===========
Found no speaker; assign to previous identified speaker ==> TUAN_LIM_GUAN_ENG_BAGAN
Page 136
===========
Found at least one speaker :) ... replacing >>> 
Page 137
===========
Found at least one speaker :) ... replacing >>> 
Page 138
===========
Found at least one speaker :) ... replacing >>> 
Page 139
===========
Found at least one speaker :) ... replacing >>> 
Page 140
===========
Found at least one speaker :) ... replacing >>> 
Page 141
===========
Found at least one speaker :) ... replacing >>> 
Page 142
===========
Found at least one speaker :) ... replacing >>> 
Page 143
===========
Found at least one speaker :) ... replacing >>> 
Page 144
===========
Found at least one speaker :) ... replacing >>> 
Page 145
===========
Found at least one speaker :) ... replacing >>> 
Page 146
===========
Found at least one speaker :) ... replacing >>> 
Page 147
===========
Found at least one speaker :) ... replacing >>> 
Page 148
===========
Found at least one speaker :) ... replacing >>> 
Page 149
===========
Found at least one speaker :) ... replacing >>> 
Page 150
===========
Found at least one speaker :) ... replacing >>> 
Page 151
===========
Found at least one speaker :) ... replacing >>> 
Page 152
===========
Found at least one speaker :) ... replacing >>> 
Page 153
===========
Found at least one speaker :) ... replacing >>> 
Page 154
===========
Found at least one speaker :) ... replacing >>> 
Page 155
===========
Found at least one speaker :) ... replacing >>> 
Page 156
===========
Found at least one speaker :) ... replacing >>> 
Page 157
===========
Found at least one speaker :) ... replacing >>> 
Page 158
===========
Found at least one speaker :) ... replacing >>> 
Page 159
===========
Found at least one speaker :) ... replacing >>> 
Page 160
===========
Found at least one speaker :) ... replacing >>> 
Page 161
===========
Found at least one speaker :) ... replacing >>> 
Page 162
===========
Found at least one speaker :) ... replacing >>> 
Page 163
===========
Found at least one speaker :) ... replacing >>> 
Page 164
===========
Found at least one speaker :) ... replacing >>> 
Page 165
===========
Found at least one speaker :) ... replacing >>> 
Page 166
===========
Found at least one speaker :) ... replacing >>> 
Page 167
===========
Found at least one speaker :) ... replacing >>> 
Page 168
===========
Found at least one speaker :) ... replacing >>> 
Page 169
===========
Found at least one speaker :) ... replacing >>> 
Page 170
===========
Found at least one speaker :) ... replacing >>> 
Page 171
===========
Found at least one speaker :) ... replacing >>> 
Page 172
===========
Found at least one speaker :) ... replacing >>> 
Page 173
===========
Found at least one speaker :) ... replacing >>> 
Page 174
===========
Found at least one speaker :) ... replacing >>> 
Page 175
===========
Found at least one speaker :) ... replacing >>> 
Page 176
===========
Found at least one speaker :) ... replacing >>> 
Page 177
===========
Found at least one speaker :) ... replacing >>> 
Page 178
===========
Found at least one speaker :) ... replacing >>> 
Page 179
===========
Found at least one speaker :) ... replacing >>> 
Page 180
===========
Found at least one speaker :) ... replacing >>> 
Page 181
===========
Found at least one speaker :) ... replacing >>> 
Page 182
===========
Found at least one speaker :) ... replacing >>> 
Page 183
===========
Found at least one speaker :) ... replacing >>> 
Page 184
===========
Found at least one speaker :) ... replacing >>> 
Page 185
===========
Found at least one speaker :) ... replacing >>> 
Page 186
===========
Found at least one speaker :) ... replacing >>> 
Page 187
===========
Found at least one speaker :) ... replacing >>> 
Page 188
===========
Found at least one speaker :) ... replacing >>> 
Page 189
===========
Found at least one speaker :) ... replacing >>> 
Page 190
===========
Found at least one speaker :) ... replacing >>> 
Page 191
===========
Found at least one speaker :) ... replacing >>> 
Page 192
===========
Found at least one speaker :) ... replacing >>> 
Page 193
===========
Found at least one speaker :) ... replacing >>> 
Page 194
===========
Found at least one speaker :) ... replacing >>> 
Page 195
===========
Found at least one speaker :) ... replacing >>> 
Page 196
===========
Found at least one speaker :) ... replacing >>> 
Page 197
===========
Found at least one speaker :) ... replacing >>> 
Page 198
===========
Found at least one speaker :) ... replacing >>> 
Page 199
===========
Found at least one speaker :) ... replacing >>> 
Page 200
===========
Found at least one speaker :) ... replacing >>> 
Page 201
===========
Found at least one speaker :) ... replacing >>> 
Page 202
===========
Found no speaker; assign to previous identified speaker ==> KERANA_KALAU_KITA_BERBALIK_KEPADA_DEFINISI_ENTITI_KERAJAAN_TERMASUK
Page 203
===========
Found at least one speaker :) ... replacing >>> 
Page 204
===========
Found at least one speaker :) ... replacing >>> 
Page 205
===========
Found no speaker; assign to previous identified speaker ==> DATO_NGEH_KOO_HAM_BERUAS
Page 206
===========
Found at least one speaker :) ... replacing >>> 
Page 207
===========
Found at least one speaker :) ... replacing >>> 
Page 208
===========
Found no speaker; assign to previous identified speaker ==> TUAN_N_SURENDRAN_AL_K_NAGARAJAN_PADANG_SERAI
Page 209
===========
Found at least one speaker :) ... replacing >>> 
Page 210
===========
Found at least one speaker :) ... replacing >>> 
Page 211
===========
Found at least one speaker :) ... replacing >>> 
Page 212
===========
Found at least one speaker :) ... replacing >>> 
Page 213
===========
Found at least one speaker :) ... replacing >>> 
Page 214
===========
Found at least one speaker :) ... replacing >>> 
Page 215
===========
Found at least one speaker :) ... replacing >>> 
Page 216
===========
Found at least one speaker :) ... replacing >>> 
Page 217
===========
Found at least one speaker :) ... replacing >>> 
Page 218
===========
Found at least one speaker :) ... replacing >>> 
Page 219
===========
Found at least one speaker :) ... replacing >>> 
Page 220
===========
Found at least one speaker :) ... replacing >>> 
Page 221
===========
Found at least one speaker :) ... replacing >>> 
Page 222
===========
Found at least one speaker :) ... replacing >>> 
Page 223
===========
Found at least one speaker :) ... replacing >>> 
Page 224
===========
Found at least one speaker :) ... replacing >>> 
Page 225
===========
Found at least one speaker :) ... replacing >>> 
Page 226
===========
Found at least one speaker :) ... replacing >>> 
Page 227
===========
Found at least one speaker :) ... replacing >>> 
Page 228
===========
Found at least one speaker :) ... replacing >>> 
Page 229
===========
Found at least one speaker :) ... replacing >>> 
Page 230
===========
Found at least one speaker :) ... replacing >>> 
Page 231
===========
Found at least one speaker :) ... replacing >>> 
Page 232
===========
Found at least one speaker :) ... replacing >>> 
Page 233
===========
Found at least one speaker :) ... replacing >>> 
For current block with title: Rang Undang undang Tabung Angkatan Tentera Pindaan 2015 start page is 233 and end page is 249
Page 233
===========
Found at least one speaker :) ... replacing >>> 
Page 234
===========
Found at least one speaker :) ... replacing >>> 
Page 235
===========
Found at least one speaker :) ... replacing >>> 
Page 236
===========
Found at least one speaker :) ... replacing >>> 
Page 237
===========
Found no speaker; assign to previous identified speaker ==> TUAN_WONG_CHEN_KELANA_JAYA
Page 238
===========
Found at least one speaker :) ... replacing >>> 
Page 239
===========
Found at least one speaker :) ... replacing >>> 
Page 240
===========
Found at least one speaker :) ... replacing >>> 
Page 241
===========
Found at least one speaker :) ... replacing >>> 
Page 242
===========
Found at least one speaker :) ... replacing >>> 
Page 243
===========
Found at least one speaker :) ... replacing >>> 
Page 244
===========
Found at least one speaker :) ... replacing >>> 
Page 245
===========
Found at least one speaker :) ... replacing >>> 
Page 246
===========
Found at least one speaker :) ... replacing >>> 
Page 247
===========
Found at least one speaker :) ... replacing >>> 
Page 248
===========
Found at least one speaker :) ... replacing >>> 
Page 249
===========
Found at least one speaker :) ... replacing >>> 
Page 250
===========
Found at least one speaker :) ... replacing >>> 
For current block with title: Merentikan Kuat Kuasa Peraturan Mesyuarat Di Bawah P M 90 2 start page is 250 and end page is 250
Page 250
===========
Found at least one speaker :) ... replacing >>> 
Page 251
===========
Found at least one speaker :) ... replacing >>> 
For current block with title: Akta Cukai Barang dan Perkhidmatan 2014 start page is 251 and end page is 252
Page 251
===========
Found at least one speaker :) ... replacing >>> 
Page 252
===========
Found at least one speaker :) ... replacing >>> 
Page 253
===========
Found at least one speaker :) ... replacing >>> 
For current block with title: Akta Kastam 1967 start page is 253 and end page is 256
Page 253
===========
Found at least one speaker :) ... replacing >>> 
Page 254
===========
Found at least one speaker :) ... replacing >>> 
Page 255
===========
Found at least one speaker :) ... replacing >>> 
Page 256
===========
Found at least one speaker :) ... replacing >>> 
Page 257
===========
Found at least one speaker :) ... replacing >>> 
For current block with title: Akta Eksais 1976 start page is 257 and end page is 265
Page 257
===========
Found at least one speaker :) ... replacing >>> 
Page 258
===========
Found at least one speaker :) ... replacing >>> 
Page 259
===========
Found at least one speaker :) ... replacing >>> 
Page 260
===========
Found at least one speaker :) ... replacing >>> 
Page 261
===========
Found at least one speaker :) ... replacing >>> 
Page 262
===========
Found at least one speaker :) ... replacing >>> 
Page 263
===========
Found at least one speaker :) ... replacing >>> 
Page 264
===========
Found at least one speaker :) ... replacing >>> 
Page 265
===========
Found at least one speaker :) ... replacing >>> 
Final ERR Count: 179
