PROCESSING DR-02112015 in /Users/leow/Desktop/PROJECTS/SINARPROJECT/parliamentmy-split/
Inside the function processHansardFile with meta of all
PROCESSING DR-02112015 in /Users/leow/Desktop/PROJECTS/SINARPROJECT/parliamentmy-split/
Title is: JAWAPAN-JAWAPAN LISAN BAGI PERTANYAAN-PERTANYAAN
Start Page is: 1
Title is: Rang Undang-undang Perbekalan 2016
Start Page is: 29
Title is: Waktu Mesyuarat dan Urusan Dibebaskan Daripada Peraturan Mesyuarat
Start Page is: 28
Title is: Anggaran Pembangunan 2016
Start Page is: 29
Title is: Waktu Mesyuarat dan Urusan Dibebaskan Daripada Peraturan Mesyuarat
Start Page is: 118
Sorted Pages and Title
=======================
Calculated block starting at page 1 end at page 27
Calculated block starting at page 28 end at page 28
Calculated block starting at page 29 end at page 117
FINALLY: Block starting at page 118 end at page 194
Copying to the file JAWAPAN JAWAPAN LISAN BAGI PERTANYAAN PERTANYAAN.pdf starting from page 2 till page 28
Copying to the file Waktu Mesyuarat dan Urusan Dibebaskan Daripada Peraturan Mesyuarat.pdf starting from page 29 till page 29
Copying to the file Anggaran Pembangunan 2016.pdf starting from page 30 till page 118
Copying to the file Waktu Mesyuarat dan Urusan Dibebaskan Daripada Peraturan Mesyuarat.pdf starting from page 119 till page 195
Copying to the file 0-intro.pdf starting from page 1 till page 1
For current block with title: JAWAPAN JAWAPAN LISAN BAGI PERTANYAAN PERTANYAAN start page is 2 and end page is 28
Page 2
===========
Found at least one speaker :) ... replacing >>> 
Page 3
===========
Found at least one speaker :) ... replacing >>> 
Page 4
===========
Found at least one speaker :) ... replacing >>> 
Page 5
===========
Found at least one speaker :) ... replacing >>> 
Page 6
===========
Found at least one speaker :) ... replacing >>> 
Page 7
===========
Found at least one speaker :) ... replacing >>> 
Page 8
===========
Found at least one speaker :) ... replacing >>> 
Page 9
===========
Found at least one speaker :) ... replacing >>> 
Page 10
===========
Found at least one speaker :) ... replacing >>> 
Page 11
===========
Found at least one speaker :) ... replacing >>> 
Page 12
===========
Found at least one speaker :) ... replacing >>> 
Page 13
===========
Found at least one speaker :) ... replacing >>> 
Page 14
===========
Found at least one speaker :) ... replacing >>> 
Page 15
===========
Found at least one speaker :) ... replacing >>> 
Page 16
===========
Found at least one speaker :) ... replacing >>> 
Page 17
===========
Found at least one speaker :) ... replacing >>> 
Page 18
===========
Found at least one speaker :) ... replacing >>> 
Page 19
===========
Found at least one speaker :) ... replacing >>> 
Page 20
===========
Found at least one speaker :) ... replacing >>> 
Page 21
===========
Found at least one speaker :) ... replacing >>> 
Page 22
===========
Found at least one speaker :) ... replacing >>> 
Page 23
===========
Found at least one speaker :) ... replacing >>> 
Page 24
===========
Found at least one speaker :) ... replacing >>> 
Page 25
===========
Found at least one speaker :) ... replacing >>> 
Page 26
===========
Found at least one speaker :) ... replacing >>> 
Page 27
===========
Found at least one speaker :) ... replacing >>> 
Page 28
===========
Found at least one speaker :) ... replacing >>> 
Page 29
===========
Found at least one speaker :) ... replacing >>> 
For current block with title: Waktu Mesyuarat dan Urusan Dibebaskan Daripada Peraturan Mesyuarat start page is 29 and end page is 29
Page 29
===========
Found at least one speaker :) ... replacing >>> 
Page 30
===========
Found at least one speaker :) ... replacing >>> 
For current block with title: Anggaran Pembangunan 2016 start page is 30 and end page is 118
Page 30
===========
Found at least one speaker :) ... replacing >>> 
Page 31
===========
Found at least one speaker :) ... replacing >>> 
Page 32
===========
Found at least one speaker :) ... replacing >>> 
Page 33
===========
Found at least one speaker :) ... replacing >>> 
Page 34
===========
Found at least one speaker :) ... replacing >>> 
Page 35
===========
Found at least one speaker :) ... replacing >>> 
Page 36
===========
Found no speaker; assign to previous identified speaker ==> DR_MICHAEL_JEYAKUMAR_DEVARAJ_SUNGAI_SIPUT
Page 37
===========
Found at least one speaker :) ... replacing >>> 
Page 38
===========
Found at least one speaker :) ... replacing >>> 
Page 39
===========
Found no speaker; assign to previous identified speaker ==> DR_MICHAEL_JEYAKUMAR_DEVARAJ_SUNGAI_SIPUT
Page 40
===========
Found at least one speaker :) ... replacing >>> 
Page 41
===========
Found no speaker; assign to previous identified speaker ==> DATUK_NOOR_EHSANUDDIN_BIN_MOHD_HARUN_NARRASHID_KOTA_TINGGI
Page 42
===========
Found no speaker; assign to previous identified speaker ==> DATUK_NOOR_EHSANUDDIN_BIN_MOHD_HARUN_NARRASHID_KOTA_TINGGI
Page 43
===========
Found no speaker; assign to previous identified speaker ==> DATUK_NOOR_EHSANUDDIN_BIN_MOHD_HARUN_NARRASHID_KOTA_TINGGI
Page 44
===========
Found no speaker; assign to previous identified speaker ==> DATUK_NOOR_EHSANUDDIN_BIN_MOHD_HARUN_NARRASHID_KOTA_TINGGI
Page 45
===========
Found at least one speaker :) ... replacing >>> 
Page 46
===========
Found at least one speaker :) ... replacing >>> 
Page 47
===========
Found at least one speaker :) ... replacing >>> 
Page 48
===========
Found no speaker; assign to previous identified speaker ==> TUAN_SIVAKUMAR_VARATHARAJU_NAIDU_BATU_GAJAH
Page 49
===========
Found no speaker; assign to previous identified speaker ==> TUAN_SIVAKUMAR_VARATHARAJU_NAIDU_BATU_GAJAH
Page 50
===========
Found at least one speaker :) ... replacing >>> 
Page 51
===========
Found at least one speaker :) ... replacing >>> 
Page 52
===========
Found at least one speaker :) ... replacing >>> 
Page 53
===========
Found at least one speaker :) ... replacing >>> 
Page 54
===========
Found at least one speaker :) ... replacing >>> 
Page 55
===========
Found at least one speaker :) ... replacing >>> 
Page 56
===========
Found at least one speaker :) ... replacing >>> 
Page 57
===========
Found no speaker; assign to previous identified speaker ==> TUAN_HAJI_AHMAD_LAI_BIN_BUJANG_SIBUTI
Page 58
===========
Found at least one speaker :) ... replacing >>> 
Page 59
===========
Found at least one speaker :) ... replacing >>> 
Page 60
===========
Found no speaker; assign to previous identified speaker ==> DR_SITI_MARIAH_BINTI_MAHMUD_KOTA_RAJA
Page 61
===========
Found at least one speaker :) ... replacing >>> 
Page 62
===========
Found at least one speaker :) ... replacing >>> 
Page 63
===========
Found no speaker; assign to previous identified speaker ==> DR_SITI_MARIAH_BINTI_MAHMUD_KOTA_RAJA
Page 64
===========
Found at least one speaker :) ... replacing >>> 
Page 65
===========
Found at least one speaker :) ... replacing >>> 
Page 66
===========
Found no speaker; assign to previous identified speaker ==> DATO_HENRY_SUM_AGONG_LAWAS
Page 67
===========
Found at least one speaker :) ... replacing >>> 
Page 68
===========
Found at least one speaker :) ... replacing >>> 
Page 69
===========
Found no speaker; assign to previous identified speaker ==> 67_TUAN_YANG_DIPERTUA_SAYA_MEMETIK_SATU_PERINGATAN_ALLAH_DALAM_ALQURAN_DENGAN_IZIN_MEMBACA_SEPOTONG_AYAT_ALQURAN
Page 70
===========
Found at least one speaker :) ... replacing >>> 
Page 71
===========
Found no speaker; assign to previous identified speaker ==> PUAN_HAJAH_SITI_ZAILAH_BINTI_MOHD_YUSOFF_RANTAU_PANJANG
Page 72
===========
Found no speaker; assign to previous identified speaker ==> PUAN_HAJAH_SITI_ZAILAH_BINTI_MOHD_YUSOFF_RANTAU_PANJANG
Page 73
===========
Found no speaker; assign to previous identified speaker ==> PUAN_HAJAH_SITI_ZAILAH_BINTI_MOHD_YUSOFF_RANTAU_PANJANG
Page 74
===========
Found no speaker; assign to previous identified speaker ==> PUAN_HAJAH_SITI_ZAILAH_BINTI_MOHD_YUSOFF_RANTAU_PANJANG
Page 75
===========
Found at least one speaker :) ... replacing >>> 
Page 76
===========
Found at least one speaker :) ... replacing >>> 
Page 77
===========
Found no speaker; assign to previous identified speaker ==> DATO_HAJI_ZAINUDIN_BIN_HAJI_ISMAIL_JELEBU
Page 78
===========
Found at least one speaker :) ... replacing >>> 
Page 79
===========
Found at least one speaker :) ... replacing >>> 
Page 80
===========
Found at least one speaker :) ... replacing >>> 
Page 81
===========
Found at least one speaker :) ... replacing >>> 
Page 82
===========
Found at least one speaker :) ... replacing >>> 
Page 83
===========
Found at least one speaker :) ... replacing >>> 
Page 84
===========
Found no speaker; assign to previous identified speaker ==> TUAN_IGNATIUS_DORELL_LEIKING_PENAMPANG
Page 85
===========
Found no speaker; assign to previous identified speaker ==> TUAN_IGNATIUS_DORELL_LEIKING_PENAMPANG
Page 86
===========
Found no speaker; assign to previous identified speaker ==> TUAN_IGNATIUS_DORELL_LEIKING_PENAMPANG
Page 87
===========
Found at least one speaker :) ... replacing >>> 
Page 88
===========
Found at least one speaker :) ... replacing >>> 
Page 89
===========
Found at least one speaker :) ... replacing >>> 
Page 90
===========
Found at least one speaker :) ... replacing >>> 
Page 91
===========
Found at least one speaker :) ... replacing >>> 
Page 92
===========
Found at least one speaker :) ... replacing >>> 
Page 93
===========
Found at least one speaker :) ... replacing >>> 
Page 94
===========
Found at least one speaker :) ... replacing >>> 
Page 95
===========
Found at least one speaker :) ... replacing >>> 
Page 96
===========
Found at least one speaker :) ... replacing >>> 
Page 97
===========
Found at least one speaker :) ... replacing >>> 
Page 98
===========
Found at least one speaker :) ... replacing >>> 
Page 99
===========
Found at least one speaker :) ... replacing >>> 
Page 100
===========
Found at least one speaker :) ... replacing >>> 
Page 101
===========
Found no speaker; assign to previous identified speaker ==> DATO_MOHD_ARIFF_SABRI_BIN_ABDUL_AZIZ_RAUB
Page 102
===========
Found no speaker; assign to previous identified speaker ==> DATO_MOHD_ARIFF_SABRI_BIN_ABDUL_AZIZ_RAUB
Page 103
===========
Found at least one speaker :) ... replacing >>> 
Page 104
===========
Found no speaker; assign to previous identified speaker ==> DATUK_AARON_AGO_ANAK_DAGANG_KANOWIT
Page 105
===========
Found no speaker; assign to previous identified speaker ==> DATUK_AARON_AGO_ANAK_DAGANG_KANOWIT
Page 106
===========
Found no speaker; assign to previous identified speaker ==> DATUK_AARON_AGO_ANAK_DAGANG_KANOWIT
Page 107
===========
Found no speaker; assign to previous identified speaker ==> DATUK_AARON_AGO_ANAK_DAGANG_KANOWIT
Page 108
===========
Found no speaker; assign to previous identified speaker ==> DATUK_AARON_AGO_ANAK_DAGANG_KANOWIT
Page 109
===========
Found at least one speaker :) ... replacing >>> 
Page 110
===========
Found at least one speaker :) ... replacing >>> 
Page 111
===========
Found no speaker; assign to previous identified speaker ==> TUAN_WILLIAM_LEONG_JEE_KEEN_SELAYANG
Page 112
===========
Found at least one speaker :) ... replacing >>> 
Page 113
===========
Found at least one speaker :) ... replacing >>> 
Page 114
===========
Found at least one speaker :) ... replacing >>> 
Page 115
===========
Found no speaker; assign to previous identified speaker ==> IR_SHAHARUDDIN_BIN_ISMAIL_KANGAR
Page 116
===========
Found no speaker; assign to previous identified speaker ==> IR_SHAHARUDDIN_BIN_ISMAIL_KANGAR
Page 117
===========
Found no speaker; assign to previous identified speaker ==> IR_SHAHARUDDIN_BIN_ISMAIL_KANGAR
Page 118
===========
Found at least one speaker :) ... replacing >>> 
Page 119
===========
Found at least one speaker :) ... replacing >>> 
For current block with title: Waktu Mesyuarat dan Urusan Dibebaskan Daripada Peraturan Mesyuarat start page is 119 and end page is 195
Page 119
===========
Found at least one speaker :) ... replacing >>> 
Page 120
===========
Found no speaker; assign to previous identified speaker ==> TUAN_MOHAMED_AZMIN_BIN_ALI_GOMBAK
Page 121
===========
Found at least one speaker :) ... replacing >>> 
Page 122
===========
Found at least one speaker :) ... replacing >>> 
Page 123
===========
Found at least one speaker :) ... replacing >>> 
Page 124
===========
Found at least one speaker :) ... replacing >>> 
Page 125
===========
Found at least one speaker :) ... replacing >>> 
Page 126
===========
Found at least one speaker :) ... replacing >>> 
Page 127
===========
Found at least one speaker :) ... replacing >>> 
Page 128
===========
Found at least one speaker :) ... replacing >>> 
Page 129
===========
Found at least one speaker :) ... replacing >>> 
Page 130
===========
Found at least one speaker :) ... replacing >>> 
Page 131
===========
Found at least one speaker :) ... replacing >>> 
Page 132
===========
Found at least one speaker :) ... replacing >>> 
Page 133
===========
Found no speaker; assign to previous identified speaker ==> DATUK_LIANG_TECK_MENG_SIMPANG_RENGGAM
Page 134
===========
Found no speaker; assign to previous identified speaker ==> DATUK_LIANG_TECK_MENG_SIMPANG_RENGGAM
Page 135
===========
Found no speaker; assign to previous identified speaker ==> DATUK_LIANG_TECK_MENG_SIMPANG_RENGGAM
Page 136
===========
Found at least one speaker :) ... replacing >>> 
Page 137
===========
Found at least one speaker :) ... replacing >>> 
Page 138
===========
Found no speaker; assign to previous identified speaker ==> TUAN_GOBIND_SINGH_DEO_PUCHONG
Page 139
===========
Found no speaker; assign to previous identified speaker ==> TUAN_GOBIND_SINGH_DEO_PUCHONG
Page 140
===========
Found no speaker; assign to previous identified speaker ==> TUAN_GOBIND_SINGH_DEO_PUCHONG
Page 141
===========
Found at least one speaker :) ... replacing >>> 
Page 142
===========
Found at least one speaker :) ... replacing >>> 
Page 143
===========
Found no speaker; assign to previous identified speaker ==> YANG_MATERIAL_OLEH_ANGGOTA_PDRM_IAITU
Page 144
===========
Found at least one speaker :) ... replacing >>> 
Page 145
===========
Found no speaker; assign to previous identified speaker ==> DATUK_JUSLIE_BIN_HAJI_AJIROL_LIBARAN
Page 146
===========
Found no speaker; assign to previous identified speaker ==> DATUK_JUSLIE_BIN_HAJI_AJIROL_LIBARAN
Page 147
===========
Found at least one speaker :) ... replacing >>> 
Page 148
===========
Found no speaker; assign to previous identified speaker ==> DATUK_JUSLIE_BIN_HAJI_AJIROL_LIBARAN
Page 149
===========
Found at least one speaker :) ... replacing >>> 
Page 150
===========
Found at least one speaker :) ... replacing >>> 
Page 151
===========
Found at least one speaker :) ... replacing >>> 
Page 152
===========
Found no speaker; assign to previous identified speaker ==> MEMULAKAN_DENGAN_SEPOTONG_AYAT_YANG_PENDEK_MEMBACA_SEPOTONG_AYAT_ALQURAN
Page 153
===========
Found no speaker; assign to previous identified speaker ==> MEMULAKAN_DENGAN_SEPOTONG_AYAT_YANG_PENDEK_MEMBACA_SEPOTONG_AYAT_ALQURAN
Page 154
===========
Found no speaker; assign to previous identified speaker ==> MEMULAKAN_DENGAN_SEPOTONG_AYAT_YANG_PENDEK_MEMBACA_SEPOTONG_AYAT_ALQURAN
Page 155
===========
Found no speaker; assign to previous identified speaker ==> MEMULAKAN_DENGAN_SEPOTONG_AYAT_YANG_PENDEK_MEMBACA_SEPOTONG_AYAT_ALQURAN
Page 156
===========
Found at least one speaker :) ... replacing >>> 
Page 157
===========
Found no speaker; assign to previous identified speaker ==> PUAN_RUBIAH_BINTI_HAJI_WANG_KOTA_SAMARAHAN
Page 158
===========
Found no speaker; assign to previous identified speaker ==> PUAN_RUBIAH_BINTI_HAJI_WANG_KOTA_SAMARAHAN
Page 159
===========
Found no speaker; assign to previous identified speaker ==> PUAN_RUBIAH_BINTI_HAJI_WANG_KOTA_SAMARAHAN
Page 160
===========
Found no speaker; assign to previous identified speaker ==> PUAN_RUBIAH_BINTI_HAJI_WANG_KOTA_SAMARAHAN
Page 161
===========
Found no speaker; assign to previous identified speaker ==> PUAN_RUBIAH_BINTI_HAJI_WANG_KOTA_SAMARAHAN
Page 162
===========
Found no speaker; assign to previous identified speaker ==> PUAN_RUBIAH_BINTI_HAJI_WANG_KOTA_SAMARAHAN
Page 163
===========
Found at least one speaker :) ... replacing >>> 
Page 164
===========
Found no speaker; assign to previous identified speaker ==> DR_AZMAN_BIN_ISMAIL_KUALA_KEDAH
Page 165
===========
Found at least one speaker :) ... replacing >>> 
Page 166
===========
Found no speaker; assign to previous identified speaker ==> DR_AZMAN_BIN_ISMAIL_KUALA_KEDAH
Page 167
===========
Found no speaker; assign to previous identified speaker ==> DR_AZMAN_BIN_ISMAIL_KUALA_KEDAH
Page 168
===========
Found no speaker; assign to previous identified speaker ==> DR_AZMAN_BIN_ISMAIL_KUALA_KEDAH
Page 169
===========
Found at least one speaker :) ... replacing >>> 
Page 170
===========
Found at least one speaker :) ... replacing >>> 
Page 171
===========
Found no speaker; assign to previous identified speaker ==> DATO_HAJI_MOHD_ZAIM_BIN_ABU_HASAN_PARIT
Page 172
===========
Found no speaker; assign to previous identified speaker ==> DATO_HAJI_MOHD_ZAIM_BIN_ABU_HASAN_PARIT
Page 173
===========
Found at least one speaker :) ... replacing >>> 
Page 174
===========
Found at least one speaker :) ... replacing >>> 
Page 175
===========
Found at least one speaker :) ... replacing >>> 
Page 176
===========
Found at least one speaker :) ... replacing >>> 
Page 177
===========
Found no speaker; assign to previous identified speaker ==> TUAN_TEO_KOK_SEONG_RASAH
Page 178
===========
Found no speaker; assign to previous identified speaker ==> TUAN_TEO_KOK_SEONG_RASAH
Page 179
===========
Found no speaker; assign to previous identified speaker ==> TUAN_TEO_KOK_SEONG_RASAH
Page 180
===========
Found no speaker; assign to previous identified speaker ==> TUAN_TEO_KOK_SEONG_RASAH
Page 181
===========
Found at least one speaker :) ... replacing >>> 
Page 182
===========
Found at least one speaker :) ... replacing >>> 
Page 183
===========
Found at least one speaker :) ... replacing >>> 
Page 184
===========
Found at least one speaker :) ... replacing >>> 
Page 185
===========
Found at least one speaker :) ... replacing >>> 
Page 186
===========
Found no speaker; assign to previous identified speaker ==> DATO_HASBULLAH_BIN_OSMAN_GERIK
Page 187
===========
Found no speaker; assign to previous identified speaker ==> DATO_HASBULLAH_BIN_OSMAN_GERIK
Page 188
===========
Found at least one speaker :) ... replacing >>> 
Page 189
===========
Found at least one speaker :) ... replacing >>> 
Page 190
===========
Found no speaker; assign to previous identified speaker ==> PUAN_HAJAH_FUZIAH_BINTI_SALLEH_KUANTAN
Page 191
===========
Found at least one speaker :) ... replacing >>> 
Page 192
===========
Found no speaker; assign to previous identified speaker ==> PUAN_HAJAH_FUZIAH_BINTI_SALLEH_KUANTAN
Page 193
===========
Found at least one speaker :) ... replacing >>> 
Page 194
===========
Found at least one speaker :) ... replacing >>> 
Page 195
===========
Found at least one speaker :) ... replacing >>> 
Final ERR Count: 129
