PROCESSING DR-01122015 in /Users/leow/Desktop/PROJECTS/SINARPROJECT/parliamentmy-split/
Inside the function processHansardFile with meta of all
PROCESSING DR-01122015 in /Users/leow/Desktop/PROJECTS/SINARPROJECT/parliamentmy-split/
Title is: JAWAPAN-JAWAPAN LISAN BAGI PERTANYAAN-PERTANYAAN
Start Page is: 1
Title is: RANG UNDANG-UNDANG DIBAWA KE DALAM MESYUARAT
Start Page is: 23
Title is: - Maksud B.62
Start Page is: 24
Title is: Maksud B.63
Start Page is: 101
Title is: Maksud B.46
Start Page is: 155
Title is: Waktu Mesyuarat dan Urusan Dibebaskan Daripada Peraturan Mesyuarat
Start Page is: 23
Title is: - Maksud P.62
Start Page is: 24
Title is: Maksud P.63
Start Page is: 101
Title is: Maksud P.46
Start Page is: 155
Sorted Pages and Title
=======================
Calculated block starting at page 1 end at page 22
Calculated block starting at page 23 end at page 23
Calculated block starting at page 24 end at page 100
Calculated block starting at page 101 end at page 154
FINALLY: Block starting at page 155 end at page 185
Copying to the file JAWAPAN JAWAPAN LISAN BAGI PERTANYAAN PERTANYAAN.pdf starting from page 2 till page 23
Copying to the file Waktu Mesyuarat dan Urusan Dibebaskan Daripada Peraturan Mesyuarat.pdf starting from page 24 till page 24
Copying to the file Maksud P 62.pdf starting from page 25 till page 101
Copying to the file Maksud P 63.pdf starting from page 102 till page 155
Copying to the file Maksud P 46.pdf starting from page 156 till page 186
Copying to the file 0-intro.pdf starting from page 1 till page 1
For current block with title: JAWAPAN JAWAPAN LISAN BAGI PERTANYAAN PERTANYAAN start page is 2 and end page is 23
Page 2
===========
Found at least one speaker :) ... replacing >>> 
Page 3
===========
Found at least one speaker :) ... replacing >>> 
Page 4
===========
Found at least one speaker :) ... replacing >>> 
Page 5
===========
Found at least one speaker :) ... replacing >>> 
Page 6
===========
Found at least one speaker :) ... replacing >>> 
Page 7
===========
Found at least one speaker :) ... replacing >>> 
Page 8
===========
Found at least one speaker :) ... replacing >>> 
Page 9
===========
Found at least one speaker :) ... replacing >>> 
Page 10
===========
Found at least one speaker :) ... replacing >>> 
Page 11
===========
Found at least one speaker :) ... replacing >>> 
Page 12
===========
Found no speaker; assign to previous identified speaker ==> TIMBALAN_MENTERI_PENGAJIAN_TINGGI_DATUK_YAP_KAIN_CHING_MARY_YAP_KEN_JIN
Page 13
===========
Found at least one speaker :) ... replacing >>> 
Page 14
===========
Found at least one speaker :) ... replacing >>> 
Page 15
===========
Found at least one speaker :) ... replacing >>> 
Page 16
===========
Found at least one speaker :) ... replacing >>> 
Page 17
===========
Found at least one speaker :) ... replacing >>> 
Page 18
===========
Found at least one speaker :) ... replacing >>> 
Page 19
===========
Found at least one speaker :) ... replacing >>> 
Page 20
===========
Found at least one speaker :) ... replacing >>> 
Page 21
===========
Found at least one speaker :) ... replacing >>> 
Page 22
===========
Found at least one speaker :) ... replacing >>> 
Page 23
===========
Found at least one speaker :) ... replacing >>> 
Page 24
===========
Found at least one speaker :) ... replacing >>> 
For current block with title: Waktu Mesyuarat dan Urusan Dibebaskan Daripada Peraturan Mesyuarat start page is 24 and end page is 24
Page 24
===========
Found at least one speaker :) ... replacing >>> 
Page 25
===========
Found at least one speaker :) ... replacing >>> 
For current block with title: Maksud P 62 start page is 25 and end page is 101
Page 25
===========
Found at least one speaker :) ... replacing >>> 
Page 26
===========
Found at least one speaker :) ... replacing >>> 
Page 27
===========
Found no speaker; assign to previous identified speaker ==> TUAN_GOBIND_SINGH_DEO_PUCHONG
Page 28
===========
Found at least one speaker :) ... replacing >>> 
Page 29
===========
Found at least one speaker :) ... replacing >>> 
Page 30
===========
Found at least one speaker :) ... replacing >>> 
Page 31
===========
Found no speaker; assign to previous identified speaker ==> TUAN_ANUAR_BIN_ABD_MANAP_SEKIJANG
Page 32
===========
Found at least one speaker :) ... replacing >>> 
Page 33
===========
Found at least one speaker :) ... replacing >>> 
Page 34
===========
Found at least one speaker :) ... replacing >>> 
Page 35
===========
Found no speaker; assign to previous identified speaker ==> DATO_HASBULLAH_BIN_OSMAN_GERIK
Page 36
===========
Found at least one speaker :) ... replacing >>> 
Page 37
===========
Found at least one speaker :) ... replacing >>> 
Page 38
===========
Found no speaker; assign to previous identified speaker ==> DATUK_DATU_NASRUN_BIN_DATU_MANSUR_SILAM
Page 39
===========
Found at least one speaker :) ... replacing >>> 
Page 40
===========
Found no speaker; assign to previous identified speaker ==> TUAN_ABDULLAH_SANI_BIN_ABDUL_HAMID_KUALA_LANGAT
Page 41
===========
Found at least one speaker :) ... replacing >>> 
Page 42
===========
Found at least one speaker :) ... replacing >>> 
Page 43
===========
Found at least one speaker :) ... replacing >>> 
Page 44
===========
Found at least one speaker :) ... replacing >>> 
Page 45
===========
Found no speaker; assign to previous identified speaker ==> PUAN_TERESA_KOK_SUH_SIM_SEPUTEH
Page 46
===========
Found at least one speaker :) ... replacing >>> 
Page 47
===========
Found at least one speaker :) ... replacing >>> 
Page 48
===========
Found at least one speaker :) ... replacing >>> 
Page 49
===========
Found no speaker; assign to previous identified speaker ==> TUAN_NASRUDIN_BIN_HASSAN_TEMERLOH
Page 50
===========
Found at least one speaker :) ... replacing >>> 
Page 51
===========
Found at least one speaker :) ... replacing >>> 
Page 52
===========
Found at least one speaker :) ... replacing >>> 
Page 53
===========
Found at least one speaker :) ... replacing >>> 
Page 54
===========
Found no speaker; assign to previous identified speaker ==> TUAN_MOHAMED_HANIPA_BIN_MAIDIN_SEPANG
Page 55
===========
Found at least one speaker :) ... replacing >>> 
Page 56
===========
Found at least one speaker :) ... replacing >>> 
Page 57
===========
Found at least one speaker :) ... replacing >>> 
Page 58
===========
Found at least one speaker :) ... replacing >>> 
Page 59
===========
Found at least one speaker :) ... replacing >>> 
Page 60
===========
Found at least one speaker :) ... replacing >>> 
Page 61
===========
Found at least one speaker :) ... replacing >>> 
Page 62
===========
Found at least one speaker :) ... replacing >>> 
Page 63
===========
Found at least one speaker :) ... replacing >>> 
Page 64
===========
Found no speaker; assign to previous identified speaker ==> TUAN_GOOI_HSIAOLEUNG_ALOR_STAR
Page 65
===========
Found at least one speaker :) ... replacing >>> 
Page 66
===========
Found at least one speaker :) ... replacing >>> 
Page 67
===========
Found at least one speaker :) ... replacing >>> 
Page 68
===========
Found at least one speaker :) ... replacing >>> 
Page 69
===========
Found at least one speaker :) ... replacing >>> 
Page 70
===========
Found at least one speaker :) ... replacing >>> 
Page 71
===========
Found at least one speaker :) ... replacing >>> 
Page 72
===========
Found at least one speaker :) ... replacing >>> 
Page 73
===========
Found at least one speaker :) ... replacing >>> 
Page 74
===========
Found at least one speaker :) ... replacing >>> 
Page 75
===========
Found at least one speaker :) ... replacing >>> 
Page 76
===========
Found at least one speaker :) ... replacing >>> 
Page 77
===========
Found at least one speaker :) ... replacing >>> 
Page 78
===========
Found at least one speaker :) ... replacing >>> 
Page 79
===========
Found at least one speaker :) ... replacing >>> 
Page 80
===========
Found at least one speaker :) ... replacing >>> 
Page 81
===========
Found at least one speaker :) ... replacing >>> 
Page 82
===========
Found at least one speaker :) ... replacing >>> 
Page 83
===========
Found at least one speaker :) ... replacing >>> 
Page 84
===========
Found at least one speaker :) ... replacing >>> 
Page 85
===========
Found at least one speaker :) ... replacing >>> 
Page 86
===========
Found at least one speaker :) ... replacing >>> 
Page 87
===========
Found at least one speaker :) ... replacing >>> 
Page 88
===========
Found at least one speaker :) ... replacing >>> 
Page 89
===========
Found at least one speaker :) ... replacing >>> 
Page 90
===========
Found at least one speaker :) ... replacing >>> 
Page 91
===========
Found at least one speaker :) ... replacing >>> 
Page 92
===========
Found at least one speaker :) ... replacing >>> 
Page 93
===========
Found at least one speaker :) ... replacing >>> 
Page 94
===========
Found at least one speaker :) ... replacing >>> 
Page 95
===========
Found at least one speaker :) ... replacing >>> 
Page 96
===========
Found at least one speaker :) ... replacing >>> 
Page 97
===========
Found at least one speaker :) ... replacing >>> 
Page 98
===========
Found at least one speaker :) ... replacing >>> 
Page 99
===========
Found at least one speaker :) ... replacing >>> 
Page 100
===========
Found at least one speaker :) ... replacing >>> 
Page 101
===========
Found at least one speaker :) ... replacing >>> 
Page 102
===========
Found no speaker; assign to previous identified speaker ==> DATO_HAJI_IRMOHIZAM_BIN_HAJI_IBRAHIM_KUALA_SELANGOR
For current block with title: Maksud P 63 start page is 102 and end page is 155
Page 102
===========
Found no speaker; assign to previous identified speaker ==> DATO_HAJI_IRMOHIZAM_BIN_HAJI_IBRAHIM_KUALA_SELANGOR
Page 103
===========
Found at least one speaker :) ... replacing >>> 
Page 104
===========
Found at least one speaker :) ... replacing >>> 
Page 105
===========
Found at least one speaker :) ... replacing >>> 
Page 106
===========
Found no speaker; assign to previous identified speaker ==> TUAN_ZAIRIL_KHIR_JOHARI_BUKIT_BENDERA
Page 107
===========
Found no speaker; assign to previous identified speaker ==> TUAN_ZAIRIL_KHIR_JOHARI_BUKIT_BENDERA
Page 108
===========
Found at least one speaker :) ... replacing >>> 
Page 109
===========
Found at least one speaker :) ... replacing >>> 
Page 110
===========
Found no speaker; assign to previous identified speaker ==> DATUK_SHABUDIN_BIN_YAHAYA_TASEK_GELUGOR
Page 111
===========
Found at least one speaker :) ... replacing >>> 
Page 112
===========
Found at least one speaker :) ... replacing >>> 
Page 113
===========
Found at least one speaker :) ... replacing >>> 
Page 114
===========
Found at least one speaker :) ... replacing >>> 
Page 115
===========
Found at least one speaker :) ... replacing >>> 
Page 116
===========
Found at least one speaker :) ... replacing >>> 
Page 117
===========
Found at least one speaker :) ... replacing >>> 
Page 118
===========
Found at least one speaker :) ... replacing >>> 
Page 119
===========
Found no speaker; assign to previous identified speaker ==> DATO_HAJI_ABDUL_RAHMAN_BIN_MOHAMAD_LIPIS
Page 120
===========
Found at least one speaker :) ... replacing >>> 
Page 121
===========
Found at least one speaker :) ... replacing >>> 
Page 122
===========
Found no speaker; assign to previous identified speaker ==> DATO_HAJI_MOHD_ZAIM_BIN_ABU_HASAN_PARIT
Page 123
===========
Found at least one speaker :) ... replacing >>> 
Page 124
===========
Found no speaker; assign to previous identified speaker ==> PENDAPAT_DALAM_DASAR_PENDIDIKAN_INI_IAITU
Page 125
===========
Found at least one speaker :) ... replacing >>> 
Page 126
===========
Found at least one speaker :) ... replacing >>> 
Page 127
===========
Found at least one speaker :) ... replacing >>> 
Page 128
===========
Found at least one speaker :) ... replacing >>> 
Page 129
===========
Found at least one speaker :) ... replacing >>> 
Page 130
===========
Found at least one speaker :) ... replacing >>> 
Page 131
===========
Found no speaker; assign to previous identified speaker ==> TUAN_MANIVANNAN_AL_GOWINDASAMY_KAPAR
Page 132
===========
Found at least one speaker :) ... replacing >>> 
Page 133
===========
Found no speaker; assign to previous identified speaker ==> PUAN_P_KASTHURIRAANI_AP_PATTO_BATU_KAWAN
Page 134
===========
Found no speaker; assign to previous identified speaker ==> PUAN_P_KASTHURIRAANI_AP_PATTO_BATU_KAWAN
Page 135
===========
Found no speaker; assign to previous identified speaker ==> PUAN_P_KASTHURIRAANI_AP_PATTO_BATU_KAWAN
Page 136
===========
Found at least one speaker :) ... replacing >>> 
Page 137
===========
Found at least one speaker :) ... replacing >>> 
Page 138
===========
Found at least one speaker :) ... replacing >>> 
Page 139
===========
Found no speaker; assign to previous identified speaker ==> TUAN_P_KAMALANATHAN_AL_P_PANCHANATHAN
Page 140
===========
Found at least one speaker :) ... replacing >>> 
Page 141
===========
Found at least one speaker :) ... replacing >>> 
Page 142
===========
Found no speaker; assign to previous identified speaker ==> TUAN_P_KAMALANATHAN_AL_P_PANCHANATHAN
Page 143
===========
Found at least one speaker :) ... replacing >>> 
Page 144
===========
Found at least one speaker :) ... replacing >>> 
Page 145
===========
Found at least one speaker :) ... replacing >>> 
Page 146
===========
Found at least one speaker :) ... replacing >>> 
Page 147
===========
Found at least one speaker :) ... replacing >>> 
Page 148
===========
Found at least one speaker :) ... replacing >>> 
Page 149
===========
Found at least one speaker :) ... replacing >>> 
Page 150
===========
Found at least one speaker :) ... replacing >>> 
Page 151
===========
Found at least one speaker :) ... replacing >>> 
Page 152
===========
Found no speaker; assign to previous identified speaker ==> TUAN_P_KAMALANATHAN_AL_P_PANCHANATHAN
Page 153
===========
Found at least one speaker :) ... replacing >>> 
Page 154
===========
Found at least one speaker :) ... replacing >>> 
Page 155
===========
Found at least one speaker :) ... replacing >>> 
Page 156
===========
Found at least one speaker :) ... replacing >>> 
For current block with title: Maksud P 46 start page is 156 and end page is 186
Page 156
===========
Found at least one speaker :) ... replacing >>> 
Page 157
===========
Found at least one speaker :) ... replacing >>> 
Page 158
===========
Found no speaker; assign to previous identified speaker ==> TUAN_SIM_TZE_TZIN_BAYAN_BARU
Page 159
===========
Found at least one speaker :) ... replacing >>> 
Page 160
===========
Found at least one speaker :) ... replacing >>> 
Page 161
===========
Found at least one speaker :) ... replacing >>> 
Page 162
===========
Found at least one speaker :) ... replacing >>> 
Page 163
===========
Found at least one speaker :) ... replacing >>> 
Page 164
===========
Found at least one speaker :) ... replacing >>> 
Page 165
===========
Found at least one speaker :) ... replacing >>> 
Page 166
===========
Found at least one speaker :) ... replacing >>> 
Page 167
===========
Found at least one speaker :) ... replacing >>> 
Page 168
===========
Found at least one speaker :) ... replacing >>> 
Page 169
===========
Found at least one speaker :) ... replacing >>> 
Page 170
===========
Found at least one speaker :) ... replacing >>> 
Page 171
===========
Found at least one speaker :) ... replacing >>> 
Page 172
===========
Found at least one speaker :) ... replacing >>> 
Page 173
===========
Found no speaker; assign to previous identified speaker ==> TUAN_ZAIRIL_KHIR_JOHARI_BUKIT_BENDERA
Page 174
===========
Found at least one speaker :) ... replacing >>> 
Page 175
===========
Found at least one speaker :) ... replacing >>> 
Page 176
===========
Found at least one speaker :) ... replacing >>> 
Page 177
===========
Found at least one speaker :) ... replacing >>> 
Page 178
===========
Found at least one speaker :) ... replacing >>> 
Page 179
===========
Found at least one speaker :) ... replacing >>> 
Page 180
===========
Found at least one speaker :) ... replacing >>> 
Page 181
===========
Found at least one speaker :) ... replacing >>> 
Page 182
===========
Found at least one speaker :) ... replacing >>> 
Page 183
===========
Found at least one speaker :) ... replacing >>> 
Page 184
===========
Found at least one speaker :) ... replacing >>> 
Page 185
===========
Found at least one speaker :) ... replacing >>> 
Page 186
===========
Found at least one speaker :) ... replacing >>> 
Final ERR Count: 126
