PROCESSING DR-03112015 in /Users/leow/Desktop/PROJECTS/SINARPROJECT/parliamentmy-split/
Inside the function processHansardFile with meta of all
PROCESSING DR-03112015 in /Users/leow/Desktop/PROJECTS/SINARPROJECT/parliamentmy-split/
Title is: JAWAPAN-JAWAPAN LISAN BAGI PERTANYAAN-PERTANYAAN
Start Page is: 1
Title is: Rang Undang-undang Perbekalan 2016
Start Page is: 32
Title is: Waktu Mesyuarat dan Urusan Dibebaskan Daripada Peraturan Mesyuarat
Start Page is: 24
Title is: Anggaran Pembangunan 2016
Start Page is: 32
Sorted Pages and Title
=======================
Calculated block starting at page 1 end at page 23
Calculated block starting at page 24 end at page 31
FINALLY: Block starting at page 32 end at page 200
Copying to the file JAWAPAN JAWAPAN LISAN BAGI PERTANYAAN PERTANYAAN.pdf starting from page 2 till page 24
Copying to the file Waktu Mesyuarat dan Urusan Dibebaskan Daripada Peraturan Mesyuarat.pdf starting from page 25 till page 32
Copying to the file Anggaran Pembangunan 2016.pdf starting from page 33 till page 201
Copying to the file 0-intro.pdf starting from page 1 till page 1
For current block with title: JAWAPAN JAWAPAN LISAN BAGI PERTANYAAN PERTANYAAN start page is 2 and end page is 24
Page 2
===========
Found at least one speaker :) ... replacing >>> 
Page 3
===========
Found at least one speaker :) ... replacing >>> 
Page 4
===========
Found at least one speaker :) ... replacing >>> 
Page 5
===========
Found at least one speaker :) ... replacing >>> 
Page 6
===========
Found no speaker; assign to previous identified speaker ==> TUAN_KHAIRY_JAMALUDDIN
Page 7
===========
Found at least one speaker :) ... replacing >>> 
Page 8
===========
Found at least one speaker :) ... replacing >>> 
Page 9
===========
Found at least one speaker :) ... replacing >>> 
Page 10
===========
Found at least one speaker :) ... replacing >>> 
Page 11
===========
Found at least one speaker :) ... replacing >>> 
Page 12
===========
Found at least one speaker :) ... replacing >>> 
Page 13
===========
Found at least one speaker :) ... replacing >>> 
Page 14
===========
Found at least one speaker :) ... replacing >>> 
Page 15
===========
Found at least one speaker :) ... replacing >>> 
Page 16
===========
Found at least one speaker :) ... replacing >>> 
Page 17
===========
Found at least one speaker :) ... replacing >>> 
Page 18
===========
Found at least one speaker :) ... replacing >>> 
Page 19
===========
Found at least one speaker :) ... replacing >>> 
Page 20
===========
Found at least one speaker :) ... replacing >>> 
Page 21
===========
Found at least one speaker :) ... replacing >>> 
Page 22
===========
Found at least one speaker :) ... replacing >>> 
Page 23
===========
Found at least one speaker :) ... replacing >>> 
Page 24
===========
Found at least one speaker :) ... replacing >>> 
Page 25
===========
Found at least one speaker :) ... replacing >>> 
For current block with title: Waktu Mesyuarat dan Urusan Dibebaskan Daripada Peraturan Mesyuarat start page is 25 and end page is 32
Page 25
===========
Found at least one speaker :) ... replacing >>> 
Page 26
===========
Found at least one speaker :) ... replacing >>> 
Page 27
===========
Found at least one speaker :) ... replacing >>> 
Page 28
===========
Found at least one speaker :) ... replacing >>> 
Page 29
===========
Found at least one speaker :) ... replacing >>> 
Page 30
===========
Found at least one speaker :) ... replacing >>> 
Page 31
===========
Found at least one speaker :) ... replacing >>> 
Page 32
===========
Found at least one speaker :) ... replacing >>> 
Page 33
===========
Found at least one speaker :) ... replacing >>> 
For current block with title: Anggaran Pembangunan 2016 start page is 33 and end page is 201
Page 33
===========
Found at least one speaker :) ... replacing >>> 
Page 34
===========
Found at least one speaker :) ... replacing >>> 
Page 35
===========
Found at least one speaker :) ... replacing >>> 
Page 36
===========
Found at least one speaker :) ... replacing >>> 
Page 37
===========
Found at least one speaker :) ... replacing >>> 
Page 38
===========
Found at least one speaker :) ... replacing >>> 
Page 39
===========
Found at least one speaker :) ... replacing >>> 
Page 40
===========
Found at least one speaker :) ... replacing >>> 
Page 41
===========
Found at least one speaker :) ... replacing >>> 
Page 42
===========
Found at least one speaker :) ... replacing >>> 
Page 43
===========
Found at least one speaker :) ... replacing >>> 
Page 44
===========
Found at least one speaker :) ... replacing >>> 
Page 45
===========
Found at least one speaker :) ... replacing >>> 
Page 46
===========
Found at least one speaker :) ... replacing >>> 
Page 47
===========
Found at least one speaker :) ... replacing >>> 
Page 48
===========
Found no speaker; assign to previous identified speaker ==> TUAN_SIM_CHEE_KEONG_BUKIT_MERTAJAM
Page 49
===========
Found at least one speaker :) ... replacing >>> 
Page 50
===========
Found no speaker; assign to previous identified speaker ==> TUAN_SIM_CHEE_KEONG_BUKIT_MERTAJAM
Page 51
===========
Found at least one speaker :) ... replacing >>> 
Page 52
===========
Found at least one speaker :) ... replacing >>> 
Page 53
===========
Found at least one speaker :) ... replacing >>> 
Page 54
===========
Found at least one speaker :) ... replacing >>> 
Page 55
===========
Found at least one speaker :) ... replacing >>> 
Page 56
===========
Found at least one speaker :) ... replacing >>> 
Page 57
===========
Found at least one speaker :) ... replacing >>> 
Page 58
===========
Found no speaker; assign to previous identified speaker ==> TAN_SRI_DATUK_SERI_PANGLIMA_HAJI_ANNUAR_BIN_HAJI_MUSA_KETEREH
Page 59
===========
Found at least one speaker :) ... replacing >>> 
Page 60
===========
Found at least one speaker :) ... replacing >>> 
Page 61
===========
Found at least one speaker :) ... replacing >>> 
Page 62
===========
Found at least one speaker :) ... replacing >>> 
Page 63
===========
Found no speaker; assign to previous identified speaker ==> DATO_DR_NIK_MAZIAN_NIK_MOHAMAD_PASIR_PUTEH
Page 64
===========
Found at least one speaker :) ... replacing >>> 
Page 65
===========
Found at least one speaker :) ... replacing >>> 
Page 66
===========
Found at least one speaker :) ... replacing >>> 
Page 67
===========
Found at least one speaker :) ... replacing >>> 
Page 68
===========
Found no speaker; assign to previous identified speaker ==> DATO_DR_NIK_MAZIAN_NIK_MOHAMAD_PASIR_PUTEH
Page 69
===========
Found at least one speaker :) ... replacing >>> 
Page 70
===========
Found at least one speaker :) ... replacing >>> 
Page 71
===========
Found no speaker; assign to previous identified speaker ==> DATO_WAN_MOHAMMAD_KHAIRIL_ANUAR_WAN_AHMAD_KUALA_KANGSAR
Page 72
===========
Found no speaker; assign to previous identified speaker ==> DATO_WAN_MOHAMMAD_KHAIRIL_ANUAR_WAN_AHMAD_KUALA_KANGSAR
Page 73
===========
Found no speaker; assign to previous identified speaker ==> DATO_WAN_MOHAMMAD_KHAIRIL_ANUAR_WAN_AHMAD_KUALA_KANGSAR
Page 74
===========
Found at least one speaker :) ... replacing >>> 
Page 75
===========
Found at least one speaker :) ... replacing >>> 
Page 76
===========
Found no speaker; assign to previous identified speaker ==> TUAN_KO_CHUNG_SEN_KAMPAR
Page 77
===========
Found at least one speaker :) ... replacing >>> 
Page 78
===========
Found at least one speaker :) ... replacing >>> 
Page 79
===========
Found at least one speaker :) ... replacing >>> 
Page 80
===========
Found at least one speaker :) ... replacing >>> 
Page 81
===========
Found at least one speaker :) ... replacing >>> 
Page 82
===========
Found at least one speaker :) ... replacing >>> 
Page 83
===========
Found at least one speaker :) ... replacing >>> 
Page 84
===========
Found no speaker; assign to previous identified speaker ==> MENGURANGKAN_KESAN_KEPADA_KEJATUHAN_EKONOMI_KITA_INI_IAITU
Page 85
===========
Found at least one speaker :) ... replacing >>> 
Page 86
===========
Found at least one speaker :) ... replacing >>> 
Page 87
===========
Found at least one speaker :) ... replacing >>> 
Page 88
===========
Found at least one speaker :) ... replacing >>> 
Page 89
===========
Found at least one speaker :) ... replacing >>> 
Page 90
===========
Found at least one speaker :) ... replacing >>> 
Page 91
===========
Found no speaker; assign to previous identified speaker ==> DATUK_WEE_JECK_SENG_TANJONG_PIAI
Page 92
===========
Found no speaker; assign to previous identified speaker ==> DATUK_WEE_JECK_SENG_TANJONG_PIAI
Page 93
===========
Found no speaker; assign to previous identified speaker ==> DATUK_WEE_JECK_SENG_TANJONG_PIAI
Page 94
===========
Found at least one speaker :) ... replacing >>> 
Page 95
===========
Found at least one speaker :) ... replacing >>> 
Page 96
===========
Found no speaker; assign to previous identified speaker ==> IMONEYMY_YANG_BERTAJUK_BUDGET_2016_SURVEY
Page 97
===========
Found no speaker; assign to previous identified speaker ==> IMONEYMY_YANG_BERTAJUK_BUDGET_2016_SURVEY
Page 98
===========
Found at least one speaker :) ... replacing >>> 
Page 99
===========
Found at least one speaker :) ... replacing >>> 
Page 100
===========
Found no speaker; assign to previous identified speaker ==> PUAN_HAJAH_NORMALA_BINTI_ABDUL_SAMAD_PASIR_GUDANG
Page 101
===========
Found no speaker; assign to previous identified speaker ==> PUAN_HAJAH_NORMALA_BINTI_ABDUL_SAMAD_PASIR_GUDANG
Page 102
===========
Found at least one speaker :) ... replacing >>> 
Page 103
===========
Found at least one speaker :) ... replacing >>> 
Page 104
===========
Found at least one speaker :) ... replacing >>> 
Page 105
===========
Found at least one speaker :) ... replacing >>> 
Page 106
===========
Found at least one speaker :) ... replacing >>> 
Page 107
===========
Found at least one speaker :) ... replacing >>> 
Page 108
===========
Found at least one speaker :) ... replacing >>> 
Page 109
===========
Found at least one speaker :) ... replacing >>> 
Page 110
===========
Found at least one speaker :) ... replacing >>> 
Page 111
===========
Found at least one speaker :) ... replacing >>> 
Page 112
===========
Found at least one speaker :) ... replacing >>> 
Page 113
===========
Found at least one speaker :) ... replacing >>> 
Page 114
===========
Found at least one speaker :) ... replacing >>> 
Page 115
===========
Found at least one speaker :) ... replacing >>> 
Page 116
===========
Found at least one speaker :) ... replacing >>> 
Page 117
===========
Found at least one speaker :) ... replacing >>> 
Page 118
===========
Found no speaker; assign to previous identified speaker ==> TUAN_MOHAMED_HANIPA_BIN_MAIDIN_SEPANG
Page 119
===========
Found no speaker; assign to previous identified speaker ==> TUAN_MOHAMED_HANIPA_BIN_MAIDIN_SEPANG
Page 120
===========
Found at least one speaker :) ... replacing >>> 
Page 121
===========
Found at least one speaker :) ... replacing >>> 
Page 122
===========
Found at least one speaker :) ... replacing >>> 
Page 123
===========
Found no speaker; assign to previous identified speaker ==> DATUK_ABDUL_RAHIM_BIN_BAKRI_KUDAT
Page 124
===========
Found no speaker; assign to previous identified speaker ==> DATUK_ABDUL_RAHIM_BIN_BAKRI_KUDAT
Page 125
===========
Found at least one speaker :) ... replacing >>> 
Page 126
===========
Found at least one speaker :) ... replacing >>> 
Page 127
===========
Found no speaker; assign to previous identified speaker ==> DR_MANSOR_BIN_HAJI_ABD_RAHMAN_SIK
Page 128
===========
Found no speaker; assign to previous identified speaker ==> DR_MANSOR_BIN_HAJI_ABD_RAHMAN_SIK
Page 129
===========
Found no speaker; assign to previous identified speaker ==> DR_MANSOR_BIN_HAJI_ABD_RAHMAN_SIK
Page 130
===========
Found at least one speaker :) ... replacing >>> 
Page 131
===========
Found no speaker; assign to previous identified speaker ==> TUAN_WONG_TIEN_FATT_WONG_NYUK_FOH_SANDAKAN
Page 132
===========
Found no speaker; assign to previous identified speaker ==> TUAN_WONG_TIEN_FATT_WONG_NYUK_FOH_SANDAKAN
Page 133
===========
Found no speaker; assign to previous identified speaker ==> TUAN_WONG_TIEN_FATT_WONG_NYUK_FOH_SANDAKAN
Page 134
===========
Found at least one speaker :) ... replacing >>> 
Page 135
===========
Found no speaker; assign to previous identified speaker ==> DATUK_JOSEPH_SALANG_ANAK_GANDUM_JULAU
Page 136
===========
Found no speaker; assign to previous identified speaker ==> DATUK_JOSEPH_SALANG_ANAK_GANDUM_JULAU
Page 137
===========
Found at least one speaker :) ... replacing >>> 
Page 138
===========
Found at least one speaker :) ... replacing >>> 
Page 139
===========
Found no speaker; assign to previous identified speaker ==> TUAN_MANIVANNAN_AL_GOWINDASAMY_KAPAR
Page 140
===========
Found no speaker; assign to previous identified speaker ==> TUAN_MANIVANNAN_AL_GOWINDASAMY_KAPAR
Page 141
===========
Found at least one speaker :) ... replacing >>> 
Page 142
===========
Found at least one speaker :) ... replacing >>> 
Page 143
===========
Found at least one speaker :) ... replacing >>> 
Page 144
===========
Found no speaker; assign to previous identified speaker ==> PUAN_P_KASTHURIRAANI_AP_PATTO_BATU_KAWAN
Page 145
===========
Found at least one speaker :) ... replacing >>> 
Page 146
===========
Found at least one speaker :) ... replacing >>> 
Page 147
===========
Found at least one speaker :) ... replacing >>> 
Page 148
===========
Found at least one speaker :) ... replacing >>> 
Page 149
===========
Found at least one speaker :) ... replacing >>> 
Page 150
===========
Found at least one speaker :) ... replacing >>> 
Page 151
===========
Found no speaker; assign to previous identified speaker ==> PUAN_P_KASTHURIRAANI_AP_PATTO_BATU_KAWAN
Page 152
===========
Found at least one speaker :) ... replacing >>> 
Page 153
===========
Found at least one speaker :) ... replacing >>> 
Page 154
===========
Found no speaker; assign to previous identified speaker ==> TUAN_ANYI_NGAU_BARAM
Page 155
===========
Found at least one speaker :) ... replacing >>> 
Page 156
===========
Found no speaker; assign to previous identified speaker ==> DR_CHE_ROSLI_BIN_CHE_MAT_HULU_LANGAT
Page 157
===========
Found no speaker; assign to previous identified speaker ==> DR_CHE_ROSLI_BIN_CHE_MAT_HULU_LANGAT
Page 158
===========
Found at least one speaker :) ... replacing >>> 
Page 159
===========
Found at least one speaker :) ... replacing >>> 
Page 160
===========
Found at least one speaker :) ... replacing >>> 
Page 161
===========
Found at least one speaker :) ... replacing >>> 
Page 162
===========
Found at least one speaker :) ... replacing >>> 
Page 163
===========
Found no speaker; assign to previous identified speaker ==> TAN_SRI_DATUK_SERI_UTAMA_SHAHRIR_BIN_ABDUL_SAMAD_JOHOR_BAHRU
Page 164
===========
Found at least one speaker :) ... replacing >>> 
Page 165
===========
Found at least one speaker :) ... replacing >>> 
Page 166
===========
Found at least one speaker :) ... replacing >>> 
Page 167
===========
Found at least one speaker :) ... replacing >>> 
Page 168
===========
Found at least one speaker :) ... replacing >>> 
Page 169
===========
Found at least one speaker :) ... replacing >>> 
Page 170
===========
Found at least one speaker :) ... replacing >>> 
Page 171
===========
Found at least one speaker :) ... replacing >>> 
Page 172
===========
Found at least one speaker :) ... replacing >>> 
Page 173
===========
Found at least one speaker :) ... replacing >>> 
Page 174
===========
Found at least one speaker :) ... replacing >>> 
Page 175
===========
Found no speaker; assign to previous identified speaker ==> DATUK_DR_ABD_LATIFF_AHMAD_MERSING
Page 176
===========
Found at least one speaker :) ... replacing >>> 
Page 177
===========
Found no speaker; assign to previous identified speaker ==> DATUK_MOHD_IDRIS_BIN_JUSI_BATU_PAHAT
Page 178
===========
Found at least one speaker :) ... replacing >>> 
Page 179
===========
Found at least one speaker :) ... replacing >>> 
Page 180
===========
Found at least one speaker :) ... replacing >>> 
Page 181
===========
Found at least one speaker :) ... replacing >>> 
Page 182
===========
Found no speaker; assign to previous identified speaker ==> TUAN_ER_TECK_HWA_BAKRI
Page 183
===========
Found at least one speaker :) ... replacing >>> 
Page 184
===========
Found no speaker; assign to previous identified speaker ==> DATO_TAKIYUDDIN_BIN_HASSAN_KOTA_BHARU
Page 185
===========
Found at least one speaker :) ... replacing >>> 
Page 186
===========
Found at least one speaker :) ... replacing >>> 
Page 187
===========
Found no speaker; assign to previous identified speaker ==> TUAN_RAMKARPAL_SINGH_AL_KARPAL_SINGH_BUKIT_GELUGOR
Page 188
===========
Found at least one speaker :) ... replacing >>> 
Page 189
===========
Found no speaker; assign to previous identified speaker ==> TUAN_OSCAR_LING_CHAI_YEW_SIBU
Page 190
===========
Found at least one speaker :) ... replacing >>> 
Page 191
===========
Found at least one speaker :) ... replacing >>> 
Page 192
===========
Found at least one speaker :) ... replacing >>> 
Page 193
===========
Found at least one speaker :) ... replacing >>> 
Page 194
===========
Found no speaker; assign to previous identified speaker ==> DATO_FAUZI_BIN_ABDUL_RAHMAN_INDERA_MAHKOTA
Page 195
===========
Found no speaker; assign to previous identified speaker ==> DATO_FAUZI_BIN_ABDUL_RAHMAN_INDERA_MAHKOTA
Page 196
===========
Found at least one speaker :) ... replacing >>> 
Page 197
===========
Found no speaker; assign to previous identified speaker ==> TUAN_OOI_CHUAN_AUN_JELUTONG
Page 198
===========
Found at least one speaker :) ... replacing >>> 
Page 199
===========
Found no speaker; assign to previous identified speaker ==> DATO_HAJI_MAHFUZ_BIN_HAJI_OMAR_POKOK_SENA
Page 200
===========
Found at least one speaker :) ... replacing >>> 
Page 201
===========
Found at least one speaker :) ... replacing >>> 
Final ERR Count: 118
