PROCESSING DR-04112015 in /Users/leow/Desktop/PROJECTS/SINARPROJECT/parliamentmy-split/
Inside the function processHansardFile with meta of all
PROCESSING DR-04112015 in /Users/leow/Desktop/PROJECTS/SINARPROJECT/parliamentmy-split/
Title is: JAWAPAN-JAWAPAN LISAN BAGI PERTANYAAN-PERTANYAAN
Start Page is: 1
Title is: Rang Undang-undang Perbekalan 2016
Start Page is: 32
Title is: Waktu Mesyuarat dan Urusan Dibebaskan Daripada Peraturan Mesyuarat
Start Page is: 26
Title is: Anggaran Pembangunan 2016
Start Page is: 32
Sorted Pages and Title
=======================
Calculated block starting at page 1 end at page 25
Calculated block starting at page 26 end at page 31
FINALLY: Block starting at page 32 end at page 239
Copying to the file JAWAPAN JAWAPAN LISAN BAGI PERTANYAAN PERTANYAAN.pdf starting from page 2 till page 26
Copying to the file Waktu Mesyuarat dan Urusan Dibebaskan Daripada Peraturan Mesyuarat.pdf starting from page 27 till page 32
Copying to the file Anggaran Pembangunan 2016.pdf starting from page 33 till page 240
Copying to the file 0-intro.pdf starting from page 1 till page 1
For current block with title: JAWAPAN JAWAPAN LISAN BAGI PERTANYAAN PERTANYAAN start page is 2 and end page is 26
Page 2
===========
Found at least one speaker :) ... replacing >>> 
Page 3
===========
Found at least one speaker :) ... replacing >>> 
Page 4
===========
Found at least one speaker :) ... replacing >>> 
Page 5
===========
Found at least one speaker :) ... replacing >>> 
Page 6
===========
Found no speaker; assign to previous identified speaker ==> DATO_SERI_DR_SHAHIDAN_BIN_KASSIM
Page 7
===========
Found at least one speaker :) ... replacing >>> 
Page 8
===========
Found at least one speaker :) ... replacing >>> 
Page 9
===========
Found at least one speaker :) ... replacing >>> 
Page 10
===========
Found at least one speaker :) ... replacing >>> 
Page 11
===========
Found at least one speaker :) ... replacing >>> 
Page 12
===========
Found no speaker; assign to previous identified speaker ==> MENTERI_SAINS_TEKNOLOGI_DAN_INOVASI_DATUK_WILFRED_MADIUS_BIN_TANGAU
Page 13
===========
Found at least one speaker :) ... replacing >>> 
Page 14
===========
Found at least one speaker :) ... replacing >>> 
Page 15
===========
Found at least one speaker :) ... replacing >>> 
Page 16
===========
Found at least one speaker :) ... replacing >>> 
Page 17
===========
Found at least one speaker :) ... replacing >>> 
Page 18
===========
Found at least one speaker :) ... replacing >>> 
Page 19
===========
Found at least one speaker :) ... replacing >>> 
Page 20
===========
Found at least one speaker :) ... replacing >>> 
Page 21
===========
Found at least one speaker :) ... replacing >>> 
Page 22
===========
Found at least one speaker :) ... replacing >>> 
Page 23
===========
Found at least one speaker :) ... replacing >>> 
Page 24
===========
Found at least one speaker :) ... replacing >>> 
Page 25
===========
Found at least one speaker :) ... replacing >>> 
Page 26
===========
Found at least one speaker :) ... replacing >>> 
Page 27
===========
Found at least one speaker :) ... replacing >>> 
For current block with title: Waktu Mesyuarat dan Urusan Dibebaskan Daripada Peraturan Mesyuarat start page is 27 and end page is 32
Page 27
===========
Found at least one speaker :) ... replacing >>> 
Page 28
===========
Found at least one speaker :) ... replacing >>> 
Page 29
===========
Found no speaker; assign to previous identified speaker ==> TUAN_YANG_DIPERTUA
Page 30
===========
Found at least one speaker :) ... replacing >>> 
Page 31
===========
Found at least one speaker :) ... replacing >>> 
Page 32
===========
Found at least one speaker :) ... replacing >>> 
Page 33
===========
Found at least one speaker :) ... replacing >>> 
For current block with title: Anggaran Pembangunan 2016 start page is 33 and end page is 240
Page 33
===========
Found at least one speaker :) ... replacing >>> 
Page 34
===========
Found no speaker; assign to previous identified speaker ==> DATO_SERI_DR_AHMAD_ZAHID_BIN_HAMIDI_MENTERI_DALAM_NEGERI
Page 35
===========
Found at least one speaker :) ... replacing >>> 
Page 36
===========
Found at least one speaker :) ... replacing >>> 
Page 37
===========
Found at least one speaker :) ... replacing >>> 
Page 38
===========
Found at least one speaker :) ... replacing >>> 
Page 39
===========
Found at least one speaker :) ... replacing >>> 
Page 40
===========
Found at least one speaker :) ... replacing >>> 
Page 41
===========
Found at least one speaker :) ... replacing >>> 
Page 42
===========
Found at least one speaker :) ... replacing >>> 
Page 43
===========
Found at least one speaker :) ... replacing >>> 
Page 44
===========
Found at least one speaker :) ... replacing >>> 
Page 45
===========
Found at least one speaker :) ... replacing >>> 
Page 46
===========
Found at least one speaker :) ... replacing >>> 
Page 47
===========
Found at least one speaker :) ... replacing >>> 
Page 48
===========
Found at least one speaker :) ... replacing >>> 
Page 49
===========
Found at least one speaker :) ... replacing >>> 
Page 50
===========
Found at least one speaker :) ... replacing >>> 
Page 51
===========
Found at least one speaker :) ... replacing >>> 
Page 52
===========
Found at least one speaker :) ... replacing >>> 
Page 53
===========
Found at least one speaker :) ... replacing >>> 
Page 54
===========
Found at least one speaker :) ... replacing >>> 
Page 55
===========
Found at least one speaker :) ... replacing >>> 
Page 56
===========
Found at least one speaker :) ... replacing >>> 
Page 57
===========
Found at least one speaker :) ... replacing >>> 
Page 58
===========
Found at least one speaker :) ... replacing >>> 
Page 59
===========
Found at least one speaker :) ... replacing >>> 
Page 60
===========
Found at least one speaker :) ... replacing >>> 
Page 61
===========
Found at least one speaker :) ... replacing >>> 
Page 62
===========
Found at least one speaker :) ... replacing >>> 
Page 63
===========
Found no speaker; assign to previous identified speaker ==> DATO_SERI_DR_AHMAD_ZAHID_BIN_HAMIDI
Page 64
===========
Found at least one speaker :) ... replacing >>> 
Page 65
===========
Found at least one speaker :) ... replacing >>> 
Page 66
===========
Found at least one speaker :) ... replacing >>> 
Page 67
===========
Found at least one speaker :) ... replacing >>> 
Page 68
===========
Found at least one speaker :) ... replacing >>> 
Page 69
===========
Found at least one speaker :) ... replacing >>> 
Page 70
===========
Found at least one speaker :) ... replacing >>> 
Page 71
===========
Found at least one speaker :) ... replacing >>> 
Page 72
===========
Found at least one speaker :) ... replacing >>> 
Page 73
===========
Found at least one speaker :) ... replacing >>> 
Page 74
===========
Found at least one speaker :) ... replacing >>> 
Page 75
===========
Found at least one speaker :) ... replacing >>> 
Page 76
===========
Found at least one speaker :) ... replacing >>> 
Page 77
===========
Found at least one speaker :) ... replacing >>> 
Page 78
===========
Found at least one speaker :) ... replacing >>> 
Page 79
===========
Found at least one speaker :) ... replacing >>> 
Page 80
===========
Found at least one speaker :) ... replacing >>> 
Page 81
===========
Found at least one speaker :) ... replacing >>> 
Page 82
===========
Found at least one speaker :) ... replacing >>> 
Page 83
===========
Found at least one speaker :) ... replacing >>> 
Page 84
===========
Found at least one speaker :) ... replacing >>> 
Page 85
===========
Found at least one speaker :) ... replacing >>> 
Page 86
===========
Found at least one speaker :) ... replacing >>> 
Page 87
===========
Found at least one speaker :) ... replacing >>> 
Page 88
===========
Found at least one speaker :) ... replacing >>> 
Page 89
===========
Found at least one speaker :) ... replacing >>> 
Page 90
===========
Found at least one speaker :) ... replacing >>> 
Page 91
===========
Found at least one speaker :) ... replacing >>> 
Page 92
===========
Found at least one speaker :) ... replacing >>> 
Page 93
===========
Found at least one speaker :) ... replacing >>> 
Page 94
===========
Found at least one speaker :) ... replacing >>> 
Page 95
===========
Found at least one speaker :) ... replacing >>> 
Page 96
===========
Found at least one speaker :) ... replacing >>> 
Page 97
===========
Found at least one speaker :) ... replacing >>> 
Page 98
===========
Found at least one speaker :) ... replacing >>> 
Page 99
===========
Found at least one speaker :) ... replacing >>> 
Page 100
===========
Found at least one speaker :) ... replacing >>> 
Page 101
===========
Found at least one speaker :) ... replacing >>> 
Page 102
===========
Found at least one speaker :) ... replacing >>> 
Page 103
===========
Found at least one speaker :) ... replacing >>> 
Page 104
===========
Found at least one speaker :) ... replacing >>> 
Page 105
===========
Found no speaker; assign to previous identified speaker ==> KEPADA_KRITERIA_SEPERTI
Page 106
===========
Found at least one speaker :) ... replacing >>> 
Page 107
===========
Found at least one speaker :) ... replacing >>> 
Page 108
===========
Found at least one speaker :) ... replacing >>> 
Page 109
===========
Found no speaker; assign to previous identified speaker ==> AKTA_BAHASA_KEBANGSAAN_AKTA_32
Page 110
===========
Found at least one speaker :) ... replacing >>> 
Page 111
===========
Found at least one speaker :) ... replacing >>> 
Page 112
===========
Found at least one speaker :) ... replacing >>> 
Page 113
===========
Found at least one speaker :) ... replacing >>> 
Page 114
===========
Found at least one speaker :) ... replacing >>> 
Page 115
===========
Found at least one speaker :) ... replacing >>> 
Page 116
===========
Found at least one speaker :) ... replacing >>> 
Page 117
===========
Found at least one speaker :) ... replacing >>> 
Page 118
===========
Found at least one speaker :) ... replacing >>> 
Page 119
===========
Found at least one speaker :) ... replacing >>> 
Page 120
===========
Found at least one speaker :) ... replacing >>> 
Page 121
===========
Found at least one speaker :) ... replacing >>> 
Page 122
===========
Found at least one speaker :) ... replacing >>> 
Page 123
===========
Found no speaker; assign to previous identified speaker ==> DATO_SRI_AZALINA_DATO_OTHMAN_SAID
Page 124
===========
Found at least one speaker :) ... replacing >>> 
Page 125
===========
Found at least one speaker :) ... replacing >>> 
Page 126
===========
Found at least one speaker :) ... replacing >>> 
Page 127
===========
Found at least one speaker :) ... replacing >>> 
Page 128
===========
Found at least one speaker :) ... replacing >>> 
Page 129
===========
Found at least one speaker :) ... replacing >>> 
Page 130
===========
Found at least one speaker :) ... replacing >>> 
Page 131
===========
Found at least one speaker :) ... replacing >>> 
Page 132
===========
Found at least one speaker :) ... replacing >>> 
Page 133
===========
Found at least one speaker :) ... replacing >>> 
Page 134
===========
Found at least one speaker :) ... replacing >>> 
Page 135
===========
Found at least one speaker :) ... replacing >>> 
Page 136
===========
Found at least one speaker :) ... replacing >>> 
Page 137
===========
Found at least one speaker :) ... replacing >>> 
Page 138
===========
Found at least one speaker :) ... replacing >>> 
Page 139
===========
Found at least one speaker :) ... replacing >>> 
Page 140
===========
Found at least one speaker :) ... replacing >>> 
Page 141
===========
Found at least one speaker :) ... replacing >>> 
Page 142
===========
Found at least one speaker :) ... replacing >>> 
Page 143
===========
Found at least one speaker :) ... replacing >>> 
Page 144
===========
Found at least one speaker :) ... replacing >>> 
Page 145
===========
Found at least one speaker :) ... replacing >>> 
Page 146
===========
Found at least one speaker :) ... replacing >>> 
Page 147
===========
Found at least one speaker :) ... replacing >>> 
Page 148
===========
Found at least one speaker :) ... replacing >>> 
Page 149
===========
Found at least one speaker :) ... replacing >>> 
Page 150
===========
Found at least one speaker :) ... replacing >>> 
Page 151
===========
Found at least one speaker :) ... replacing >>> 
Page 152
===========
Found at least one speaker :) ... replacing >>> 
Page 153
===========
Found at least one speaker :) ... replacing >>> 
Page 154
===========
Found no speaker; assign to previous identified speaker ==> MENTERI_DI_JABATAN_PERDANA_MENTERI_PUAN_HAJAH_NANCY_BINTI_SHUKRI
Page 155
===========
Found at least one speaker :) ... replacing >>> 
Page 156
===========
Found at least one speaker :) ... replacing >>> 
Page 157
===========
Found at least one speaker :) ... replacing >>> 
Page 158
===========
Found at least one speaker :) ... replacing >>> 
Page 159
===========
Found at least one speaker :) ... replacing >>> 
Page 160
===========
Found at least one speaker :) ... replacing >>> 
Page 161
===========
Found at least one speaker :) ... replacing >>> 
Page 162
===========
Found at least one speaker :) ... replacing >>> 
Page 163
===========
Found at least one speaker :) ... replacing >>> 
Page 164
===========
Found at least one speaker :) ... replacing >>> 
Page 165
===========
Found no speaker; assign to previous identified speaker ==> DATO_SRI_ABDUL_WAHID_OMAR
Page 166
===========
Found at least one speaker :) ... replacing >>> 
Page 167
===========
Found at least one speaker :) ... replacing >>> 
Page 168
===========
Found at least one speaker :) ... replacing >>> 
Page 169
===========
Found at least one speaker :) ... replacing >>> 
Page 170
===========
Found at least one speaker :) ... replacing >>> 
Page 171
===========
Found at least one speaker :) ... replacing >>> 
Page 172
===========
Found at least one speaker :) ... replacing >>> 
Page 173
===========
Found at least one speaker :) ... replacing >>> 
Page 174
===========
Found at least one speaker :) ... replacing >>> 
Page 175
===========
Found at least one speaker :) ... replacing >>> 
Page 176
===========
Found at least one speaker :) ... replacing >>> 
Page 177
===========
Found at least one speaker :) ... replacing >>> 
Page 178
===========
Found at least one speaker :) ... replacing >>> 
Page 179
===========
Found at least one speaker :) ... replacing >>> 
Page 180
===========
Found at least one speaker :) ... replacing >>> 
Page 181
===========
Found at least one speaker :) ... replacing >>> 
Page 182
===========
Found at least one speaker :) ... replacing >>> 
Page 183
===========
Found at least one speaker :) ... replacing >>> 
Page 184
===========
Found at least one speaker :) ... replacing >>> 
Page 185
===========
Found at least one speaker :) ... replacing >>> 
Page 186
===========
Found at least one speaker :) ... replacing >>> 
Page 187
===========
Found at least one speaker :) ... replacing >>> 
Page 188
===========
Found at least one speaker :) ... replacing >>> 
Page 189
===========
Found at least one speaker :) ... replacing >>> 
Page 190
===========
Found at least one speaker :) ... replacing >>> 
Page 191
===========
Found at least one speaker :) ... replacing >>> 
Page 192
===========
Found at least one speaker :) ... replacing >>> 
Page 193
===========
Found at least one speaker :) ... replacing >>> 
Page 194
===========
Found at least one speaker :) ... replacing >>> 
Page 195
===========
Found at least one speaker :) ... replacing >>> 
Page 196
===========
Found at least one speaker :) ... replacing >>> 
Page 197
===========
Found at least one speaker :) ... replacing >>> 
Page 198
===========
Found at least one speaker :) ... replacing >>> 
Page 199
===========
Found at least one speaker :) ... replacing >>> 
Page 200
===========
Found at least one speaker :) ... replacing >>> 
Page 201
===========
Found at least one speaker :) ... replacing >>> 
Page 202
===========
Found at least one speaker :) ... replacing >>> 
Page 203
===========
Found at least one speaker :) ... replacing >>> 
Page 204
===========
Found at least one speaker :) ... replacing >>> 
Page 205
===========
Found at least one speaker :) ... replacing >>> 
Page 206
===========
Found at least one speaker :) ... replacing >>> 
Page 207
===========
Found at least one speaker :) ... replacing >>> 
Page 208
===========
Found at least one speaker :) ... replacing >>> 
Page 209
===========
Found at least one speaker :) ... replacing >>> 
Page 210
===========
Found at least one speaker :) ... replacing >>> 
Page 211
===========
Found at least one speaker :) ... replacing >>> 
Page 212
===========
Found at least one speaker :) ... replacing >>> 
Page 213
===========
Found no speaker; assign to previous identified speaker ==> MENTERI_PENGAJIAN_TINGGI_DATO_SERI_HAJI_IDRIS_JUSOH
Page 214
===========
Found at least one speaker :) ... replacing >>> 
Page 215
===========
Found at least one speaker :) ... replacing >>> 
Page 216
===========
Found at least one speaker :) ... replacing >>> 
Page 217
===========
Found at least one speaker :) ... replacing >>> 
Page 218
===========
Found at least one speaker :) ... replacing >>> 
Page 219
===========
Found at least one speaker :) ... replacing >>> 
Page 220
===========
Found at least one speaker :) ... replacing >>> 
Page 221
===========
Found at least one speaker :) ... replacing >>> 
Page 222
===========
Found at least one speaker :) ... replacing >>> 
Page 223
===========
Found at least one speaker :) ... replacing >>> 
Page 224
===========
Found at least one speaker :) ... replacing >>> 
Page 225
===========
Found at least one speaker :) ... replacing >>> 
Page 226
===========
Found at least one speaker :) ... replacing >>> 
Page 227
===========
Found at least one speaker :) ... replacing >>> 
Page 228
===========
Found at least one speaker :) ... replacing >>> 
Page 229
===========
Found no speaker; assign to previous identified speaker ==> SEMULA_HARGA_RUMAH_DI_PASARAN_DAN_MENGAWAL_SPEKULASI_ANTARANYA_IALAH_SEPERTI_BERIKUT
Page 230
===========
Found at least one speaker :) ... replacing >>> 
Page 231
===========
Found at least one speaker :) ... replacing >>> 
Page 232
===========
Found at least one speaker :) ... replacing >>> 
Page 233
===========
Found no speaker; assign to previous identified speaker ==> DATUK_ABDUL_RAHMAN_DAHLAN
Page 234
===========
Found at least one speaker :) ... replacing >>> 
Page 235
===========
Found at least one speaker :) ... replacing >>> 
Page 236
===========
Found at least one speaker :) ... replacing >>> 
Page 237
===========
Found at least one speaker :) ... replacing >>> 
Page 238
===========
Found at least one speaker :) ... replacing >>> 
Page 239
===========
Found at least one speaker :) ... replacing >>> 
Page 240
===========
Found at least one speaker :) ... replacing >>> 
Final ERR Count: 161
