PROCESSING DR-05112015 in /Users/leow/Desktop/PROJECTS/SINARPROJECT/parliamentmy-split/
Inside the function processHansardFile with meta of all
PROCESSING DR-05112015 in /Users/leow/Desktop/PROJECTS/SINARPROJECT/parliamentmy-split/
Title is: JAWAPAN-JAWAPAN LISAN BAGI PERTANYAAN-PERTANYAAN
Start Page is: 1
Title is: Rang undang-undang Perbekalan 2016
Start Page is: 24
Title is: Waktu Mesyuarat dan Urusan Dibebaskan Daripada Peraturan Mesyuarat
Start Page is: 136
Title is: Anggaran Pembangunan 2016
Start Page is: 25
Sorted Pages and Title
=======================
Calculated block starting at page 1 end at page 23
Calculated block starting at page 24 end at page 24
Calculated block starting at page 25 end at page 135
FINALLY: Block starting at page 136 end at page 156
Copying to the file JAWAPAN JAWAPAN LISAN BAGI PERTANYAAN PERTANYAAN.pdf starting from page 2 till page 24
Copying to the file Rang undang undang Perbekalan 2016.pdf starting from page 25 till page 25
Copying to the file Anggaran Pembangunan 2016.pdf starting from page 26 till page 136
Copying to the file Waktu Mesyuarat dan Urusan Dibebaskan Daripada Peraturan Mesyuarat.pdf starting from page 137 till page 157
Copying to the file 0-intro.pdf starting from page 1 till page 1
For current block with title: JAWAPAN JAWAPAN LISAN BAGI PERTANYAAN PERTANYAAN start page is 2 and end page is 24
Page 2
===========
Found at least one speaker :) ... replacing >>> 
Page 3
===========
Found no speaker; assign to previous identified speaker ==> DATO_SERI_HAJI_IDRIS_JUSOH
Page 4
===========
Found at least one speaker :) ... replacing >>> 
Page 5
===========
Found at least one speaker :) ... replacing >>> 
Page 6
===========
Found at least one speaker :) ... replacing >>> 
Page 7
===========
Found at least one speaker :) ... replacing >>> 
Page 8
===========
Found at least one speaker :) ... replacing >>> 
Page 9
===========
Found at least one speaker :) ... replacing >>> 
Page 10
===========
Found at least one speaker :) ... replacing >>> 
Page 11
===========
Found at least one speaker :) ... replacing >>> 
Page 12
===========
Found at least one speaker :) ... replacing >>> 
Page 13
===========
Found at least one speaker :) ... replacing >>> 
Page 14
===========
Found at least one speaker :) ... replacing >>> 
Page 15
===========
Found at least one speaker :) ... replacing >>> 
Page 16
===========
Found at least one speaker :) ... replacing >>> 
Page 17
===========
Found at least one speaker :) ... replacing >>> 
Page 18
===========
Found at least one speaker :) ... replacing >>> 
Page 19
===========
Found at least one speaker :) ... replacing >>> 
Page 20
===========
Found at least one speaker :) ... replacing >>> 
Page 21
===========
Found at least one speaker :) ... replacing >>> 
Page 22
===========
Found at least one speaker :) ... replacing >>> 
Page 23
===========
Found at least one speaker :) ... replacing >>> 
Page 24
===========
Found no speaker; assign to previous identified speaker ==> DATO_SERI_AHMAD_BASHAH_BIN_MD_HANIPAH
Page 25
===========
Found at least one speaker :) ... replacing >>> 
For current block with title: Rang undang undang Perbekalan 2016 start page is 25 and end page is 25
Page 25
===========
Found at least one speaker :) ... replacing >>> 
Page 26
===========
Found at least one speaker :) ... replacing >>> 
For current block with title: Anggaran Pembangunan 2016 start page is 26 and end page is 136
Page 26
===========
Found at least one speaker :) ... replacing >>> 
Page 27
===========
Found at least one speaker :) ... replacing >>> 
Page 28
===========
Found no speaker; assign to previous identified speaker ==> 26_SELEPAS_ITU_KIRAKIRA_TIDAK_BELUM_PASTI_LAGI_TEKS_INI_AKAN_DIBERIKAN_KEPADA_DUA_PIHAK_YANG_SEDANG_MENGKAJI_TPPA_YANG_SEDANG_MEMBUAT_KAJIAN_COST_BENEFIT_ANALYSIS_IAITU_PRICE_WATERHOUSE_COOPERS_AND_ISIS_DAN_KITA_JANGKA_MUNGKIN_DALAM_TEMPOH_DUA_ATAU_TIGA_MINGGU_MEREKA_AKAN_MENYIAPKAN_KAJIAN_INI_JUGA_AKAN_MENJADI_BAHAN_RUJUKAN_KEPADA_UMUM_SEPERTI_YANG_DIJANJIKAN_OLEH_KERAJAAN_TEKS_ATAUPUN_PERJANJIAN_INI_AKAN_DIBINCANGKAN_DAN_DIBAHASKAN_DAN_DIBUAT_KEPUTUSAN_PARLIMEN_KITA_BELUM_MENGADAKAN_PERBINCANGAN_RASMI_DENGAN_PIHAK_SPEAKER_LAGI_TETAPI_MENGIKUT_CADANGAN_AWAL_MUNGKIN_INI_AKAN_BERLANGSUNG_BULAN_JANUARI_ATAUPUN_AWAL_BULAN_FEBRUARI_ITU_MENGIKUT_CADANGAN_KERAJAAN_DAN_TERTAKLUK_KEPADA_KELULUSAN_PIHAK_SPEAKER_MAKNANYA_TPPA_AKAN_DIBINCANGKAN_DIBAHASKAN_DAN_DIPUTUSKAN_OLEH_PARLIMEN_KALAU_TIDAK_BULAN_JANUARI_MUNGKIN_AWAL_BULAN_FEBRUARI_ITULAH_BEBERAPA_TIMELINE_ATAUPUN_TARIKHTARIKH_YANG_SAYA_HENDAK_KONGSI_DENGAN_AHLI_PARLIMEN_SEKALI_LAGI_SAYA_HENDAK_ULANG_BAHAWA_PETANG_INI_SAYA_AKAN_KELUARKAN_KENYATAAN_BERKAITAN_DENGAN_PERJANJIAN_INI_DAN_PERJANJIAN_INI_DAPAT_DI_KANDUNGAN_TERPERINCI_PERJANJIAN_INI_BAB_1_HINGGA_30_AKAN_DIKETAHUI_BUKAN_SAHAJA_OLEH_AHLI_PARLIMEN_TETAPI_OLEH_RAKYAT_MALAYSIA_DAN_SELURUH_DUNIA_KEDUANYA_SAYA_HENDAK_MAKLUMKAN_BAHAWA_SAYA_TELAH_MENERIMA_BANYAK_SURAT_PERMOHONAN_BANTAHAN_DAN_MACAMMACAMLAH_ADA_JUGA_YANG_MOHON_SUPAYA_DIADAKAN_ENGAGEMENT_PERBINCANGAN_KITA_MENGUCAPKAN_TERIMA_KASIH_KEPADA_PIHAKPIHAK_YANG_MENULIS_KEPADA_KAMI_DAN_KITA_SEDANG_MENGATURKAN_MASA_YANG_SESUAI_SUDAH_PASTI_SUKAR_UNTUK_KITA_MELAYANI_SEMUA_PERMOHONAN_KERANA_ADA_KEKANGAN_MASA_TETAPI_UNTUK_MAKLUMAN_AHLIAHLI_YANG_BERHORMAT_TADI_YANG_BERHORMAT_JASIN_PENGERUSI_CAUSUS_PARLIMEN_BERKAITAN_TPP_BERADA_DI_MITI_UNTUK_BERSAMA_DENGAN_KIRAKIRA_100_ORANG_PIHAK_YANG_MEWAKILI_PELBAGAI_KEPENTINGAN_YANG_SEDANG_MENDENGAR_TAKLIMAT_TERPERINCI_BERKAITAN_TPP_KITA_AKAN_MENGADAKAN_TAKLIMAT_INI_KEPADA_BANYAK_PIHAK_CUMANYA_SAYA_TIDAK_BOLEH_BERJANJI_SAMA_ADA_KITA_BOLEH_MEMENUHI_KESEMUA_PERMOHONAN_OLEH_SEBAB_KITA_ADA_KEKANGAN_MASA_AHLI_YANG_BERHORMAT_TPP_INI_TELAH_MENIMBULKAN_BANYAK_KONTROVERSI_ADA_MENYATAKAN_BAHAWA_INI_MERUPAKAN_SUATU_PENJAJAHAN_BARU_RECOLONIZATION_PENJAJAHAN_INI_SATU_PERKARA_YANG_AMAT_BURUK_YANG_TELAH_BERLAKU_KITA_DIJAJAH_BEBERAPA_RATUS_TAHUN_BANYAK_NEGARA_DI_ASIA_LATIN_AMERIKA_DIJAJAH_OLEH_KUASA_KUASA_BESAR_DAN_KITA_SEDIA_MAKLUM_BETAPA_PARAH_DAN_MUDARATNYA_KESAN_KEPADA_NEGARA_KITA_DAN_NEGARA_NEGARA_LAIN_TUAN_YANG_DIPERTUA_MEMPENGERUSIKAN_MESYUARAT
Page 29
===========
Found no speaker; assign to previous identified speaker ==> 26_SELEPAS_ITU_KIRAKIRA_TIDAK_BELUM_PASTI_LAGI_TEKS_INI_AKAN_DIBERIKAN_KEPADA_DUA_PIHAK_YANG_SEDANG_MENGKAJI_TPPA_YANG_SEDANG_MEMBUAT_KAJIAN_COST_BENEFIT_ANALYSIS_IAITU_PRICE_WATERHOUSE_COOPERS_AND_ISIS_DAN_KITA_JANGKA_MUNGKIN_DALAM_TEMPOH_DUA_ATAU_TIGA_MINGGU_MEREKA_AKAN_MENYIAPKAN_KAJIAN_INI_JUGA_AKAN_MENJADI_BAHAN_RUJUKAN_KEPADA_UMUM_SEPERTI_YANG_DIJANJIKAN_OLEH_KERAJAAN_TEKS_ATAUPUN_PERJANJIAN_INI_AKAN_DIBINCANGKAN_DAN_DIBAHASKAN_DAN_DIBUAT_KEPUTUSAN_PARLIMEN_KITA_BELUM_MENGADAKAN_PERBINCANGAN_RASMI_DENGAN_PIHAK_SPEAKER_LAGI_TETAPI_MENGIKUT_CADANGAN_AWAL_MUNGKIN_INI_AKAN_BERLANGSUNG_BULAN_JANUARI_ATAUPUN_AWAL_BULAN_FEBRUARI_ITU_MENGIKUT_CADANGAN_KERAJAAN_DAN_TERTAKLUK_KEPADA_KELULUSAN_PIHAK_SPEAKER_MAKNANYA_TPPA_AKAN_DIBINCANGKAN_DIBAHASKAN_DAN_DIPUTUSKAN_OLEH_PARLIMEN_KALAU_TIDAK_BULAN_JANUARI_MUNGKIN_AWAL_BULAN_FEBRUARI_ITULAH_BEBERAPA_TIMELINE_ATAUPUN_TARIKHTARIKH_YANG_SAYA_HENDAK_KONGSI_DENGAN_AHLI_PARLIMEN_SEKALI_LAGI_SAYA_HENDAK_ULANG_BAHAWA_PETANG_INI_SAYA_AKAN_KELUARKAN_KENYATAAN_BERKAITAN_DENGAN_PERJANJIAN_INI_DAN_PERJANJIAN_INI_DAPAT_DI_KANDUNGAN_TERPERINCI_PERJANJIAN_INI_BAB_1_HINGGA_30_AKAN_DIKETAHUI_BUKAN_SAHAJA_OLEH_AHLI_PARLIMEN_TETAPI_OLEH_RAKYAT_MALAYSIA_DAN_SELURUH_DUNIA_KEDUANYA_SAYA_HENDAK_MAKLUMKAN_BAHAWA_SAYA_TELAH_MENERIMA_BANYAK_SURAT_PERMOHONAN_BANTAHAN_DAN_MACAMMACAMLAH_ADA_JUGA_YANG_MOHON_SUPAYA_DIADAKAN_ENGAGEMENT_PERBINCANGAN_KITA_MENGUCAPKAN_TERIMA_KASIH_KEPADA_PIHAKPIHAK_YANG_MENULIS_KEPADA_KAMI_DAN_KITA_SEDANG_MENGATURKAN_MASA_YANG_SESUAI_SUDAH_PASTI_SUKAR_UNTUK_KITA_MELAYANI_SEMUA_PERMOHONAN_KERANA_ADA_KEKANGAN_MASA_TETAPI_UNTUK_MAKLUMAN_AHLIAHLI_YANG_BERHORMAT_TADI_YANG_BERHORMAT_JASIN_PENGERUSI_CAUSUS_PARLIMEN_BERKAITAN_TPP_BERADA_DI_MITI_UNTUK_BERSAMA_DENGAN_KIRAKIRA_100_ORANG_PIHAK_YANG_MEWAKILI_PELBAGAI_KEPENTINGAN_YANG_SEDANG_MENDENGAR_TAKLIMAT_TERPERINCI_BERKAITAN_TPP_KITA_AKAN_MENGADAKAN_TAKLIMAT_INI_KEPADA_BANYAK_PIHAK_CUMANYA_SAYA_TIDAK_BOLEH_BERJANJI_SAMA_ADA_KITA_BOLEH_MEMENUHI_KESEMUA_PERMOHONAN_OLEH_SEBAB_KITA_ADA_KEKANGAN_MASA_AHLI_YANG_BERHORMAT_TPP_INI_TELAH_MENIMBULKAN_BANYAK_KONTROVERSI_ADA_MENYATAKAN_BAHAWA_INI_MERUPAKAN_SUATU_PENJAJAHAN_BARU_RECOLONIZATION_PENJAJAHAN_INI_SATU_PERKARA_YANG_AMAT_BURUK_YANG_TELAH_BERLAKU_KITA_DIJAJAH_BEBERAPA_RATUS_TAHUN_BANYAK_NEGARA_DI_ASIA_LATIN_AMERIKA_DIJAJAH_OLEH_KUASA_KUASA_BESAR_DAN_KITA_SEDIA_MAKLUM_BETAPA_PARAH_DAN_MUDARATNYA_KESAN_KEPADA_NEGARA_KITA_DAN_NEGARA_NEGARA_LAIN_TUAN_YANG_DIPERTUA_MEMPENGERUSIKAN_MESYUARAT
Page 30
===========
Found at least one speaker :) ... replacing >>> 
Page 31
===========
Found at least one speaker :) ... replacing >>> 
Page 32
===========
Found no speaker; assign to previous identified speaker ==> DATO_SRI_MUSTAPA_MOHAMED
Page 33
===========
Found no speaker; assign to previous identified speaker ==> DATO_SRI_MUSTAPA_MOHAMED
Page 34
===========
Found at least one speaker :) ... replacing >>> 
Page 35
===========
Found at least one speaker :) ... replacing >>> 
Page 36
===========
Found at least one speaker :) ... replacing >>> 
Page 37
===========
Found at least one speaker :) ... replacing >>> 
Page 38
===========
Found at least one speaker :) ... replacing >>> 
Page 39
===========
Found at least one speaker :) ... replacing >>> 
Page 40
===========
Found at least one speaker :) ... replacing >>> 
Page 41
===========
Found at least one speaker :) ... replacing >>> 
Page 42
===========
Found at least one speaker :) ... replacing >>> 
Page 43
===========
Found at least one speaker :) ... replacing >>> 
Page 44
===========
Found at least one speaker :) ... replacing >>> 
Page 45
===========
Found at least one speaker :) ... replacing >>> 
Page 46
===========
Found at least one speaker :) ... replacing >>> 
Page 47
===========
Found at least one speaker :) ... replacing >>> 
Page 48
===========
Found at least one speaker :) ... replacing >>> 
Page 49
===========
Found at least one speaker :) ... replacing >>> 
Page 50
===========
Found at least one speaker :) ... replacing >>> 
Page 51
===========
Found at least one speaker :) ... replacing >>> 
Page 52
===========
Found at least one speaker :) ... replacing >>> 
Page 53
===========
Found at least one speaker :) ... replacing >>> 
Page 54
===========
Found at least one speaker :) ... replacing >>> 
Page 55
===========
Found at least one speaker :) ... replacing >>> 
Page 56
===========
Found at least one speaker :) ... replacing >>> 
Page 57
===========
Found no speaker; assign to previous identified speaker ==> SEKTOR_SAWIT_LANGKAHLANGKAH_DOMESTIK_YANG_TELAH_DIAMBIL_TERMASUK_SEPERTI_BERIKUT
Page 58
===========
Found at least one speaker :) ... replacing >>> 
Page 59
===========
Found at least one speaker :) ... replacing >>> 
Page 60
===========
Found at least one speaker :) ... replacing >>> 
Page 61
===========
Found at least one speaker :) ... replacing >>> 
Page 62
===========
Found at least one speaker :) ... replacing >>> 
Page 63
===========
Found at least one speaker :) ... replacing >>> 
Page 64
===========
Found at least one speaker :) ... replacing >>> 
Page 65
===========
Found at least one speaker :) ... replacing >>> 
Page 66
===========
Found at least one speaker :) ... replacing >>> 
Page 67
===========
Found at least one speaker :) ... replacing >>> 
Page 68
===========
Found at least one speaker :) ... replacing >>> 
Page 69
===========
Found at least one speaker :) ... replacing >>> 
Page 70
===========
Found at least one speaker :) ... replacing >>> 
Page 71
===========
Found at least one speaker :) ... replacing >>> 
Page 72
===========
Found at least one speaker :) ... replacing >>> 
Page 73
===========
Found at least one speaker :) ... replacing >>> 
Page 74
===========
Found no speaker; assign to previous identified speaker ==> YANG_PERLU_SAYA_TELITI_TANAM_PADI_DALAM_BEG_INI_DISAMPUK
Page 75
===========
Found at least one speaker :) ... replacing >>> 
Page 76
===========
Found at least one speaker :) ... replacing >>> 
Page 77
===========
Found at least one speaker :) ... replacing >>> 
Page 78
===========
Found at least one speaker :) ... replacing >>> 
Page 79
===========
Found at least one speaker :) ... replacing >>> 
Page 80
===========
Found at least one speaker :) ... replacing >>> 
Page 81
===========
Found at least one speaker :) ... replacing >>> 
Page 82
===========
Found at least one speaker :) ... replacing >>> 
Page 83
===========
Found at least one speaker :) ... replacing >>> 
Page 84
===========
Found at least one speaker :) ... replacing >>> 
Page 85
===========
Found at least one speaker :) ... replacing >>> 
Page 86
===========
Found at least one speaker :) ... replacing >>> 
Page 87
===========
Found at least one speaker :) ... replacing >>> 
Page 88
===========
Found at least one speaker :) ... replacing >>> 
Page 89
===========
Found at least one speaker :) ... replacing >>> 
Page 90
===========
Found at least one speaker :) ... replacing >>> 
Page 91
===========
Found at least one speaker :) ... replacing >>> 
Page 92
===========
Found at least one speaker :) ... replacing >>> 
Page 93
===========
Found at least one speaker :) ... replacing >>> 
Page 94
===========
Found at least one speaker :) ... replacing >>> 
Page 95
===========
Found at least one speaker :) ... replacing >>> 
Page 96
===========
Found at least one speaker :) ... replacing >>> 
Page 97
===========
Found no speaker; assign to previous identified speaker ==> DATUK_DR_ABU_BAKAR_BIN_MOHAMAD_DIAH
Page 98
===========
Found at least one speaker :) ... replacing >>> 
Page 99
===========
Found at least one speaker :) ... replacing >>> 
Page 100
===========
Found at least one speaker :) ... replacing >>> 
Page 101
===========
Found at least one speaker :) ... replacing >>> 
Page 102
===========
Found at least one speaker :) ... replacing >>> 
Page 103
===========
Found at least one speaker :) ... replacing >>> 
Page 104
===========
Found at least one speaker :) ... replacing >>> 
Page 105
===========
Found at least one speaker :) ... replacing >>> 
Page 106
===========
Found at least one speaker :) ... replacing >>> 
Page 107
===========
Found at least one speaker :) ... replacing >>> 
Page 108
===========
Found at least one speaker :) ... replacing >>> 
Page 109
===========
Found at least one speaker :) ... replacing >>> 
Page 110
===========
Found at least one speaker :) ... replacing >>> 
Page 111
===========
Found at least one speaker :) ... replacing >>> 
Page 112
===========
Found at least one speaker :) ... replacing >>> 
Page 113
===========
Found at least one speaker :) ... replacing >>> 
Page 114
===========
Found no speaker; assign to previous identified speaker ==> TIMBALAN_MENTERI_KERJA_RAYA_DATUK_ROSNAH_BINTI_HAJI_ABD_RASHID_SHIRLIN
Page 115
===========
Found at least one speaker :) ... replacing >>> 
Page 116
===========
Found at least one speaker :) ... replacing >>> 
Page 117
===========
Found at least one speaker :) ... replacing >>> 
Page 118
===========
Found at least one speaker :) ... replacing >>> 
Page 119
===========
Found at least one speaker :) ... replacing >>> 
Page 120
===========
Found at least one speaker :) ... replacing >>> 
Page 121
===========
Found at least one speaker :) ... replacing >>> 
Page 122
===========
Found at least one speaker :) ... replacing >>> 
Page 123
===========
Found at least one speaker :) ... replacing >>> 
Page 124
===========
Found at least one speaker :) ... replacing >>> 
Page 125
===========
Found at least one speaker :) ... replacing >>> 
Page 126
===========
Found at least one speaker :) ... replacing >>> 
Page 127
===========
Found at least one speaker :) ... replacing >>> 
Page 128
===========
Found at least one speaker :) ... replacing >>> 
Page 129
===========
Found at least one speaker :) ... replacing >>> 
Page 130
===========
Found at least one speaker :) ... replacing >>> 
Page 131
===========
Found at least one speaker :) ... replacing >>> 
Page 132
===========
Found at least one speaker :) ... replacing >>> 
Page 133
===========
Found at least one speaker :) ... replacing >>> 
Page 134
===========
Found at least one speaker :) ... replacing >>> 
Page 135
===========
Found at least one speaker :) ... replacing >>> 
Page 136
===========
Found at least one speaker :) ... replacing >>> 
Page 137
===========
Found at least one speaker :) ... replacing >>> 
For current block with title: Waktu Mesyuarat dan Urusan Dibebaskan Daripada Peraturan Mesyuarat start page is 137 and end page is 157
Page 137
===========
Found at least one speaker :) ... replacing >>> 
Page 138
===========
Found at least one speaker :) ... replacing >>> 
Page 139
===========
Found at least one speaker :) ... replacing >>> 
Page 140
===========
Found at least one speaker :) ... replacing >>> 
Page 141
===========
Found at least one speaker :) ... replacing >>> 
Page 142
===========
Found at least one speaker :) ... replacing >>> 
Page 143
===========
Found at least one speaker :) ... replacing >>> 
Page 144
===========
Found no speaker; assign to previous identified speaker ==> RAHIM_MEMBACA_SEPOTONG_DOA
Page 145
===========
Found no speaker; assign to previous identified speaker ==> RAHIM_MEMBACA_SEPOTONG_DOA
Page 146
===========
Found at least one speaker :) ... replacing >>> 
Page 147
===========
Found at least one speaker :) ... replacing >>> 
Page 148
===========
Found at least one speaker :) ... replacing >>> 
Page 149
===========
Found at least one speaker :) ... replacing >>> 
Page 150
===========
Found at least one speaker :) ... replacing >>> 
Page 151
===========
Found at least one speaker :) ... replacing >>> 
Page 152
===========
Found at least one speaker :) ... replacing >>> 
Page 153
===========
Found at least one speaker :) ... replacing >>> 
Page 154
===========
Found at least one speaker :) ... replacing >>> 
Page 155
===========
Found at least one speaker :) ... replacing >>> 
Page 156
===========
Found at least one speaker :) ... replacing >>> 
Page 157
===========
Found at least one speaker :) ... replacing >>> 
Final ERR Count: 154
