PROCESSING DR-17112015 in /Users/leow/Desktop/PROJECTS/SINARPROJECT/parliamentmy-split/
Inside the function processHansardFile with meta of all
PROCESSING DR-17112015 in /Users/leow/Desktop/PROJECTS/SINARPROJECT/parliamentmy-split/
Title is: JAWAPAN-JAWAPAN LISAN BAGI PERTANYAAN-PERTANYAAN
Start Page is: 1
Title is: - Maksud B.1- 9 dan B.40
Start Page is: 25
Title is: Waktu Mesyuarat dan Urusan Dibebaskan Daripada Peraturan Mesyuarat
Start Page is: 24
Title is: - Maksud P.6 dan P.7
Start Page is: 25
Sorted Pages and Title
=======================
Calculated block starting at page 1 end at page 23
Calculated block starting at page 24 end at page 24
FINALLY: Block starting at page 25 end at page 214
Copying to the file JAWAPAN JAWAPAN LISAN BAGI PERTANYAAN PERTANYAAN.pdf starting from page 2 till page 24
Copying to the file Waktu Mesyuarat dan Urusan Dibebaskan Daripada Peraturan Mesyuarat.pdf starting from page 25 till page 25
Copying to the file Maksud P 6 dan P 7.pdf starting from page 26 till page 215
Copying to the file 0-intro.pdf starting from page 1 till page 1
For current block with title: JAWAPAN JAWAPAN LISAN BAGI PERTANYAAN PERTANYAAN start page is 2 and end page is 24
Page 2
===========
Found at least one speaker :) ... replacing >>> 
Page 3
===========
Found at least one speaker :) ... replacing >>> 
Page 4
===========
Found at least one speaker :) ... replacing >>> 
Page 5
===========
Found at least one speaker :) ... replacing >>> 
Page 6
===========
Found at least one speaker :) ... replacing >>> 
Page 7
===========
Found at least one speaker :) ... replacing >>> 
Page 8
===========
Found at least one speaker :) ... replacing >>> 
Page 9
===========
Found at least one speaker :) ... replacing >>> 
Page 10
===========
Found at least one speaker :) ... replacing >>> 
Page 11
===========
Found at least one speaker :) ... replacing >>> 
Page 12
===========
Found at least one speaker :) ... replacing >>> 
Page 13
===========
Found at least one speaker :) ... replacing >>> 
Page 14
===========
Found at least one speaker :) ... replacing >>> 
Page 15
===========
Found at least one speaker :) ... replacing >>> 
Page 16
===========
Found at least one speaker :) ... replacing >>> 
Page 17
===========
Found at least one speaker :) ... replacing >>> 
Page 18
===========
Found at least one speaker :) ... replacing >>> 
Page 19
===========
Found at least one speaker :) ... replacing >>> 
Page 20
===========
Found at least one speaker :) ... replacing >>> 
Page 21
===========
Found at least one speaker :) ... replacing >>> 
Page 22
===========
Found at least one speaker :) ... replacing >>> 
Page 23
===========
Found at least one speaker :) ... replacing >>> 
Page 24
===========
Found at least one speaker :) ... replacing >>> 
Page 25
===========
Found at least one speaker :) ... replacing >>> 
For current block with title: Waktu Mesyuarat dan Urusan Dibebaskan Daripada Peraturan Mesyuarat start page is 25 and end page is 25
Page 25
===========
Found at least one speaker :) ... replacing >>> 
Page 26
===========
Found at least one speaker :) ... replacing >>> 
For current block with title: Maksud P 6 dan P 7 start page is 26 and end page is 215
Page 26
===========
Found at least one speaker :) ... replacing >>> 
Page 27
===========
Found at least one speaker :) ... replacing >>> 
Page 28
===========
Found no speaker; assign to previous identified speaker ==> DATO_DR_MUJAHID_BIN_YUSOF_RAWA_PARIT_BUNTAR
Page 29
===========
Found at least one speaker :) ... replacing >>> 
Page 30
===========
Found at least one speaker :) ... replacing >>> 
Page 31
===========
Found at least one speaker :) ... replacing >>> 
Page 32
===========
Found at least one speaker :) ... replacing >>> 
Page 33
===========
Found at least one speaker :) ... replacing >>> 
Page 34
===========
Found at least one speaker :) ... replacing >>> 
Page 35
===========
Found at least one speaker :) ... replacing >>> 
Page 36
===========
Found at least one speaker :) ... replacing >>> 
Page 37
===========
Found at least one speaker :) ... replacing >>> 
Page 38
===========
Found at least one speaker :) ... replacing >>> 
Page 39
===========
Found at least one speaker :) ... replacing >>> 
Page 40
===========
Found at least one speaker :) ... replacing >>> 
Page 41
===========
Found at least one speaker :) ... replacing >>> 
Page 42
===========
Found at least one speaker :) ... replacing >>> 
Page 43
===========
Found at least one speaker :) ... replacing >>> 
Page 44
===========
Found at least one speaker :) ... replacing >>> 
Page 45
===========
Found at least one speaker :) ... replacing >>> 
Page 46
===========
Found at least one speaker :) ... replacing >>> 
Page 47
===========
Found at least one speaker :) ... replacing >>> 
Page 48
===========
Found at least one speaker :) ... replacing >>> 
Page 49
===========
Found at least one speaker :) ... replacing >>> 
Page 50
===========
Found at least one speaker :) ... replacing >>> 
Page 51
===========
Found at least one speaker :) ... replacing >>> 
Page 52
===========
Found at least one speaker :) ... replacing >>> 
Page 53
===========
Found at least one speaker :) ... replacing >>> 
Page 54
===========
Found at least one speaker :) ... replacing >>> 
Page 55
===========
Found at least one speaker :) ... replacing >>> 
Page 56
===========
Found at least one speaker :) ... replacing >>> 
Page 57
===========
Found at least one speaker :) ... replacing >>> 
Page 58
===========
Found at least one speaker :) ... replacing >>> 
Page 59
===========
Found at least one speaker :) ... replacing >>> 
Page 60
===========
Found at least one speaker :) ... replacing >>> 
Page 61
===========
Found at least one speaker :) ... replacing >>> 
Page 62
===========
Found no speaker; assign to previous identified speaker ==> DATO_NORAINI_BINTI_AHMAD_PARIT_SULONG
Page 63
===========
Found at least one speaker :) ... replacing >>> 
Page 64
===========
Found at least one speaker :) ... replacing >>> 
Page 65
===========
Found at least one speaker :) ... replacing >>> 
Page 66
===========
Found at least one speaker :) ... replacing >>> 
Page 67
===========
Found at least one speaker :) ... replacing >>> 
Page 68
===========
Found at least one speaker :) ... replacing >>> 
Page 69
===========
Found at least one speaker :) ... replacing >>> 
Page 70
===========
Found at least one speaker :) ... replacing >>> 
Page 71
===========
Found at least one speaker :) ... replacing >>> 
Page 72
===========
Found no speaker; assign to previous identified speaker ==> DATUK_SERI_DR_WAN_AZIZAH_BINTI_WAN_ISMAIL_PERMATANG_PAUH
Page 73
===========
Found at least one speaker :) ... replacing >>> 
Page 74
===========
Found at least one speaker :) ... replacing >>> 
Page 75
===========
Found at least one speaker :) ... replacing >>> 
Page 76
===========
Found at least one speaker :) ... replacing >>> 
Page 77
===========
Found no speaker; assign to previous identified speaker ==> DATUK_SERI_DR_WAN_AZIZAH_BINTI_WAN_ISMAIL_PERMATANG_PAUH
Page 78
===========
Found at least one speaker :) ... replacing >>> 
Page 79
===========
Found no speaker; assign to previous identified speaker ==> CUKUP_TUAN_PENGERUSI_SEBAB_RAMAI_BELAH_SANA_MERUJUK_KEPADA_BLOK_KERAJAAN
Page 80
===========
Found at least one speaker :) ... replacing >>> 
Page 81
===========
Found no speaker; assign to previous identified speaker ==> TUAN_MANIVANNAN_AL_GOWINDASAMY_KAPAR
Page 82
===========
Found at least one speaker :) ... replacing >>> 
Page 83
===========
Found at least one speaker :) ... replacing >>> 
Page 84
===========
Found no speaker; assign to previous identified speaker ==> DATUK_DATU_NASRUN_BIN_DATU_MANSUR_SILAM
Page 85
===========
Found at least one speaker :) ... replacing >>> 
Page 86
===========
Found at least one speaker :) ... replacing >>> 
Page 87
===========
Found at least one speaker :) ... replacing >>> 
Page 88
===========
Found no speaker; assign to previous identified speaker ==> TUAN_LIEW_CHIN_TONG_KLUANG
Page 89
===========
Found no speaker; assign to previous identified speaker ==> TUAN_LIEW_CHIN_TONG_KLUANG
Page 90
===========
Found at least one speaker :) ... replacing >>> 
Page 91
===========
Found at least one speaker :) ... replacing >>> 
Page 92
===========
Found no speaker; assign to previous identified speaker ==> DATUK_RAIME_UNGGI_TENOM
Page 93
===========
Found at least one speaker :) ... replacing >>> 
Page 94
===========
Found at least one speaker :) ... replacing >>> 
Page 95
===========
Found no speaker; assign to previous identified speaker ==> DATO_HAJI_MOHD_ZAIM_BIN_ABU_HASAN_PARIT
Page 96
===========
Found at least one speaker :) ... replacing >>> 
Page 97
===========
Found at least one speaker :) ... replacing >>> 
Page 98
===========
Found at least one speaker :) ... replacing >>> 
Page 99
===========
Found at least one speaker :) ... replacing >>> 
Page 100
===========
Found at least one speaker :) ... replacing >>> 
Page 101
===========
Found at least one speaker :) ... replacing >>> 
Page 102
===========
Found at least one speaker :) ... replacing >>> 
Page 103
===========
Found at least one speaker :) ... replacing >>> 
Page 104
===========
Found at least one speaker :) ... replacing >>> 
Page 105
===========
Found at least one speaker :) ... replacing >>> 
Page 106
===========
Found at least one speaker :) ... replacing >>> 
Page 107
===========
Found at least one speaker :) ... replacing >>> 
Page 108
===========
Found at least one speaker :) ... replacing >>> 
Page 109
===========
Found at least one speaker :) ... replacing >>> 
Page 110
===========
Found at least one speaker :) ... replacing >>> 
Page 111
===========
Found at least one speaker :) ... replacing >>> 
Page 112
===========
Found at least one speaker :) ... replacing >>> 
Page 113
===========
Found at least one speaker :) ... replacing >>> 
Page 114
===========
Found at least one speaker :) ... replacing >>> 
Page 115
===========
Found at least one speaker :) ... replacing >>> 
Page 116
===========
Found at least one speaker :) ... replacing >>> 
Page 117
===========
Found at least one speaker :) ... replacing >>> 
Page 118
===========
Found at least one speaker :) ... replacing >>> 
Page 119
===========
Found at least one speaker :) ... replacing >>> 
Page 120
===========
Found at least one speaker :) ... replacing >>> 
Page 121
===========
Found at least one speaker :) ... replacing >>> 
Page 122
===========
Found at least one speaker :) ... replacing >>> 
Page 123
===========
Found no speaker; assign to previous identified speaker ==> DATUK_SHABUDIN_BIN_YAHAYA_TASEK_GELUGOR
Page 124
===========
Found at least one speaker :) ... replacing >>> 
Page 125
===========
Found at least one speaker :) ... replacing >>> 
Page 126
===========
Found at least one speaker :) ... replacing >>> 
Page 127
===========
Found at least one speaker :) ... replacing >>> 
Page 128
===========
Found at least one speaker :) ... replacing >>> 
Page 129
===========
Found at least one speaker :) ... replacing >>> 
Page 130
===========
Found at least one speaker :) ... replacing >>> 
Page 131
===========
Found at least one speaker :) ... replacing >>> 
Page 132
===========
Found at least one speaker :) ... replacing >>> 
Page 133
===========
Found at least one speaker :) ... replacing >>> 
Page 134
===========
Found at least one speaker :) ... replacing >>> 
Page 135
===========
Found at least one speaker :) ... replacing >>> 
Page 136
===========
Found at least one speaker :) ... replacing >>> 
Page 137
===========
Found at least one speaker :) ... replacing >>> 
Page 138
===========
Found at least one speaker :) ... replacing >>> 
Page 139
===========
Found at least one speaker :) ... replacing >>> 
Page 140
===========
Found at least one speaker :) ... replacing >>> 
Page 141
===========
Found at least one speaker :) ... replacing >>> 
Page 142
===========
Found at least one speaker :) ... replacing >>> 
Page 143
===========
Found at least one speaker :) ... replacing >>> 
Page 144
===========
Found no speaker; assign to previous identified speaker ==> DATO_SRI_AZALINA_DATO_OTHMAN_SAID
Page 145
===========
Found at least one speaker :) ... replacing >>> 
Page 146
===========
Found at least one speaker :) ... replacing >>> 
Page 147
===========
Found no speaker; assign to previous identified speaker ==> DATO_MAH_SIEW_KEONG
Page 148
===========
Found at least one speaker :) ... replacing >>> 
Page 149
===========
Found at least one speaker :) ... replacing >>> 
Page 150
===========
Found at least one speaker :) ... replacing >>> 
Page 151
===========
Found at least one speaker :) ... replacing >>> 
Page 152
===========
Found at least one speaker :) ... replacing >>> 
Page 153
===========
Found at least one speaker :) ... replacing >>> 
Page 154
===========
Found no speaker; assign to previous identified speaker ==> MENTERI_DI_JABATAN_PERDANA_MENTERI_DATUK_JOSEP_ENTULU_ANAK_BELAUN
Page 155
===========
Found no speaker; assign to previous identified speaker ==> MENTERI_DI_JABATAN_PERDANA_MENTERI_DATUK_JOSEP_ENTULU_ANAK_BELAUN
Page 156
===========
Found at least one speaker :) ... replacing >>> 
Page 157
===========
Found at least one speaker :) ... replacing >>> 
Page 158
===========
Found at least one speaker :) ... replacing >>> 
Page 159
===========
Found at least one speaker :) ... replacing >>> 
Page 160
===========
Found at least one speaker :) ... replacing >>> 
Page 161
===========
Found at least one speaker :) ... replacing >>> 
Page 162
===========
Found at least one speaker :) ... replacing >>> 
Page 163
===========
Found at least one speaker :) ... replacing >>> 
Page 164
===========
Found at least one speaker :) ... replacing >>> 
Page 165
===========
Found at least one speaker :) ... replacing >>> 
Page 166
===========
Found at least one speaker :) ... replacing >>> 
Page 167
===========
Found no speaker; assign to previous identified speaker ==> DATO_SERI_DR_SHAHIDAN_BIN_KASSIM
Page 168
===========
Found at least one speaker :) ... replacing >>> 
Page 169
===========
Found at least one speaker :) ... replacing >>> 
Page 170
===========
Found at least one speaker :) ... replacing >>> 
Page 171
===========
Found at least one speaker :) ... replacing >>> 
Page 172
===========
Found at least one speaker :) ... replacing >>> 
Page 173
===========
Found at least one speaker :) ... replacing >>> 
Page 174
===========
Found at least one speaker :) ... replacing >>> 
Page 175
===========
Found at least one speaker :) ... replacing >>> 
Page 176
===========
Found at least one speaker :) ... replacing >>> 
Page 177
===========
Found at least one speaker :) ... replacing >>> 
Page 178
===========
Found at least one speaker :) ... replacing >>> 
Page 179
===========
Found at least one speaker :) ... replacing >>> 
Page 180
===========
Found no speaker; assign to previous identified speaker ==> ANTARA_PROGRAM_YANG_DICADANGKAN_ADALAH
Page 181
===========
Found at least one speaker :) ... replacing >>> 
Page 182
===========
Found at least one speaker :) ... replacing >>> 
Page 183
===========
Found at least one speaker :) ... replacing >>> 
Page 184
===========
Found no speaker; assign to previous identified speaker ==> DATO_RAZALI_BIN_IBRAHIM
Page 185
===========
Found at least one speaker :) ... replacing >>> 
Page 186
===========
Found at least one speaker :) ... replacing >>> 
Page 187
===========
Found at least one speaker :) ... replacing >>> 
Page 188
===========
Found at least one speaker :) ... replacing >>> 
Page 189
===========
Found at least one speaker :) ... replacing >>> 
Page 190
===========
Found at least one speaker :) ... replacing >>> 
Page 191
===========
Found at least one speaker :) ... replacing >>> 
Page 192
===========
Found at least one speaker :) ... replacing >>> 
Page 193
===========
Found at least one speaker :) ... replacing >>> 
Page 194
===========
Found at least one speaker :) ... replacing >>> 
Page 195
===========
Found at least one speaker :) ... replacing >>> 
Page 196
===========
Found at least one speaker :) ... replacing >>> 
Page 197
===========
Found at least one speaker :) ... replacing >>> 
Page 198
===========
Found at least one speaker :) ... replacing >>> 
Page 199
===========
Found at least one speaker :) ... replacing >>> 
Page 200
===========
Found no speaker; assign to previous identified speaker ==> DATO_DR_ASYRAF_WAJDI_BIN_DATO_DUSUKI
Page 201
===========
Found at least one speaker :) ... replacing >>> 
Page 202
===========
Found at least one speaker :) ... replacing >>> 
Page 203
===========
Found at least one speaker :) ... replacing >>> 
Page 204
===========
Found at least one speaker :) ... replacing >>> 
Page 205
===========
Found at least one speaker :) ... replacing >>> 
Page 206
===========
Found at least one speaker :) ... replacing >>> 
Page 207
===========
Found at least one speaker :) ... replacing >>> 
Page 208
===========
Found at least one speaker :) ... replacing >>> 
Page 209
===========
Found at least one speaker :) ... replacing >>> 
Page 210
===========
Found at least one speaker :) ... replacing >>> 
Page 211
===========
Found at least one speaker :) ... replacing >>> 
Page 212
===========
Found at least one speaker :) ... replacing >>> 
Page 213
===========
Found at least one speaker :) ... replacing >>> 
Page 214
===========
Found at least one speaker :) ... replacing >>> 
Page 215
===========
Found at least one speaker :) ... replacing >>> 
Final ERR Count: 155
