PROCESSING DR-17062015 in /Users/leow/Desktop/PROJECTS/SINARPROJECT/parliamentmy-split/
Inside the function processHansardFile with meta of all
PROCESSING DR-17062015 in /Users/leow/Desktop/PROJECTS/SINARPROJECT/parliamentmy-split/
Title is: JAWAPAN-JAWAPAN LISAN BAGI PERTANYAAN-PERTANYAAN
Start Page is: 1
Title is: Rawatan Air Langat 2 - YB. Datuk Seri Haji Noh bin Omar (Tanjong Karang)
Start Page is: 81
Title is: Rang Undang-undang Kebajikan Haiwan 2015
Start Page is: 26
Title is: Rang Undang-undang Institusi Kewangan Pembangunan (Pindaan) 2015
Start Page is: 51
Title is: Rang Undang-undang Bekalan Elektrik (Pindaan) 2015
Start Page is: 115
Title is: Waktu Mesyuarat dan Urusan Dibebaskan Daripada Peraturan Mesyuarat
Start Page is: 25
Title is: Menangguhkan Mesyuarat Di Bawah P.M.16(3)
Start Page is: 134
Title is: Pembekuan Jawatan Baru Perkhidmatan Awam - YB. Puan Teo Nie Ching (Kulai)
Start Page is: 134
Title is: - YB. Tuan Laksamana Pertama (B) Haji Mohamad Imran bin Abd Hamid (Lumut)
Start Page is: 137
Sorted Pages and Title
=======================
Calculated block starting at page 1 end at page 24
Calculated block starting at page 25 end at page 25
Calculated block starting at page 26 end at page 50
Calculated block starting at page 51 end at page 80
Calculated block starting at page 81 end at page 114
Calculated block starting at page 115 end at page 133
Calculated block starting at page 134 end at page 136
FINALLY: Block starting at page 137 end at page 139
Copying to the file JAWAPAN JAWAPAN LISAN BAGI PERTANYAAN PERTANYAAN.pdf starting from page 2 till page 25
Copying to the file Waktu Mesyuarat dan Urusan Dibebaskan Daripada Peraturan Mesyuarat.pdf starting from page 26 till page 26
Copying to the file Rang Undang undang Kebajikan Haiwan 2015.pdf starting from page 27 till page 51
Copying to the file Rang Undang undang Institusi Kewangan Pembangunan Pindaan 2015.pdf starting from page 52 till page 81
Copying to the file Rawatan Air Langat 2 YB Datuk Seri Haji Noh bin Omar Tanjong Karang.pdf starting from page 82 till page 115
Copying to the file Rang Undang undang Bekalan Elektrik Pindaan 2015.pdf starting from page 116 till page 134
Copying to the file Pembekuan Jawatan Baru Perkhidmatan Awam YB Puan Teo Nie Ching Kulai.pdf starting from page 135 till page 137
Copying to the file YB Tuan Laksamana Pertama B Haji Mohamad Imran bin Abd Hamid Lumut.pdf starting from page 138 till page 140
Copying to the file 0-intro.pdf starting from page 1 till page 1
For current block with title: JAWAPAN JAWAPAN LISAN BAGI PERTANYAAN PERTANYAAN start page is 2 and end page is 25
Page 2
===========
Found at least one speaker :) ... replacing >>> 
Page 3
===========
Found at least one speaker :) ... replacing >>> 
Page 4
===========
Found at least one speaker :) ... replacing >>> 
Page 5
===========
Found at least one speaker :) ... replacing >>> 
Page 6
===========
Found at least one speaker :) ... replacing >>> 
Page 7
===========
Found at least one speaker :) ... replacing >>> 
Page 8
===========
Found at least one speaker :) ... replacing >>> 
Page 9
===========
Found at least one speaker :) ... replacing >>> 
Page 10
===========
Found at least one speaker :) ... replacing >>> 
Page 11
===========
Found at least one speaker :) ... replacing >>> 
Page 12
===========
Found at least one speaker :) ... replacing >>> 
Page 13
===========
Found at least one speaker :) ... replacing >>> 
Page 14
===========
Found at least one speaker :) ... replacing >>> 
Page 15
===========
Found at least one speaker :) ... replacing >>> 
Page 16
===========
Found at least one speaker :) ... replacing >>> 
Page 17
===========
Found at least one speaker :) ... replacing >>> 
Page 18
===========
Found at least one speaker :) ... replacing >>> 
Page 19
===========
Found at least one speaker :) ... replacing >>> 
Page 20
===========
Found at least one speaker :) ... replacing >>> 
Page 21
===========
Found at least one speaker :) ... replacing >>> 
Page 22
===========
Found at least one speaker :) ... replacing >>> 
Page 23
===========
Found at least one speaker :) ... replacing >>> 
Page 24
===========
Found at least one speaker :) ... replacing >>> 
Page 25
===========
Found at least one speaker :) ... replacing >>> 
Page 26
===========
Found at least one speaker :) ... replacing >>> 
For current block with title: Waktu Mesyuarat dan Urusan Dibebaskan Daripada Peraturan Mesyuarat start page is 26 and end page is 26
Page 26
===========
Found at least one speaker :) ... replacing >>> 
Page 27
===========
Found at least one speaker :) ... replacing >>> 
For current block with title: Rang Undang undang Kebajikan Haiwan 2015 start page is 27 and end page is 51
Page 27
===========
Found at least one speaker :) ... replacing >>> 
Page 28
===========
Found no speaker; assign to previous identified speaker ==> TUAN_NG_WEI_AIK_TANJONG
Page 29
===========
Found no speaker; assign to previous identified speaker ==> TUAN_NG_WEI_AIK_TANJONG
Page 30
===========
Found at least one speaker :) ... replacing >>> 
Page 31
===========
Found at least one speaker :) ... replacing >>> 
Page 32
===========
Found at least one speaker :) ... replacing >>> 
Page 33
===========
Found no speaker; assign to previous identified speaker ==> DR_AZMAN_BIN_ISMAIL_KUALA_KEDAH
Page 34
===========
Found at least one speaker :) ... replacing >>> 
Page 35
===========
Found at least one speaker :) ... replacing >>> 
Page 36
===========
Found no speaker; assign to previous identified speaker ==> HAIWAN_YANG_MANA_PRINSIPNYA_ADA_LIMA_PRINSIPNYA_IAITU
Page 37
===========
Found no speaker; assign to previous identified speaker ==> HAIWAN_YANG_MANA_PRINSIPNYA_ADA_LIMA_PRINSIPNYA_IAITU
Page 38
===========
Found at least one speaker :) ... replacing >>> 
Page 39
===========
Found at least one speaker :) ... replacing >>> 
Page 40
===========
Found at least one speaker :) ... replacing >>> 
Page 41
===========
Found no speaker; assign to previous identified speaker ==> DATO_SRI_ISMAIL_SABRI_BIN_YAAKOB
Page 42
===========
Found at least one speaker :) ... replacing >>> 
Page 43
===========
Found at least one speaker :) ... replacing >>> 
Page 44
===========
Found at least one speaker :) ... replacing >>> 
Page 45
===========
Found at least one speaker :) ... replacing >>> 
Page 46
===========
Found at least one speaker :) ... replacing >>> 
Page 47
===========
Found no speaker; assign to previous identified speaker ==> DATO_SRI_ISMAIL_SABRI_BIN_YAAKOB
Page 48
===========
Found at least one speaker :) ... replacing >>> 
Page 49
===========
Found at least one speaker :) ... replacing >>> 
Page 50
===========
Found at least one speaker :) ... replacing >>> 
Page 51
===========
Found at least one speaker :) ... replacing >>> 
Page 52
===========
Found at least one speaker :) ... replacing >>> 
For current block with title: Rang Undang undang Institusi Kewangan Pembangunan Pindaan 2015 start page is 52 and end page is 81
Page 52
===========
Found at least one speaker :) ... replacing >>> 
Page 53
===========
Found at least one speaker :) ... replacing >>> 
Page 54
===========
Found at least one speaker :) ... replacing >>> 
Page 55
===========
Found no speaker; assign to previous identified speaker ==> PERUNTUKANPERUNTUKAN_DALAM_RANG_UNDANGUNDANG_INI_DIRINGKASKAN_SEPERTI_BERIKUT
Page 56
===========
Found no speaker; assign to previous identified speaker ==> PERUNTUKANPERUNTUKAN_DALAM_RANG_UNDANGUNDANG_INI_DIRINGKASKAN_SEPERTI_BERIKUT
Page 57
===========
Found at least one speaker :) ... replacing >>> 
Page 58
===========
Found no speaker; assign to previous identified speaker ==> 2002_IAITU_UNTUK_MAKLUMAN_AKTA_KHUSUS_YANG_MENGAWAL_SELIA_BANKBANK_BERIKUT
Page 59
===========
Found no speaker; assign to previous identified speaker ==> 2002_IAITU_UNTUK_MAKLUMAN_AKTA_KHUSUS_YANG_MENGAWAL_SELIA_BANKBANK_BERIKUT
Page 60
===========
Found no speaker; assign to previous identified speaker ==> 2002_IAITU_UNTUK_MAKLUMAN_AKTA_KHUSUS_YANG_MENGAWAL_SELIA_BANKBANK_BERIKUT
Page 61
===========
Found at least one speaker :) ... replacing >>> 
Page 62
===========
Found no speaker; assign to previous identified speaker ==> TUAN_MOHD_RAFIZI_BIN_RAMLI_PANDAN
Page 63
===========
Found at least one speaker :) ... replacing >>> 
Page 64
===========
Found at least one speaker :) ... replacing >>> 
Page 65
===========
Found at least one speaker :) ... replacing >>> 
Page 66
===========
Found at least one speaker :) ... replacing >>> 
Page 67
===========
Found at least one speaker :) ... replacing >>> 
Page 68
===========
Found at least one speaker :) ... replacing >>> 
Page 69
===========
Found at least one speaker :) ... replacing >>> 
Page 70
===========
Found no speaker; assign to previous identified speaker ==> DATO_HASAN_BIN_ARIFIN_ROMPIN
Page 71
===========
Found no speaker; assign to previous identified speaker ==> DATO_HASAN_BIN_ARIFIN_ROMPIN
Page 72
===========
Found at least one speaker :) ... replacing >>> 
Page 73
===========
Found no speaker; assign to previous identified speaker ==> TUAN_WONG_CHEN_KELANA_JAYA
Page 74
===========
Found no speaker; assign to previous identified speaker ==> TUAN_WONG_CHEN_KELANA_JAYA
Page 75
===========
Found at least one speaker :) ... replacing >>> 
Page 76
===========
Found at least one speaker :) ... replacing >>> 
Page 77
===========
Found at least one speaker :) ... replacing >>> 
Page 78
===========
Found no speaker; assign to previous identified speaker ==> DATUK_MADIUS_BIN_TANGAU_TUARAN
Page 79
===========
Found no speaker; assign to previous identified speaker ==> DATUK_MADIUS_BIN_TANGAU_TUARAN
Page 80
===========
Found at least one speaker :) ... replacing >>> 
Page 81
===========
Found at least one speaker :) ... replacing >>> 
Page 82
===========
Found at least one speaker :) ... replacing >>> 
For current block with title: Rawatan Air Langat 2 YB Datuk Seri Haji Noh bin Omar Tanjong Karang start page is 82 and end page is 115
Page 82
===========
Found at least one speaker :) ... replacing >>> 
Page 83
===========
Found no speaker; assign to previous identified speaker ==> DATUK_SERI_HAJI_NOH_BIN_OMAR_TANJONG_KARANG
Page 84
===========
Found at least one speaker :) ... replacing >>> 
Page 85
===========
Found at least one speaker :) ... replacing >>> 
Page 86
===========
Found at least one speaker :) ... replacing >>> 
Page 87
===========
Found at least one speaker :) ... replacing >>> 
Page 88
===========
Found at least one speaker :) ... replacing >>> 
Page 89
===========
Found at least one speaker :) ... replacing >>> 
Page 90
===========
Found at least one speaker :) ... replacing >>> 
Page 91
===========
Found at least one speaker :) ... replacing >>> 
Page 92
===========
Found at least one speaker :) ... replacing >>> 
Page 93
===========
Found at least one speaker :) ... replacing >>> 
Page 94
===========
Found at least one speaker :) ... replacing >>> 
Page 95
===========
Found at least one speaker :) ... replacing >>> 
Page 96
===========
Found at least one speaker :) ... replacing >>> 
Page 97
===========
Found at least one speaker :) ... replacing >>> 
Page 98
===========
Found at least one speaker :) ... replacing >>> 
Page 99
===========
Found at least one speaker :) ... replacing >>> 
Page 100
===========
Found at least one speaker :) ... replacing >>> 
Page 101
===========
Found at least one speaker :) ... replacing >>> 
Page 102
===========
Found at least one speaker :) ... replacing >>> 
Page 103
===========
Found at least one speaker :) ... replacing >>> 
Page 104
===========
Found at least one speaker :) ... replacing >>> 
Page 105
===========
Found at least one speaker :) ... replacing >>> 
Page 106
===========
Found at least one speaker :) ... replacing >>> 
Page 107
===========
Found at least one speaker :) ... replacing >>> 
Page 108
===========
Found at least one speaker :) ... replacing >>> 
Page 109
===========
Found at least one speaker :) ... replacing >>> 
Page 110
===========
Found at least one speaker :) ... replacing >>> 
Page 111
===========
Found at least one speaker :) ... replacing >>> 
Page 112
===========
Found at least one speaker :) ... replacing >>> 
Page 113
===========
Found at least one speaker :) ... replacing >>> 
Page 114
===========
Found at least one speaker :) ... replacing >>> 
Page 115
===========
Found at least one speaker :) ... replacing >>> 
Page 116
===========
Found at least one speaker :) ... replacing >>> 
For current block with title: Rang Undang undang Bekalan Elektrik Pindaan 2015 start page is 116 and end page is 134
Page 116
===========
Found at least one speaker :) ... replacing >>> 
Page 117
===========
Found at least one speaker :) ... replacing >>> 
Page 118
===========
Found at least one speaker :) ... replacing >>> 
Page 119
===========
Found at least one speaker :) ... replacing >>> 
Page 120
===========
Found no speaker; assign to previous identified speaker ==> BARU_YANG_DICADANGKAN_ADALAH_SEPERTI_BERIKUT
Page 121
===========
Found at least one speaker :) ... replacing >>> 
Page 122
===========
Found at least one speaker :) ... replacing >>> 
Page 123
===========
Found no speaker; assign to previous identified speaker ==> TUAN_SIM_TZE_TZIN_BAYAN_BARU
Page 124
===========
Found at least one speaker :) ... replacing >>> 
Page 125
===========
Found at least one speaker :) ... replacing >>> 
Page 126
===========
Found no speaker; assign to previous identified speaker ==> DATO_HASBULLAH_BIN_OSMAN_GERIK
Page 127
===========
Found at least one speaker :) ... replacing >>> 
Page 128
===========
Found at least one speaker :) ... replacing >>> 
Page 129
===========
Found at least one speaker :) ... replacing >>> 
Page 130
===========
Found no speaker; assign to previous identified speaker ==> DR_ONG_KIAN_MING_SERDANG
Page 131
===========
Found at least one speaker :) ... replacing >>> 
Page 132
===========
Found at least one speaker :) ... replacing >>> 
Page 133
===========
Found at least one speaker :) ... replacing >>> 
Page 134
===========
Found at least one speaker :) ... replacing >>> 
Page 135
===========
Found at least one speaker :) ... replacing >>> 
For current block with title: Pembekuan Jawatan Baru Perkhidmatan Awam YB Puan Teo Nie Ching Kulai start page is 135 and end page is 137
Page 135
===========
Found at least one speaker :) ... replacing >>> 
Page 136
===========
Found at least one speaker :) ... replacing >>> 
Page 137
===========
Found no speaker; assign to previous identified speaker ==> 31_DISEMBER_2014_JUMLAH_INI_MERANGKUMI
Page 138
===========
Found at least one speaker :) ... replacing >>> 
For current block with title: YB Tuan Laksamana Pertama B Haji Mohamad Imran bin Abd Hamid Lumut start page is 138 and end page is 140
Page 138
===========
Found at least one speaker :) ... replacing >>> 
Page 139
===========
Found at least one speaker :) ... replacing >>> 
Page 140
===========
Found at least one speaker :) ... replacing >>> 
Final ERR Count: 95
