PROCESSING DR-20102015 in /Users/leow/Desktop/PROJECTS/SINARPROJECT/parliamentmy-split/
Inside the function processHansardFile with meta of all
PROCESSING DR-20102015 in /Users/leow/Desktop/PROJECTS/SINARPROJECT/parliamentmy-split/
Title is: JAWAPAN-JAWAPAN LISAN BAGI PERTANYAAN-PERTANYAAN
Start Page is: 1
Title is: Rang Undang-undang Profesion Kesihatan Bersekutu 2015
Start Page is: 26
Title is: Rang Undang-undang Kumpulan Wang Simpanan Pekerja (Pindaan) 2015
Start Page is: 72
Sorted Pages and Title
=======================
Calculated block starting at page 1 end at page 25
Calculated block starting at page 26 end at page 71
FINALLY: Block starting at page 72 end at page 97
Copying to the file JAWAPAN JAWAPAN LISAN BAGI PERTANYAAN PERTANYAAN.pdf starting from page 2 till page 26
Copying to the file Rang Undang undang Profesion Kesihatan Bersekutu 2015.pdf starting from page 27 till page 72
Copying to the file Rang Undang undang Kumpulan Wang Simpanan Pekerja Pindaan 2015.pdf starting from page 73 till page 98
Copying to the file 0-intro.pdf starting from page 1 till page 1
For current block with title: JAWAPAN JAWAPAN LISAN BAGI PERTANYAAN PERTANYAAN start page is 2 and end page is 26
Page 2
===========
Found at least one speaker :) ... replacing >>> 
Page 3
===========
Found no speaker; assign to previous identified speaker ==> MENTERI_PERDAGANGAN_ANTARABANGSA_DAN_INDUSTRI_DATO_SRI_MUSTAPA_MOHAMED
Page 4
===========
Found no speaker; assign to previous identified speaker ==> MENTERI_PERDAGANGAN_ANTARABANGSA_DAN_INDUSTRI_DATO_SRI_MUSTAPA_MOHAMED
Page 5
===========
Found at least one speaker :) ... replacing >>> 
Page 6
===========
Found at least one speaker :) ... replacing >>> 
Page 7
===========
Found no speaker; assign to previous identified speaker ==> DATO_SRI_MUSTAPA_MOHAMED
Page 8
===========
Found at least one speaker :) ... replacing >>> 
Page 9
===========
Found at least one speaker :) ... replacing >>> 
Page 10
===========
Found at least one speaker :) ... replacing >>> 
Page 11
===========
Found at least one speaker :) ... replacing >>> 
Page 12
===========
Found at least one speaker :) ... replacing >>> 
Page 13
===========
Found no speaker; assign to previous identified speaker ==> TIMBALAN_MENTERI_PENDIDIKAN_TUAN_P_KAMALANANTHAN_AL_P_PANCHANATHAN
Page 14
===========
Found at least one speaker :) ... replacing >>> 
Page 15
===========
Found at least one speaker :) ... replacing >>> 
Page 16
===========
Found at least one speaker :) ... replacing >>> 
Page 17
===========
Found at least one speaker :) ... replacing >>> 
Page 18
===========
Found at least one speaker :) ... replacing >>> 
Page 19
===========
Found at least one speaker :) ... replacing >>> 
Page 20
===========
Found at least one speaker :) ... replacing >>> 
Page 21
===========
Found at least one speaker :) ... replacing >>> 
Page 22
===========
Found at least one speaker :) ... replacing >>> 
Page 23
===========
Found at least one speaker :) ... replacing >>> 
Page 24
===========
Found at least one speaker :) ... replacing >>> 
Page 25
===========
Found at least one speaker :) ... replacing >>> 
Page 26
===========
Found at least one speaker :) ... replacing >>> 
Page 27
===========
Found at least one speaker :) ... replacing >>> 
For current block with title: Rang Undang undang Profesion Kesihatan Bersekutu 2015 start page is 27 and end page is 72
Page 27
===========
Found at least one speaker :) ... replacing >>> 
Page 28
===========
Found at least one speaker :) ... replacing >>> 
Page 29
===========
Found no speaker; assign to previous identified speaker ==> TUAN_YANG_DIPERTUA
Page 30
===========
Found no speaker; assign to previous identified speaker ==> TUAN_YANG_DIPERTUA
Page 31
===========
Found no speaker; assign to previous identified speaker ==> TUAN_YANG_DIPERTUA
Page 32
===========
Found at least one speaker :) ... replacing >>> 
Page 33
===========
Found at least one speaker :) ... replacing >>> 
Page 34
===========
Found at least one speaker :) ... replacing >>> 
Page 35
===========
Found at least one speaker :) ... replacing >>> 
Page 36
===========
Found at least one speaker :) ... replacing >>> 
Page 37
===========
Found at least one speaker :) ... replacing >>> 
Page 38
===========
Found at least one speaker :) ... replacing >>> 
Page 39
===========
Found at least one speaker :) ... replacing >>> 
Page 40
===========
Found at least one speaker :) ... replacing >>> 
Page 41
===========
Found at least one speaker :) ... replacing >>> 
Page 42
===========
Found no speaker; assign to previous identified speaker ==> TUAN_HAJI_MOHIZAM_IBRAHIM_KUALA_SELANGOR
Page 43
===========
Found no speaker; assign to previous identified speaker ==> TUAN_HAJI_MOHIZAM_IBRAHIM_KUALA_SELANGOR
Page 44
===========
Found at least one speaker :) ... replacing >>> 
Page 45
===========
Found at least one speaker :) ... replacing >>> 
Page 46
===========
Found no speaker; assign to previous identified speaker ==> DATO_SHAMSUL_ANUAR_BIN_HAJI_NASARAH_LENGGONG
Page 47
===========
Found at least one speaker :) ... replacing >>> 
Page 48
===========
Found at least one speaker :) ... replacing >>> 
Page 49
===========
Found at least one speaker :) ... replacing >>> 
Page 50
===========
Found at least one speaker :) ... replacing >>> 
Page 51
===========
Found at least one speaker :) ... replacing >>> 
Page 52
===========
Found at least one speaker :) ... replacing >>> 
Page 53
===========
Found at least one speaker :) ... replacing >>> 
Page 54
===========
Found at least one speaker :) ... replacing >>> 
Page 55
===========
Found at least one speaker :) ... replacing >>> 
Page 56
===========
Found no speaker; assign to previous identified speaker ==> DR_IZANI_BIN_HUSIN_PENGKALAN_CHEPA
Page 57
===========
Found at least one speaker :) ... replacing >>> 
Page 58
===========
Found at least one speaker :) ... replacing >>> 
Page 59
===========
Found at least one speaker :) ... replacing >>> 
Page 60
===========
Found at least one speaker :) ... replacing >>> 
Page 61
===========
Found no speaker; assign to previous identified speaker ==> MINNASYAITANIRAJIM_MEMBACA_POTONGAN_AYAT_ALQURAN
Page 62
===========
Found at least one speaker :) ... replacing >>> 
Page 63
===========
Found at least one speaker :) ... replacing >>> 
Page 64
===========
Found at least one speaker :) ... replacing >>> 
Page 65
===========
Found no speaker; assign to previous identified speaker ==> DATO_SERI_DR_HILMI_BIN_YAHAYA
Page 66
===========
Found at least one speaker :) ... replacing >>> 
Page 67
===========
Found at least one speaker :) ... replacing >>> 
Page 68
===========
Found no speaker; assign to previous identified speaker ==> DATO_SERI_DR_HILMI_BIN_YAHAYA
Page 69
===========
Found at least one speaker :) ... replacing >>> 
Page 70
===========
Found at least one speaker :) ... replacing >>> 
Page 71
===========
Found at least one speaker :) ... replacing >>> 
Page 72
===========
Found at least one speaker :) ... replacing >>> 
Page 73
===========
Found at least one speaker :) ... replacing >>> 
For current block with title: Rang Undang undang Kumpulan Wang Simpanan Pekerja Pindaan 2015 start page is 73 and end page is 98
Page 73
===========
Found at least one speaker :) ... replacing >>> 
Page 74
===========
Found at least one speaker :) ... replacing >>> 
Page 75
===========
Found at least one speaker :) ... replacing >>> 
Page 76
===========
Found at least one speaker :) ... replacing >>> 
Page 77
===========
Found at least one speaker :) ... replacing >>> 
Page 78
===========
Found at least one speaker :) ... replacing >>> 
Page 79
===========
Found at least one speaker :) ... replacing >>> 
Page 80
===========
Found at least one speaker :) ... replacing >>> 
Page 81
===========
Found no speaker; assign to previous identified speaker ==> DR_SITI_MARIAH_BINTI_MAHMUD_KOTA_RAJA
Page 82
===========
Found at least one speaker :) ... replacing >>> 
Page 83
===========
Found no speaker; assign to previous identified speaker ==> IR_SHAHARUDDIN_BIN_ISMAIL_KANGAR
Page 84
===========
Found at least one speaker :) ... replacing >>> 
Page 85
===========
Found at least one speaker :) ... replacing >>> 
Page 86
===========
Found no speaker; assign to previous identified speaker ==> TUAN_MOHAMED_HANIPA_BIN_MAIDIN_SEPANG
Page 87
===========
Found at least one speaker :) ... replacing >>> 
Page 88
===========
Found at least one speaker :) ... replacing >>> 
Page 89
===========
Found at least one speaker :) ... replacing >>> 
Page 90
===========
Found at least one speaker :) ... replacing >>> 
Page 91
===========
Found at least one speaker :) ... replacing >>> 
Page 92
===========
Found at least one speaker :) ... replacing >>> 
Page 93
===========
Found at least one speaker :) ... replacing >>> 
Page 94
===========
Found at least one speaker :) ... replacing >>> 
Page 95
===========
Found at least one speaker :) ... replacing >>> 
Page 96
===========
Found at least one speaker :) ... replacing >>> 
Page 97
===========
Found at least one speaker :) ... replacing >>> 
Page 98
===========
Found at least one speaker :) ... replacing >>> 
Final ERR Count: 69
