PROCESSING DR-26112015 in /Users/leow/Desktop/PROJECTS/SINARPROJECT/parliamentmy-split/
Inside the function processHansardFile with meta of all
PROCESSING DR-26112015 in /Users/leow/Desktop/PROJECTS/SINARPROJECT/parliamentmy-split/
Title is: JAWAPAN-JAWAPAN LISAN BAGI PERTANYAAN-PERTANYAAN
Start Page is: 1
Title is: RANG UNDANG DIBAWA KE DALAM MESYUARAT
Start Page is: 26
Title is: - Maksud B.43
Start Page is: 27
Title is: Maksud B.45
Start Page is: 96
Title is: Maksud B.46
Start Page is: 140
Title is: Waktu Mesyuarat dan Urusan Dibebaskan Daripada Peraturan Mesyuarat
Start Page is: 26
Title is: - Maksud P.43
Start Page is: 27
Title is: Maksud P.45
Start Page is: 96
Title is: Maksud P.46
Start Page is: 140
Sorted Pages and Title
=======================
Calculated block starting at page 1 end at page 25
Calculated block starting at page 26 end at page 26
Calculated block starting at page 27 end at page 95
Calculated block starting at page 96 end at page 139
FINALLY: Block starting at page 140 end at page 174
Copying to the file JAWAPAN JAWAPAN LISAN BAGI PERTANYAAN PERTANYAAN.pdf starting from page 2 till page 26
Copying to the file Waktu Mesyuarat dan Urusan Dibebaskan Daripada Peraturan Mesyuarat.pdf starting from page 27 till page 27
Copying to the file Maksud P 43.pdf starting from page 28 till page 96
Copying to the file Maksud P 45.pdf starting from page 97 till page 140
Copying to the file Maksud P 46.pdf starting from page 141 till page 175
Copying to the file 0-intro.pdf starting from page 1 till page 1
For current block with title: JAWAPAN JAWAPAN LISAN BAGI PERTANYAAN PERTANYAAN start page is 2 and end page is 26
Page 2
===========
Found at least one speaker :) ... replacing >>> 
Page 3
===========
Found at least one speaker :) ... replacing >>> 
Page 4
===========
Found at least one speaker :) ... replacing >>> 
Page 5
===========
Found at least one speaker :) ... replacing >>> 
Page 6
===========
Found at least one speaker :) ... replacing >>> 
Page 7
===========
Found at least one speaker :) ... replacing >>> 
Page 8
===========
Found at least one speaker :) ... replacing >>> 
Page 9
===========
Found at least one speaker :) ... replacing >>> 
Page 10
===========
Found at least one speaker :) ... replacing >>> 
Page 11
===========
Found at least one speaker :) ... replacing >>> 
Page 12
===========
Found at least one speaker :) ... replacing >>> 
Page 13
===========
Found at least one speaker :) ... replacing >>> 
Page 14
===========
Found at least one speaker :) ... replacing >>> 
Page 15
===========
Found at least one speaker :) ... replacing >>> 
Page 16
===========
Found at least one speaker :) ... replacing >>> 
Page 17
===========
Found at least one speaker :) ... replacing >>> 
Page 18
===========
Found at least one speaker :) ... replacing >>> 
Page 19
===========
Found at least one speaker :) ... replacing >>> 
Page 20
===========
Found at least one speaker :) ... replacing >>> 
Page 21
===========
Found at least one speaker :) ... replacing >>> 
Page 22
===========
Found at least one speaker :) ... replacing >>> 
Page 23
===========
Found at least one speaker :) ... replacing >>> 
Page 24
===========
Found at least one speaker :) ... replacing >>> 
Page 25
===========
Found at least one speaker :) ... replacing >>> 
Page 26
===========
Found no speaker; assign to previous identified speaker ==> SERI_AHMAD_BASHAH_BIN_MD_HANIPAH
Page 27
===========
Found at least one speaker :) ... replacing >>> 
For current block with title: Waktu Mesyuarat dan Urusan Dibebaskan Daripada Peraturan Mesyuarat start page is 27 and end page is 27
Page 27
===========
Found at least one speaker :) ... replacing >>> 
Page 28
===========
Found at least one speaker :) ... replacing >>> 
For current block with title: Maksud P 43 start page is 28 and end page is 96
Page 28
===========
Found at least one speaker :) ... replacing >>> 
Page 29
===========
Found no speaker; assign to previous identified speaker ==> DATO_DR_MUJAHID_BIN_YUSOF_RAWA_PARIT_BUNTAR
Page 30
===========
Found no speaker; assign to previous identified speaker ==> DATO_DR_MUJAHID_BIN_YUSOF_RAWA_PARIT_BUNTAR
Page 31
===========
Found at least one speaker :) ... replacing >>> 
Page 32
===========
Found at least one speaker :) ... replacing >>> 
Page 33
===========
Found at least one speaker :) ... replacing >>> 
Page 34
===========
Found no speaker; assign to previous identified speaker ==> DATO_SHAMSUL_ANUAR_BIN_HAJI_NASARAH_LENGGONG
Page 35
===========
Found at least one speaker :) ... replacing >>> 
Page 36
===========
Found at least one speaker :) ... replacing >>> 
Page 37
===========
Found at least one speaker :) ... replacing >>> 
Page 38
===========
Found at least one speaker :) ... replacing >>> 
Page 39
===========
Found at least one speaker :) ... replacing >>> 
Page 40
===========
Found at least one speaker :) ... replacing >>> 
Page 41
===========
Found at least one speaker :) ... replacing >>> 
Page 42
===========
Found at least one speaker :) ... replacing >>> 
Page 43
===========
Found no speaker; assign to previous identified speaker ==> DR_SITI_MARIAH_BINTI_MAHMUD_KOTA_RAJA
Page 44
===========
Found at least one speaker :) ... replacing >>> 
Page 45
===========
Found at least one speaker :) ... replacing >>> 
Page 46
===========
Found no speaker; assign to previous identified speaker ==> DATO_HAJI_MAHFUZ_BIN_HAJI_OMAR_POKOK_SENA
Page 47
===========
Found at least one speaker :) ... replacing >>> 
Page 48
===========
Found at least one speaker :) ... replacing >>> 
Page 49
===========
Found at least one speaker :) ... replacing >>> 
Page 50
===========
Found at least one speaker :) ... replacing >>> 
Page 51
===========
Found at least one speaker :) ... replacing >>> 
Page 52
===========
Found at least one speaker :) ... replacing >>> 
Page 53
===========
Found no speaker; assign to previous identified speaker ==> TUAN_HAJI_HASBI_BIN_HAJI_HABIBOLLAH_LIMBANG
Page 54
===========
Found at least one speaker :) ... replacing >>> 
Page 55
===========
Found at least one speaker :) ... replacing >>> 
Page 56
===========
Found at least one speaker :) ... replacing >>> 
Page 57
===========
Found at least one speaker :) ... replacing >>> 
Page 58
===========
Found at least one speaker :) ... replacing >>> 
Page 59
===========
Found at least one speaker :) ... replacing >>> 
Page 60
===========
Found at least one speaker :) ... replacing >>> 
Page 61
===========
Found at least one speaker :) ... replacing >>> 
Page 62
===========
Found at least one speaker :) ... replacing >>> 
Page 63
===========
Found at least one speaker :) ... replacing >>> 
Page 64
===========
Found no speaker; assign to previous identified speaker ==> DATUK_ABDUL_RAHMAN_DAHLAN
Page 65
===========
Found at least one speaker :) ... replacing >>> 
Page 66
===========
Found at least one speaker :) ... replacing >>> 
Page 67
===========
Found at least one speaker :) ... replacing >>> 
Page 68
===========
Found at least one speaker :) ... replacing >>> 
Page 69
===========
Found at least one speaker :) ... replacing >>> 
Page 70
===========
Found at least one speaker :) ... replacing >>> 
Page 71
===========
Found at least one speaker :) ... replacing >>> 
Page 72
===========
Found at least one speaker :) ... replacing >>> 
Page 73
===========
Found at least one speaker :) ... replacing >>> 
Page 74
===========
Found at least one speaker :) ... replacing >>> 
Page 75
===========
Found at least one speaker :) ... replacing >>> 
Page 76
===========
Found at least one speaker :) ... replacing >>> 
Page 77
===========
Found at least one speaker :) ... replacing >>> 
Page 78
===========
Found at least one speaker :) ... replacing >>> 
Page 79
===========
Found at least one speaker :) ... replacing >>> 
Page 80
===========
Found at least one speaker :) ... replacing >>> 
Page 81
===========
Found at least one speaker :) ... replacing >>> 
Page 82
===========
Found at least one speaker :) ... replacing >>> 
Page 83
===========
Found at least one speaker :) ... replacing >>> 
Page 84
===========
Found at least one speaker :) ... replacing >>> 
Page 85
===========
Found at least one speaker :) ... replacing >>> 
Page 86
===========
Found at least one speaker :) ... replacing >>> 
Page 87
===========
Found at least one speaker :) ... replacing >>> 
Page 88
===========
Found at least one speaker :) ... replacing >>> 
Page 89
===========
Found at least one speaker :) ... replacing >>> 
Page 90
===========
Found at least one speaker :) ... replacing >>> 
Page 91
===========
Found at least one speaker :) ... replacing >>> 
Page 92
===========
Found no speaker; assign to previous identified speaker ==> DATUK_ABDUL_RAHMAN_DAHLAN
Page 93
===========
Found at least one speaker :) ... replacing >>> 
Page 94
===========
Found at least one speaker :) ... replacing >>> 
Page 95
===========
Found at least one speaker :) ... replacing >>> 
Page 96
===========
Found at least one speaker :) ... replacing >>> 
Page 97
===========
Found at least one speaker :) ... replacing >>> 
For current block with title: Maksud P 45 start page is 97 and end page is 140
Page 97
===========
Found at least one speaker :) ... replacing >>> 
Page 98
===========
Found no speaker; assign to previous identified speaker ==> TAN_SRI_DATUK_SERI_PANGLIMA_HAJI_ANNUAR_BIN_HAJI_MUSA_KETEREH
Page 99
===========
Found no speaker; assign to previous identified speaker ==> TAN_SRI_DATUK_SERI_PANGLIMA_HAJI_ANNUAR_BIN_HAJI_MUSA_KETEREH
Page 100
===========
Found at least one speaker :) ... replacing >>> 
Page 101
===========
Found at least one speaker :) ... replacing >>> 
Page 102
===========
Found at least one speaker :) ... replacing >>> 
Page 103
===========
Found no speaker; assign to previous identified speaker ==> TUAN_ANUAR_BIN_ABD_MANAP_SEKIJANG
Page 104
===========
Found at least one speaker :) ... replacing >>> 
Page 105
===========
Found at least one speaker :) ... replacing >>> 
Page 106
===========
Found at least one speaker :) ... replacing >>> 
Page 107
===========
Found no speaker; assign to previous identified speaker ==> TUAN_AHMAD_MARZUK_BIN_SHAARY_BACHOK
Page 108
===========
Found at least one speaker :) ... replacing >>> 
Page 109
===========
Found at least one speaker :) ... replacing >>> 
Page 110
===========
Found at least one speaker :) ... replacing >>> 
Page 111
===========
Found at least one speaker :) ... replacing >>> 
Page 112
===========
Found no speaker; assign to previous identified speaker ==> TUAN_MANIVANNAN_AL_GOWINDASAMY_KAPAR
Page 113
===========
Found at least one speaker :) ... replacing >>> 
Page 114
===========
Found at least one speaker :) ... replacing >>> 
Page 115
===========
Found at least one speaker :) ... replacing >>> 
Page 116
===========
Found at least one speaker :) ... replacing >>> 
Page 117
===========
Found at least one speaker :) ... replacing >>> 
Page 118
===========
Found at least one speaker :) ... replacing >>> 
Page 119
===========
Found no speaker; assign to previous identified speaker ==> DATO_SHAMSUL_ANUAR_BIN_HAJI_NASARAH_LENGGONG
Page 120
===========
Found at least one speaker :) ... replacing >>> 
Page 121
===========
Found at least one speaker :) ... replacing >>> 
Page 122
===========
Found at least one speaker :) ... replacing >>> 
Page 123
===========
Found at least one speaker :) ... replacing >>> 
Page 124
===========
Found no speaker; assign to previous identified speaker ==> DATO_JOHARI_BIN_ABDUL_SUNGAI_PETANI
Page 125
===========
Found no speaker; assign to previous identified speaker ==> DATO_JOHARI_BIN_ABDUL_SUNGAI_PETANI
Page 126
===========
Found at least one speaker :) ... replacing >>> 
Page 127
===========
Found at least one speaker :) ... replacing >>> 
Page 128
===========
Found at least one speaker :) ... replacing >>> 
Page 129
===========
Found at least one speaker :) ... replacing >>> 
Page 130
===========
Found at least one speaker :) ... replacing >>> 
Page 131
===========
Found at least one speaker :) ... replacing >>> 
Page 132
===========
Found at least one speaker :) ... replacing >>> 
Page 133
===========
Found at least one speaker :) ... replacing >>> 
Page 134
===========
Found at least one speaker :) ... replacing >>> 
Page 135
===========
Found at least one speaker :) ... replacing >>> 
Page 136
===========
Found at least one speaker :) ... replacing >>> 
Page 137
===========
Found at least one speaker :) ... replacing >>> 
Page 138
===========
Found at least one speaker :) ... replacing >>> 
Page 139
===========
Found at least one speaker :) ... replacing >>> 
Page 140
===========
Found at least one speaker :) ... replacing >>> 
Page 141
===========
Found at least one speaker :) ... replacing >>> 
For current block with title: Maksud P 46 start page is 141 and end page is 175
Page 141
===========
Found at least one speaker :) ... replacing >>> 
Page 142
===========
Found at least one speaker :) ... replacing >>> 
Page 143
===========
Found no speaker; assign to previous identified speaker ==> DATO_NORAINI_BINTI_AHMAD_PARIT_SULUNG
Page 144
===========
Found at least one speaker :) ... replacing >>> 
Page 145
===========
Found no speaker; assign to previous identified speaker ==> TUAN_MOHAMED_HANIPA_BIN_MAIDIN_SEPANG
Page 146
===========
Found no speaker; assign to previous identified speaker ==> TUAN_MOHAMED_HANIPA_BIN_MAIDIN_SEPANG
Page 147
===========
Found at least one speaker :) ... replacing >>> 
Page 148
===========
Found at least one speaker :) ... replacing >>> 
Page 149
===========
Found no speaker; assign to previous identified speaker ==> PUAN_HAJAH_NORMALA_BINTI_ABDUL_SAMAD_PASIR_GUDANG
Page 150
===========
Found no speaker; assign to previous identified speaker ==> PUAN_HAJAH_NORMALA_BINTI_ABDUL_SAMAD_PASIR_GUDANG
Page 151
===========
Found at least one speaker :) ... replacing >>> 
Page 152
===========
Found at least one speaker :) ... replacing >>> 
Page 153
===========
Found at least one speaker :) ... replacing >>> 
Page 154
===========
Found at least one speaker :) ... replacing >>> 
Page 155
===========
Found at least one speaker :) ... replacing >>> 
Page 156
===========
Found no speaker; assign to previous identified speaker ==> DATO_HASBULLAH_BIN_OSMAN_GERIK
Page 157
===========
Found at least one speaker :) ... replacing >>> 
Page 158
===========
Found at least one speaker :) ... replacing >>> 
Page 159
===========
Found at least one speaker :) ... replacing >>> 
Page 160
===========
Found at least one speaker :) ... replacing >>> 
Page 161
===========
Found at least one speaker :) ... replacing >>> 
Page 162
===========
Found no speaker; assign to previous identified speaker ==> TENTULAH_SUKAR_UNTUK_PIHAK_UNION_HENDAK_MENDAPATKAN_50
Page 163
===========
Found at least one speaker :) ... replacing >>> 
Page 164
===========
Found at least one speaker :) ... replacing >>> 
Page 165
===========
Found at least one speaker :) ... replacing >>> 
Page 166
===========
Found at least one speaker :) ... replacing >>> 
Page 167
===========
Found at least one speaker :) ... replacing >>> 
Page 168
===========
Found at least one speaker :) ... replacing >>> 
Page 169
===========
Found at least one speaker :) ... replacing >>> 
Page 170
===========
Found at least one speaker :) ... replacing >>> 
Page 171
===========
Found at least one speaker :) ... replacing >>> 
Page 172
===========
Found at least one speaker :) ... replacing >>> 
Page 173
===========
Found at least one speaker :) ... replacing >>> 
Page 174
===========
Found at least one speaker :) ... replacing >>> 
Page 175
===========
Found at least one speaker :) ... replacing >>> 
Final ERR Count: 129
