PROCESSING DR-25112015 in /Users/leow/Desktop/PROJECTS/SINARPROJECT/parliamentmy-split/
Inside the function processHansardFile with meta of all
PROCESSING DR-25112015 in /Users/leow/Desktop/PROJECTS/SINARPROJECT/parliamentmy-split/
Title is: JAWAPAN-JAWAPAN LISAN BAGI PERTANYAAN-PERTANYAAN
Start Page is: 1
Title is: Penjelasan Lanjut Terhadap Kuasa PDRM Untuk Menangkap PATI
Start Page is: 26
Title is: RANG UNDANG-UNDANG DIBAWA KE DALAM MESYUARAT
Start Page is: 27
Title is: - Maksud B.31
Start Page is: 30
Title is: Maksud B.32
Start Page is: 75
Title is: Maksud B.42
Start Page is: 107
Title is: Waktu Mesyuarat dan Urusan Dibebaskan Daripada Peraturan Mesyuarat
Start Page is: 27
Title is: - Maksud P.31
Start Page is: 30
Title is: Maksud P.32
Start Page is: 75
Title is: Maksud P.42
Start Page is: 107
Sorted Pages and Title
=======================
Calculated block starting at page 1 end at page 25
Calculated block starting at page 26 end at page 26
Calculated block starting at page 27 end at page 29
Calculated block starting at page 30 end at page 74
Calculated block starting at page 75 end at page 106
FINALLY: Block starting at page 107 end at page 170
Copying to the file JAWAPAN JAWAPAN LISAN BAGI PERTANYAAN PERTANYAAN.pdf starting from page 2 till page 26
Copying to the file Penjelasan Lanjut Terhadap Kuasa PDRM Untuk Menangkap PATI.pdf starting from page 27 till page 27
Copying to the file Waktu Mesyuarat dan Urusan Dibebaskan Daripada Peraturan Mesyuarat.pdf starting from page 28 till page 30
Copying to the file Maksud P 31.pdf starting from page 31 till page 75
Copying to the file Maksud P 32.pdf starting from page 76 till page 107
Copying to the file Maksud P 42.pdf starting from page 108 till page 171
Copying to the file 0-intro.pdf starting from page 1 till page 1
For current block with title: JAWAPAN JAWAPAN LISAN BAGI PERTANYAAN PERTANYAAN start page is 2 and end page is 26
Page 2
===========
Found at least one speaker :) ... replacing >>> 
Page 3
===========
Found at least one speaker :) ... replacing >>> 
Page 4
===========
Found at least one speaker :) ... replacing >>> 
Page 5
===========
Found at least one speaker :) ... replacing >>> 
Page 6
===========
Found at least one speaker :) ... replacing >>> 
Page 7
===========
Found at least one speaker :) ... replacing >>> 
Page 8
===========
Found at least one speaker :) ... replacing >>> 
Page 9
===========
Found at least one speaker :) ... replacing >>> 
Page 10
===========
Found at least one speaker :) ... replacing >>> 
Page 11
===========
Found at least one speaker :) ... replacing >>> 
Page 12
===========
Found at least one speaker :) ... replacing >>> 
Page 13
===========
Found at least one speaker :) ... replacing >>> 
Page 14
===========
Found at least one speaker :) ... replacing >>> 
Page 15
===========
Found at least one speaker :) ... replacing >>> 
Page 16
===========
Found at least one speaker :) ... replacing >>> 
Page 17
===========
Found at least one speaker :) ... replacing >>> 
Page 18
===========
Found at least one speaker :) ... replacing >>> 
Page 19
===========
Found at least one speaker :) ... replacing >>> 
Page 20
===========
Found at least one speaker :) ... replacing >>> 
Page 21
===========
Found at least one speaker :) ... replacing >>> 
Page 22
===========
Found at least one speaker :) ... replacing >>> 
Page 23
===========
Found at least one speaker :) ... replacing >>> 
Page 24
===========
Found at least one speaker :) ... replacing >>> 
Page 25
===========
Found no speaker; assign to previous identified speaker ==> AZIZAH_BINTI_DATUK_SERI_PANGLIMA_MOHD_DUN
Page 26
===========
Found at least one speaker :) ... replacing >>> 
Page 27
===========
Found at least one speaker :) ... replacing >>> 
For current block with title: Penjelasan Lanjut Terhadap Kuasa PDRM Untuk Menangkap PATI start page is 27 and end page is 27
Page 27
===========
Found at least one speaker :) ... replacing >>> 
Page 28
===========
Found at least one speaker :) ... replacing >>> 
For current block with title: Waktu Mesyuarat dan Urusan Dibebaskan Daripada Peraturan Mesyuarat start page is 28 and end page is 30
Page 28
===========
Found at least one speaker :) ... replacing >>> 
Page 29
===========
Found at least one speaker :) ... replacing >>> 
Page 30
===========
Found at least one speaker :) ... replacing >>> 
Page 31
===========
Found at least one speaker :) ... replacing >>> 
For current block with title: Maksud P 31 start page is 31 and end page is 75
Page 31
===========
Found at least one speaker :) ... replacing >>> 
Page 32
===========
Found at least one speaker :) ... replacing >>> 
Page 33
===========
Found no speaker; assign to previous identified speaker ==> TUAN_LOKE_SIEW_FOOK_SEREMBAN
Page 34
===========
Found at least one speaker :) ... replacing >>> 
Page 35
===========
Found at least one speaker :) ... replacing >>> 
Page 36
===========
Found at least one speaker :) ... replacing >>> 
Page 37
===========
Found at least one speaker :) ... replacing >>> 
Page 38
===========
Found at least one speaker :) ... replacing >>> 
Page 39
===========
Found at least one speaker :) ... replacing >>> 
Page 40
===========
Found at least one speaker :) ... replacing >>> 
Page 41
===========
Found at least one speaker :) ... replacing >>> 
Page 42
===========
Found at least one speaker :) ... replacing >>> 
Page 43
===========
Found at least one speaker :) ... replacing >>> 
Page 44
===========
Found at least one speaker :) ... replacing >>> 
Page 45
===========
Found at least one speaker :) ... replacing >>> 
Page 46
===========
Found at least one speaker :) ... replacing >>> 
Page 47
===========
Found no speaker; assign to previous identified speaker ==> DATUK_SERI_PANGLIMA_ABDUL_AZEEZ_BIN_ABDUL_RAHIM_BALING
Page 48
===========
Found at least one speaker :) ... replacing >>> 
Page 49
===========
Found at least one speaker :) ... replacing >>> 
Page 50
===========
Found at least one speaker :) ... replacing >>> 
Page 51
===========
Found at least one speaker :) ... replacing >>> 
Page 52
===========
Found at least one speaker :) ... replacing >>> 
Page 53
===========
Found at least one speaker :) ... replacing >>> 
Page 54
===========
Found no speaker; assign to previous identified speaker ==> DR_HAJI_NOOR_AZMI_BIN_GHAZALI_BAGAN_SERAI
Page 55
===========
Found at least one speaker :) ... replacing >>> 
Page 56
===========
Found no speaker; assign to previous identified speaker ==> DATO_HAJI_MAHFUZ_BIN_HAJI_OMAR_POKOK_SENA
Page 57
===========
Found at least one speaker :) ... replacing >>> 
Page 58
===========
Found at least one speaker :) ... replacing >>> 
Page 59
===========
Found at least one speaker :) ... replacing >>> 
Page 60
===========
Found no speaker; assign to previous identified speaker ==> TUAN_NGA_KOR_MING_TAIPING
Page 61
===========
Found at least one speaker :) ... replacing >>> 
Page 62
===========
Found at least one speaker :) ... replacing >>> 
Page 63
===========
Found at least one speaker :) ... replacing >>> 
Page 64
===========
Found no speaker; assign to previous identified speaker ==> DATO_SERI_MOHAMED_NAZRI_ABDUL_AZIZ
Page 65
===========
Found at least one speaker :) ... replacing >>> 
Page 66
===========
Found at least one speaker :) ... replacing >>> 
Page 67
===========
Found at least one speaker :) ... replacing >>> 
Page 68
===========
Found at least one speaker :) ... replacing >>> 
Page 69
===========
Found at least one speaker :) ... replacing >>> 
Page 70
===========
Found at least one speaker :) ... replacing >>> 
Page 71
===========
Found at least one speaker :) ... replacing >>> 
Page 72
===========
Found at least one speaker :) ... replacing >>> 
Page 73
===========
Found at least one speaker :) ... replacing >>> 
Page 74
===========
Found at least one speaker :) ... replacing >>> 
Page 75
===========
Found at least one speaker :) ... replacing >>> 
Page 76
===========
Found at least one speaker :) ... replacing >>> 
For current block with title: Maksud P 32 start page is 76 and end page is 107
Page 76
===========
Found at least one speaker :) ... replacing >>> 
Page 77
===========
Found at least one speaker :) ... replacing >>> 
Page 78
===========
Found at least one speaker :) ... replacing >>> 
Page 79
===========
Found at least one speaker :) ... replacing >>> 
Page 80
===========
Found at least one speaker :) ... replacing >>> 
Page 81
===========
Found at least one speaker :) ... replacing >>> 
Page 82
===========
Found at least one speaker :) ... replacing >>> 
Page 83
===========
Found no speaker; assign to previous identified speaker ==> PUAN_NURUL_IZZAH_BINTI_ANWAR_LEMBAH_PANTAI
Page 84
===========
Found at least one speaker :) ... replacing >>> 
Page 85
===========
Found at least one speaker :) ... replacing >>> 
Page 86
===========
Found no speaker; assign to previous identified speaker ==> DR_MOHD_HATTA_BIN_MD_RAMLI_KUALA_KRAI
Page 87
===========
Found at least one speaker :) ... replacing >>> 
Page 88
===========
Found no speaker; assign to previous identified speaker ==> PUAN_TERESA_KOK_SUH_SIM_SEPUTEH
Page 89
===========
Found at least one speaker :) ... replacing >>> 
Page 90
===========
Found no speaker; assign to previous identified speaker ==> TUAN_CHUA_TIAN_CHANG_TIAN_CHUA_BATU
Page 91
===========
Found at least one speaker :) ... replacing >>> 
Page 92
===========
Found at least one speaker :) ... replacing >>> 
Page 93
===========
Found at least one speaker :) ... replacing >>> 
Page 94
===========
Found at least one speaker :) ... replacing >>> 
Page 95
===========
Found at least one speaker :) ... replacing >>> 
Page 96
===========
Found at least one speaker :) ... replacing >>> 
Page 97
===========
Found at least one speaker :) ... replacing >>> 
Page 98
===========
Found at least one speaker :) ... replacing >>> 
Page 99
===========
Found at least one speaker :) ... replacing >>> 
Page 100
===========
Found at least one speaker :) ... replacing >>> 
Page 101
===========
Found at least one speaker :) ... replacing >>> 
Page 102
===========
Found at least one speaker :) ... replacing >>> 
Page 103
===========
Found at least one speaker :) ... replacing >>> 
Page 104
===========
Found at least one speaker :) ... replacing >>> 
Page 105
===========
Found at least one speaker :) ... replacing >>> 
Page 106
===========
Found at least one speaker :) ... replacing >>> 
Page 107
===========
Found at least one speaker :) ... replacing >>> 
Page 108
===========
Found at least one speaker :) ... replacing >>> 
For current block with title: Maksud P 42 start page is 108 and end page is 171
Page 108
===========
Found at least one speaker :) ... replacing >>> 
Page 109
===========
Found no speaker; assign to previous identified speaker ==> SETELAH_LAYAK_MEMILIKI_MS_ISO_9001
Page 110
===========
Found at least one speaker :) ... replacing >>> 
Page 111
===========
Found no speaker; assign to previous identified speaker ==> PADA_23_FEBRUARI_2015_SAYA_QUOTE_DENGAN_IZIN_SEDUTANNYA_MEMBACA_PETIKAN
Page 112
===========
Found no speaker; assign to previous identified speaker ==> PADA_23_FEBRUARI_2015_SAYA_QUOTE_DENGAN_IZIN_SEDUTANNYA_MEMBACA_PETIKAN
Page 113
===========
Found at least one speaker :) ... replacing >>> 
Page 114
===========
Found at least one speaker :) ... replacing >>> 
Page 115
===========
Found no speaker; assign to previous identified speaker ==> TUAN_KO_CHUNG_SEN_KAMPAR
Page 116
===========
Found at least one speaker :) ... replacing >>> 
Page 117
===========
Found at least one speaker :) ... replacing >>> 
Page 118
===========
Found at least one speaker :) ... replacing >>> 
Page 119
===========
Found no speaker; assign to previous identified speaker ==> DR_SITI_MARIAH_BINTI_MAHMUD_KOTA_RAJA
Page 120
===========
Found at least one speaker :) ... replacing >>> 
Page 121
===========
Found at least one speaker :) ... replacing >>> 
Page 122
===========
Found no speaker; assign to previous identified speaker ==> DATO_HAJI_ZAINUDIN_BIN_HAJI_ISMAIL_JELEBU
Page 123
===========
Found at least one speaker :) ... replacing >>> 
Page 124
===========
Found at least one speaker :) ... replacing >>> 
Page 125
===========
Found at least one speaker :) ... replacing >>> 
Page 126
===========
Found at least one speaker :) ... replacing >>> 
Page 127
===========
Found at least one speaker :) ... replacing >>> 
Page 128
===========
Found at least one speaker :) ... replacing >>> 
Page 129
===========
Found at least one speaker :) ... replacing >>> 
Page 130
===========
Found at least one speaker :) ... replacing >>> 
Page 131
===========
Found at least one speaker :) ... replacing >>> 
Page 132
===========
Found no speaker; assign to previous identified speaker ==> PEMBINAAN_SEKARANG_DISAMPUK
Page 133
===========
Found at least one speaker :) ... replacing >>> 
Page 134
===========
Found at least one speaker :) ... replacing >>> 
Page 135
===========
Found at least one speaker :) ... replacing >>> 
Page 136
===========
Found no speaker; assign to previous identified speaker ==> DR_LEE_BOON_CHYE_GOPENG
Page 137
===========
Found at least one speaker :) ... replacing >>> 
Page 138
===========
Found at least one speaker :) ... replacing >>> 
Page 139
===========
Found at least one speaker :) ... replacing >>> 
Page 140
===========
Found at least one speaker :) ... replacing >>> 
Page 141
===========
Found at least one speaker :) ... replacing >>> 
Page 142
===========
Found at least one speaker :) ... replacing >>> 
Page 143
===========
Found at least one speaker :) ... replacing >>> 
Page 144
===========
Found at least one speaker :) ... replacing >>> 
Page 145
===========
Found at least one speaker :) ... replacing >>> 
Page 146
===========
Found at least one speaker :) ... replacing >>> 
Page 147
===========
Found at least one speaker :) ... replacing >>> 
Page 148
===========
Found at least one speaker :) ... replacing >>> 
Page 149
===========
Found at least one speaker :) ... replacing >>> 
Page 150
===========
Found at least one speaker :) ... replacing >>> 
Page 151
===========
Found at least one speaker :) ... replacing >>> 
Page 152
===========
Found at least one speaker :) ... replacing >>> 
Page 153
===========
Found at least one speaker :) ... replacing >>> 
Page 154
===========
Found at least one speaker :) ... replacing >>> 
Page 155
===========
Found at least one speaker :) ... replacing >>> 
Page 156
===========
Found at least one speaker :) ... replacing >>> 
Page 157
===========
Found at least one speaker :) ... replacing >>> 
Page 158
===========
Found at least one speaker :) ... replacing >>> 
Page 159
===========
Found no speaker; assign to previous identified speaker ==> DATUK_SERI_DR_S_SUBRAMANIAM
Page 160
===========
Found no speaker; assign to previous identified speaker ==> DATUK_SERI_DR_S_SUBRAMANIAM
Page 161
===========
Found at least one speaker :) ... replacing >>> 
Page 162
===========
Found at least one speaker :) ... replacing >>> 
Page 163
===========
Found at least one speaker :) ... replacing >>> 
Page 164
===========
Found at least one speaker :) ... replacing >>> 
Page 165
===========
Found at least one speaker :) ... replacing >>> 
Page 166
===========
Found at least one speaker :) ... replacing >>> 
Page 167
===========
Found at least one speaker :) ... replacing >>> 
Page 168
===========
Found at least one speaker :) ... replacing >>> 
Page 169
===========
Found at least one speaker :) ... replacing >>> 
Page 170
===========
Found at least one speaker :) ... replacing >>> 
Page 171
===========
Found at least one speaker :) ... replacing >>> 
Final ERR Count: 118
