PROCESSING DR-27102015 in /Users/leow/Desktop/PROJECTS/SINARPROJECT/parliamentmy-split/
Inside the function processHansardFile with meta of all
PROCESSING DR-27102015 in /Users/leow/Desktop/PROJECTS/SINARPROJECT/parliamentmy-split/
Title is: JAWAPAN-JAWAPAN LISAN BAGI PERTANYAAN-PERTANYAAN
Start Page is: 1
Title is: RANG UNDANG-UNDANG DIBAWA KE DALAM MESYUARAT
Start Page is: 26
Title is: Rang Undang-undang Perbekalan 2016
Start Page is: 27
Title is: Waktu Mesyuarat dan Urusan Dibebaskan Daripada Peraturan Mesyuarat
Start Page is: 26
Title is: Anggaran Pembangunan 2016
Start Page is: 27
Sorted Pages and Title
=======================
Calculated block starting at page 1 end at page 25
Calculated block starting at page 26 end at page 26
FINALLY: Block starting at page 27 end at page 167
Copying to the file JAWAPAN JAWAPAN LISAN BAGI PERTANYAAN PERTANYAAN.pdf starting from page 2 till page 26
Copying to the file Waktu Mesyuarat dan Urusan Dibebaskan Daripada Peraturan Mesyuarat.pdf starting from page 27 till page 27
Copying to the file Anggaran Pembangunan 2016.pdf starting from page 28 till page 168
Copying to the file 0-intro.pdf starting from page 1 till page 1
For current block with title: JAWAPAN JAWAPAN LISAN BAGI PERTANYAAN PERTANYAAN start page is 2 and end page is 26
Page 2
===========
Found at least one speaker :) ... replacing >>> 
Page 3
===========
Found at least one speaker :) ... replacing >>> 
Page 4
===========
Found at least one speaker :) ... replacing >>> 
Page 5
===========
Found at least one speaker :) ... replacing >>> 
Page 6
===========
Found at least one speaker :) ... replacing >>> 
Page 7
===========
Found at least one speaker :) ... replacing >>> 
Page 8
===========
Found at least one speaker :) ... replacing >>> 
Page 9
===========
Found at least one speaker :) ... replacing >>> 
Page 10
===========
Found at least one speaker :) ... replacing >>> 
Page 11
===========
Found at least one speaker :) ... replacing >>> 
Page 12
===========
Found at least one speaker :) ... replacing >>> 
Page 13
===========
Found at least one speaker :) ... replacing >>> 
Page 14
===========
Found at least one speaker :) ... replacing >>> 
Page 15
===========
Found at least one speaker :) ... replacing >>> 
Page 16
===========
Found at least one speaker :) ... replacing >>> 
Page 17
===========
Found at least one speaker :) ... replacing >>> 
Page 18
===========
Found at least one speaker :) ... replacing >>> 
Page 19
===========
Found at least one speaker :) ... replacing >>> 
Page 20
===========
Found at least one speaker :) ... replacing >>> 
Page 21
===========
Found at least one speaker :) ... replacing >>> 
Page 22
===========
Found at least one speaker :) ... replacing >>> 
Page 23
===========
Found at least one speaker :) ... replacing >>> 
Page 24
===========
Found at least one speaker :) ... replacing >>> 
Page 25
===========
Found at least one speaker :) ... replacing >>> 
Page 26
===========
Found at least one speaker :) ... replacing >>> 
Page 27
===========
Found at least one speaker :) ... replacing >>> 
For current block with title: Waktu Mesyuarat dan Urusan Dibebaskan Daripada Peraturan Mesyuarat start page is 27 and end page is 27
Page 27
===========
Found at least one speaker :) ... replacing >>> 
Page 28
===========
Found at least one speaker :) ... replacing >>> 
For current block with title: Anggaran Pembangunan 2016 start page is 28 and end page is 168
Page 28
===========
Found at least one speaker :) ... replacing >>> 
Page 29
===========
Found at least one speaker :) ... replacing >>> 
Page 30
===========
Found at least one speaker :) ... replacing >>> 
Page 31
===========
Found at least one speaker :) ... replacing >>> 
Page 32
===========
Found at least one speaker :) ... replacing >>> 
Page 33
===========
Found at least one speaker :) ... replacing >>> 
Page 34
===========
Found at least one speaker :) ... replacing >>> 
Page 35
===========
Found at least one speaker :) ... replacing >>> 
Page 36
===========
Found at least one speaker :) ... replacing >>> 
Page 37
===========
Found at least one speaker :) ... replacing >>> 
Page 38
===========
Found no speaker; assign to previous identified speaker ==> TUAN_MOHD_RAFIZI_BIN_RAMLI_PANDAN
Page 39
===========
Found at least one speaker :) ... replacing >>> 
Page 40
===========
Found at least one speaker :) ... replacing >>> 
Page 41
===========
Found at least one speaker :) ... replacing >>> 
Page 42
===========
Found at least one speaker :) ... replacing >>> 
Page 43
===========
Found at least one speaker :) ... replacing >>> 
Page 44
===========
Found at least one speaker :) ... replacing >>> 
Page 45
===========
Found at least one speaker :) ... replacing >>> 
Page 46
===========
Found no speaker; assign to previous identified speaker ==> TUAN_MOHD_RAFIZI_BIN_RAMLI_PANDAN
Page 47
===========
Found at least one speaker :) ... replacing >>> 
Page 48
===========
Found no speaker; assign to previous identified speaker ==> TUAN_ANUAR_BIN_ABD_MANAP_SEKIJANG
Page 49
===========
Found at least one speaker :) ... replacing >>> 
Page 50
===========
Found at least one speaker :) ... replacing >>> 
Page 51
===========
Found at least one speaker :) ... replacing >>> 
Page 52
===========
Found at least one speaker :) ... replacing >>> 
Page 53
===========
Found at least one speaker :) ... replacing >>> 
Page 54
===========
Found no speaker; assign to previous identified speaker ==> TUAN_ANUAR_BIN_ABD_MANAP_SEKIJANG
Page 55
===========
Found no speaker; assign to previous identified speaker ==> TUAN_ANUAR_BIN_ABD_MANAP_SEKIJANG
Page 56
===========
Found at least one speaker :) ... replacing >>> 
Page 57
===========
Found at least one speaker :) ... replacing >>> 
Page 58
===========
Found at least one speaker :) ... replacing >>> 
Page 59
===========
Found at least one speaker :) ... replacing >>> 
Page 60
===========
Found at least one speaker :) ... replacing >>> 
Page 61
===========
Found at least one speaker :) ... replacing >>> 
Page 62
===========
Found at least one speaker :) ... replacing >>> 
Page 63
===========
Found at least one speaker :) ... replacing >>> 
Page 64
===========
Found at least one speaker :) ... replacing >>> 
Page 65
===========
Found at least one speaker :) ... replacing >>> 
Page 66
===========
Found at least one speaker :) ... replacing >>> 
Page 67
===========
Found at least one speaker :) ... replacing >>> 
Page 68
===========
Found at least one speaker :) ... replacing >>> 
Page 69
===========
Found at least one speaker :) ... replacing >>> 
Page 70
===========
Found at least one speaker :) ... replacing >>> 
Page 71
===========
Found at least one speaker :) ... replacing >>> 
Page 72
===========
Found at least one speaker :) ... replacing >>> 
Page 73
===========
Found at least one speaker :) ... replacing >>> 
Page 74
===========
Found at least one speaker :) ... replacing >>> 
Page 75
===========
Found at least one speaker :) ... replacing >>> 
Page 76
===========
Found at least one speaker :) ... replacing >>> 
Page 77
===========
Found at least one speaker :) ... replacing >>> 
Page 78
===========
Found no speaker; assign to previous identified speaker ==> TUAN_WONG_CHEN_KELANA_JAYA
Page 79
===========
Found at least one speaker :) ... replacing >>> 
Page 80
===========
Found at least one speaker :) ... replacing >>> 
Page 81
===========
Found at least one speaker :) ... replacing >>> 
Page 82
===========
Found at least one speaker :) ... replacing >>> 
Page 83
===========
Found at least one speaker :) ... replacing >>> 
Page 84
===========
Found at least one speaker :) ... replacing >>> 
Page 85
===========
Found at least one speaker :) ... replacing >>> 
Page 86
===========
Found at least one speaker :) ... replacing >>> 
Page 87
===========
Found at least one speaker :) ... replacing >>> 
Page 88
===========
Found at least one speaker :) ... replacing >>> 
Page 89
===========
Found no speaker; assign to previous identified speaker ==> DATO_IKMAL_HISHAM_BIN_ABDUL_AZIZ_TANAH_MERAH
Page 90
===========
Found no speaker; assign to previous identified speaker ==> DATO_IKMAL_HISHAM_BIN_ABDUL_AZIZ_TANAH_MERAH
Page 91
===========
Found no speaker; assign to previous identified speaker ==> DATO_IKMAL_HISHAM_BIN_ABDUL_AZIZ_TANAH_MERAH
Page 92
===========
Found no speaker; assign to previous identified speaker ==> DATO_IKMAL_HISHAM_BIN_ABDUL_AZIZ_TANAH_MERAH
Page 93
===========
Found no speaker; assign to previous identified speaker ==> DATO_IKMAL_HISHAM_BIN_ABDUL_AZIZ_TANAH_MERAH
Page 94
===========
Found no speaker; assign to previous identified speaker ==> DATO_IKMAL_HISHAM_BIN_ABDUL_AZIZ_TANAH_MERAH
Page 95
===========
Found at least one speaker :) ... replacing >>> 
Page 96
===========
Found no speaker; assign to previous identified speaker ==> DATO_IKMAL_HISHAM_BIN_ABDUL_AZIZ_TANAH_MERAH
Page 97
===========
Found at least one speaker :) ... replacing >>> 
Page 98
===========
Found no speaker; assign to previous identified speaker ==> DATO_IKMAL_HISHAM_BIN_ABDUL_AZIZ_TANAH_MERAH
Page 99
===========
Found at least one speaker :) ... replacing >>> 
Page 100
===========
Found at least one speaker :) ... replacing >>> 
Page 101
===========
Found at least one speaker :) ... replacing >>> 
Page 102
===========
Found no speaker; assign to previous identified speaker ==> TUAN_CHONG_CHIENG_JEN_BANDAR_KUCHING
Page 103
===========
Found at least one speaker :) ... replacing >>> 
Page 104
===========
Found at least one speaker :) ... replacing >>> 
Page 105
===========
Found at least one speaker :) ... replacing >>> 
Page 106
===========
Found at least one speaker :) ... replacing >>> 
Page 107
===========
Found at least one speaker :) ... replacing >>> 
Page 108
===========
Found at least one speaker :) ... replacing >>> 
Page 109
===========
Found at least one speaker :) ... replacing >>> 
Page 110
===========
Found at least one speaker :) ... replacing >>> 
Page 111
===========
Found at least one speaker :) ... replacing >>> 
Page 112
===========
Found at least one speaker :) ... replacing >>> 
Page 113
===========
Found no speaker; assign to previous identified speaker ==> TAN_SRI_DATUK_SERI_PANGLIMA_JOSEPH_PAIRIN_KITINGAN_KENINGAU
Page 114
===========
Found no speaker; assign to previous identified speaker ==> TAN_SRI_DATUK_SERI_PANGLIMA_JOSEPH_PAIRIN_KITINGAN_KENINGAU
Page 115
===========
Found at least one speaker :) ... replacing >>> 
Page 116
===========
Found at least one speaker :) ... replacing >>> 
Page 117
===========
Found at least one speaker :) ... replacing >>> 
Page 118
===========
Found at least one speaker :) ... replacing >>> 
Page 119
===========
Found at least one speaker :) ... replacing >>> 
Page 120
===========
Found no speaker; assign to previous identified speaker ==> KITA_TENGOK_PEROMPAK_DIA_PAKAI_DISAMPUK
Page 121
===========
Found no speaker; assign to previous identified speaker ==> KITA_TENGOK_PEROMPAK_DIA_PAKAI_DISAMPUK
Page 122
===========
Found at least one speaker :) ... replacing >>> 
Page 123
===========
Found at least one speaker :) ... replacing >>> 
Page 124
===========
Found no speaker; assign to previous identified speaker ==> TUAN_HAJI_MOHD_FASIAH_BIN_MOHD_FAKEH_SABAK_BERNAM
Page 125
===========
Found at least one speaker :) ... replacing >>> 
Page 126
===========
Found no speaker; assign to previous identified speaker ==> MENIMBANGKAN_PERMOHONAN_NELAYANNELAYAN_INI_IAITU
Page 127
===========
Found no speaker; assign to previous identified speaker ==> MENIMBANGKAN_PERMOHONAN_NELAYANNELAYAN_INI_IAITU
Page 128
===========
Found no speaker; assign to previous identified speaker ==> MENIMBANGKAN_PERMOHONAN_NELAYANNELAYAN_INI_IAITU
Page 129
===========
Found no speaker; assign to previous identified speaker ==> MENIMBANGKAN_PERMOHONAN_NELAYANNELAYAN_INI_IAITU
Page 130
===========
Found at least one speaker :) ... replacing >>> 
Page 131
===========
Found at least one speaker :) ... replacing >>> 
Page 132
===========
Found no speaker; assign to previous identified speaker ==> DR_LEE_BOON_CHYE_GOPENG
Page 133
===========
Found no speaker; assign to previous identified speaker ==> DR_LEE_BOON_CHYE_GOPENG
Page 134
===========
Found at least one speaker :) ... replacing >>> 
Page 135
===========
Found at least one speaker :) ... replacing >>> 
Page 136
===========
Found at least one speaker :) ... replacing >>> 
Page 137
===========
Found at least one speaker :) ... replacing >>> 
Page 138
===========
Found at least one speaker :) ... replacing >>> 
Page 139
===========
Found at least one speaker :) ... replacing >>> 
Page 140
===========
Found at least one speaker :) ... replacing >>> 
Page 141
===========
Found at least one speaker :) ... replacing >>> 
Page 142
===========
Found at least one speaker :) ... replacing >>> 
Page 143
===========
Found at least one speaker :) ... replacing >>> 
Page 144
===========
Found at least one speaker :) ... replacing >>> 
Page 145
===========
Found no speaker; assign to previous identified speaker ==> TUAN_NGA_KOR_MING_TAIPING
Page 146
===========
Found no speaker; assign to previous identified speaker ==> TUAN_NGA_KOR_MING_TAIPING
Page 147
===========
Found no speaker; assign to previous identified speaker ==> TUAN_NGA_KOR_MING_TAIPING
Page 148
===========
Found no speaker; assign to previous identified speaker ==> TUAN_NGA_KOR_MING_TAIPING
Page 149
===========
Found no speaker; assign to previous identified speaker ==> TUAN_NGA_KOR_MING_TAIPING
Page 150
===========
Found no speaker; assign to previous identified speaker ==> TUAN_NGA_KOR_MING_TAIPING
Page 151
===========
Found at least one speaker :) ... replacing >>> 
Page 152
===========
Found no speaker; assign to previous identified speaker ==> DATUK_SAPAWI_BIN_HAJI_AHMAD_SIPITANG
Page 153
===========
Found at least one speaker :) ... replacing >>> 
Page 154
===========
Found no speaker; assign to previous identified speaker ==> TELAH_MELETAKKAN_LEBIH_DARIPADA_RM29_BILION_SEPERTI
Page 155
===========
Found at least one speaker :) ... replacing >>> 
Page 156
===========
Found no speaker; assign to previous identified speaker ==> DATUK_SAPAWI_BIN_HAJI_AHMAD_SIPITANG
Page 157
===========
Found at least one speaker :) ... replacing >>> 
Page 158
===========
Found at least one speaker :) ... replacing >>> 
Page 159
===========
Found at least one speaker :) ... replacing >>> 
Page 160
===========
Found at least one speaker :) ... replacing >>> 
Page 161
===========
Found at least one speaker :) ... replacing >>> 
Page 162
===========
Found at least one speaker :) ... replacing >>> 
Page 163
===========
Found no speaker; assign to previous identified speaker ==> DR_MOHD_HATTA_BIN_MD_RAMLI_KUALA_KRAI
Page 164
===========
Found no speaker; assign to previous identified speaker ==> DR_MOHD_HATTA_BIN_MD_RAMLI_KUALA_KRAI
Page 165
===========
Found at least one speaker :) ... replacing >>> 
Page 166
===========
Found at least one speaker :) ... replacing >>> 
Page 167
===========
Found no speaker; assign to previous identified speaker ==> DATUK_DATU_NASRUN_BIN_DATU_MANSUR_SILAM
Page 168
===========
Found at least one speaker :) ... replacing >>> 
Final ERR Count: 104
