PROCESSING DR-29102015 in /Users/leow/Desktop/PROJECTS/SINARPROJECT/parliamentmy-split/
Inside the function processHansardFile with meta of all
PROCESSING DR-29102015 in /Users/leow/Desktop/PROJECTS/SINARPROJECT/parliamentmy-split/
Title is: JAWAPAN-JAWAPAN LISAN BAGI PERTANYAAN-PERTANYAAN
Start Page is: 1
Title is: Rang Undang-undang Perbekalan 2016
Start Page is: 27
Title is: Anggaran Pembangunan 2016
Start Page is: 27
Sorted Pages and Title
=======================
Calculated block starting at page 1 end at page 26
FINALLY: Block starting at page 27 end at page 112
Copying to the file JAWAPAN JAWAPAN LISAN BAGI PERTANYAAN PERTANYAAN.pdf starting from page 2 till page 27
Copying to the file Anggaran Pembangunan 2016.pdf starting from page 28 till page 113
Copying to the file 0-intro.pdf starting from page 1 till page 1
For current block with title: JAWAPAN JAWAPAN LISAN BAGI PERTANYAAN PERTANYAAN start page is 2 and end page is 27
Page 2
===========
Found at least one speaker :) ... replacing >>> 
Page 3
===========
Found at least one speaker :) ... replacing >>> 
Page 4
===========
Found at least one speaker :) ... replacing >>> 
Page 5
===========
Found at least one speaker :) ... replacing >>> 
Page 6
===========
Found at least one speaker :) ... replacing >>> 
Page 7
===========
Found at least one speaker :) ... replacing >>> 
Page 8
===========
Found at least one speaker :) ... replacing >>> 
Page 9
===========
Found at least one speaker :) ... replacing >>> 
Page 10
===========
Found at least one speaker :) ... replacing >>> 
Page 11
===========
Found at least one speaker :) ... replacing >>> 
Page 12
===========
Found at least one speaker :) ... replacing >>> 
Page 13
===========
Found at least one speaker :) ... replacing >>> 
Page 14
===========
Found at least one speaker :) ... replacing >>> 
Page 15
===========
Found at least one speaker :) ... replacing >>> 
Page 16
===========
Found at least one speaker :) ... replacing >>> 
Page 17
===========
Found at least one speaker :) ... replacing >>> 
Page 18
===========
Found at least one speaker :) ... replacing >>> 
Page 19
===========
Found at least one speaker :) ... replacing >>> 
Page 20
===========
Found at least one speaker :) ... replacing >>> 
Page 21
===========
Found at least one speaker :) ... replacing >>> 
Page 22
===========
Found at least one speaker :) ... replacing >>> 
Page 23
===========
Found at least one speaker :) ... replacing >>> 
Page 24
===========
Found at least one speaker :) ... replacing >>> 
Page 25
===========
Found at least one speaker :) ... replacing >>> 
Page 26
===========
Found at least one speaker :) ... replacing >>> 
Page 27
===========
Found at least one speaker :) ... replacing >>> 
Page 28
===========
Found at least one speaker :) ... replacing >>> 
For current block with title: Anggaran Pembangunan 2016 start page is 28 and end page is 113
Page 28
===========
Found at least one speaker :) ... replacing >>> 
Page 29
===========
Found no speaker; assign to previous identified speaker ==> TUAN_WILSON_UGAK_ANAK_KUMBONG_HULU_RAJANG
Page 30
===========
Found at least one speaker :) ... replacing >>> 
Page 31
===========
Found no speaker; assign to previous identified speaker ==> TUAN_WILSON_UGAK_ANAK_KUMBONG_HULU_RAJANG
Page 32
===========
Found at least one speaker :) ... replacing >>> 
Page 33
===========
Found at least one speaker :) ... replacing >>> 
Page 34
===========
Found at least one speaker :) ... replacing >>> 
Page 35
===========
Found at least one speaker :) ... replacing >>> 
Page 36
===========
Found at least one speaker :) ... replacing >>> 
Page 37
===========
Found at least one speaker :) ... replacing >>> 
Page 38
===========
Found at least one speaker :) ... replacing >>> 
Page 39
===========
Found at least one speaker :) ... replacing >>> 
Page 40
===========
Found at least one speaker :) ... replacing >>> 
Page 41
===========
Found at least one speaker :) ... replacing >>> 
Page 42
===========
Found at least one speaker :) ... replacing >>> 
Page 43
===========
Found no speaker; assign to previous identified speaker ==> TUAN_HAJI_HASBI_BIN_HAJI_HABIBOLLAH_LIMBANG
Page 44
===========
Found at least one speaker :) ... replacing >>> 
Page 45
===========
Found at least one speaker :) ... replacing >>> 
Page 46
===========
Found no speaker; assign to previous identified speaker ==> TUAN_HAJI_HASBI_BIN_HAJI_HABIBOLLAH_LIMBANG
Page 47
===========
Found no speaker; assign to previous identified speaker ==> TUAN_HAJI_HASBI_BIN_HAJI_HABIBOLLAH_LIMBANG
Page 48
===========
Found at least one speaker :) ... replacing >>> 
Page 49
===========
Found at least one speaker :) ... replacing >>> 
Page 50
===========
Found no speaker; assign to previous identified speaker ==> TUAN_ABDULLAH_SANI_BIN_ABDUL_HAMID_KUALA_LANGAT
Page 51
===========
Found no speaker; assign to previous identified speaker ==> TUAN_ABDULLAH_SANI_BIN_ABDUL_HAMID_KUALA_LANGAT
Page 52
===========
Found at least one speaker :) ... replacing >>> 
Page 53
===========
Found at least one speaker :) ... replacing >>> 
Page 54
===========
Found at least one speaker :) ... replacing >>> 
Page 55
===========
Found no speaker; assign to previous identified speaker ==> WABARAKATUH_BISMILLAHI_RAHMANI_RAHIM_MEMBACA_SELAWAT
Page 56
===========
Found no speaker; assign to previous identified speaker ==> WABARAKATUH_BISMILLAHI_RAHMANI_RAHIM_MEMBACA_SELAWAT
Page 57
===========
Found at least one speaker :) ... replacing >>> 
Page 58
===========
Found no speaker; assign to previous identified speaker ==> DATO_OTHMAN_BIN_AZIZ_JERLUN
Page 59
===========
Found at least one speaker :) ... replacing >>> 
Page 60
===========
Found at least one speaker :) ... replacing >>> 
Page 61
===========
Found at least one speaker :) ... replacing >>> 
Page 62
===========
Found no speaker; assign to previous identified speaker ==> PUAN_ALICE_LAU_KIONG_YIENG_LANANG
Page 63
===========
Found at least one speaker :) ... replacing >>> 
Page 64
===========
Found at least one speaker :) ... replacing >>> 
Page 65
===========
Found at least one speaker :) ... replacing >>> 
Page 66
===========
Found at least one speaker :) ... replacing >>> 
Page 67
===========
Found at least one speaker :) ... replacing >>> 
Page 68
===========
Found at least one speaker :) ... replacing >>> 
Page 69
===========
Found at least one speaker :) ... replacing >>> 
Page 70
===========
Found at least one speaker :) ... replacing >>> 
Page 71
===========
Found at least one speaker :) ... replacing >>> 
Page 72
===========
Found at least one speaker :) ... replacing >>> 
Page 73
===========
Found at least one speaker :) ... replacing >>> 
Page 74
===========
Found at least one speaker :) ... replacing >>> 
Page 75
===========
Found at least one speaker :) ... replacing >>> 
Page 76
===========
Found at least one speaker :) ... replacing >>> 
Page 77
===========
Found at least one speaker :) ... replacing >>> 
Page 78
===========
Found at least one speaker :) ... replacing >>> 
Page 79
===========
Found at least one speaker :) ... replacing >>> 
Page 80
===========
Found at least one speaker :) ... replacing >>> 
Page 81
===========
Found at least one speaker :) ... replacing >>> 
Page 82
===========
Found at least one speaker :) ... replacing >>> 
Page 83
===========
Found at least one speaker :) ... replacing >>> 
Page 84
===========
Found at least one speaker :) ... replacing >>> 
Page 85
===========
Found at least one speaker :) ... replacing >>> 
Page 86
===========
Found at least one speaker :) ... replacing >>> 
Page 87
===========
Found at least one speaker :) ... replacing >>> 
Page 88
===========
Found at least one speaker :) ... replacing >>> 
Page 89
===========
Found no speaker; assign to previous identified speaker ==> DATO_HAJI_ABDUL_RAHMAN_BIN_MOHAMAD_LIPIS
Page 90
===========
Found at least one speaker :) ... replacing >>> 
Page 91
===========
Found at least one speaker :) ... replacing >>> 
Page 92
===========
Found at least one speaker :) ... replacing >>> 
Page 93
===========
Found at least one speaker :) ... replacing >>> 
Page 94
===========
Found at least one speaker :) ... replacing >>> 
Page 95
===========
Found at least one speaker :) ... replacing >>> 
Page 96
===========
Found at least one speaker :) ... replacing >>> 
Page 97
===========
Found at least one speaker :) ... replacing >>> 
Page 98
===========
Found at least one speaker :) ... replacing >>> 
Page 99
===========
Found no speaker; assign to previous identified speaker ==> SEBUAH_LAPORAN_BERTAJUK_MALAYSIA_ECONOMIC_MONITOR
Page 100
===========
Found no speaker; assign to previous identified speaker ==> SEBUAH_LAPORAN_BERTAJUK_MALAYSIA_ECONOMIC_MONITOR
Page 101
===========
Found at least one speaker :) ... replacing >>> 
Page 102
===========
Found no speaker; assign to previous identified speaker ==> PUAN_NURUL_IZZAH_BINTI_ANWAR_LEMBAH_PANTAI
Page 103
===========
Found no speaker; assign to previous identified speaker ==> PUAN_NURUL_IZZAH_BINTI_ANWAR_LEMBAH_PANTAI
Page 104
===========
Found at least one speaker :) ... replacing >>> 
Page 105
===========
Found no speaker; assign to previous identified speaker ==> DAN_BERTUNJANGKAN_5_KEUTAMAAN
Page 106
===========
Found at least one speaker :) ... replacing >>> 
Page 107
===========
Found at least one speaker :) ... replacing >>> 
Page 108
===========
Found no speaker; assign to previous identified speaker ==> SAMAN_WSJ_DISAMPUK
Page 109
===========
Found at least one speaker :) ... replacing >>> 
Page 110
===========
Found no speaker; assign to previous identified speaker ==> PUAN_TEO_NIE_CHING_KULAI
Page 111
===========
Found at least one speaker :) ... replacing >>> 
Page 112
===========
Found at least one speaker :) ... replacing >>> 
Page 113
===========
Found at least one speaker :) ... replacing >>> 
Final ERR Count: 72
