PROCESSING DR-30112015 in /Users/leow/Desktop/PROJECTS/SINARPROJECT/parliamentmy-split/
Inside the function processHansardFile with meta of all
PROCESSING DR-30112015 in /Users/leow/Desktop/PROJECTS/SINARPROJECT/parliamentmy-split/
Title is: JAWAPAN-JAWAPAN LISAN BAGI PERTANYAAN-PERTANYAAN
Start Page is: 1
Title is: RANG UNDANG-UNDANG DIBAWA KE DALAM MESYUARAT
Start Page is: 27
Title is: - Maksud B.47
Start Page is: 28
Title is: Maksud B.48
Start Page is: 65
Title is: Maksud B.60
Start Page is: 102
Title is: Waktu Mesyuarat dan Urusan Dibebaskan Daripada Peraturan Mesyuarat
Start Page is: 27
Title is: - Maksud P.47
Start Page is: 28
Title is: Maksud P.48
Start Page is: 65
Title is: Maksud P.60
Start Page is: 102
Sorted Pages and Title
=======================
Calculated block starting at page 1 end at page 26
Calculated block starting at page 27 end at page 27
Calculated block starting at page 28 end at page 64
Calculated block starting at page 65 end at page 101
FINALLY: Block starting at page 102 end at page 148
Copying to the file JAWAPAN JAWAPAN LISAN BAGI PERTANYAAN PERTANYAAN.pdf starting from page 2 till page 27
Copying to the file Waktu Mesyuarat dan Urusan Dibebaskan Daripada Peraturan Mesyuarat.pdf starting from page 28 till page 28
Copying to the file Maksud P 47.pdf starting from page 29 till page 65
Copying to the file Maksud P 48.pdf starting from page 66 till page 102
Copying to the file Maksud P 60.pdf starting from page 103 till page 149
Copying to the file 0-intro.pdf starting from page 1 till page 1
For current block with title: JAWAPAN JAWAPAN LISAN BAGI PERTANYAAN PERTANYAAN start page is 2 and end page is 27
Page 2
===========
Found at least one speaker :) ... replacing >>> 
Page 3
===========
Found at least one speaker :) ... replacing >>> 
Page 4
===========
Found at least one speaker :) ... replacing >>> 
Page 5
===========
Found at least one speaker :) ... replacing >>> 
Page 6
===========
Found at least one speaker :) ... replacing >>> 
Page 7
===========
Found at least one speaker :) ... replacing >>> 
Page 8
===========
Found at least one speaker :) ... replacing >>> 
Page 9
===========
Found no speaker; assign to previous identified speaker ==> MENARIK_MINAT_PEKERJA_TEMPATAN_UNTUK_MEMASUKI_PASARAN_KERJA_ADALAH_SEPERTI_BERIKUT
Page 10
===========
Found at least one speaker :) ... replacing >>> 
Page 11
===========
Found at least one speaker :) ... replacing >>> 
Page 12
===========
Found at least one speaker :) ... replacing >>> 
Page 13
===========
Found at least one speaker :) ... replacing >>> 
Page 14
===========
Found at least one speaker :) ... replacing >>> 
Page 15
===========
Found at least one speaker :) ... replacing >>> 
Page 16
===========
Found at least one speaker :) ... replacing >>> 
Page 17
===========
Found at least one speaker :) ... replacing >>> 
Page 18
===========
Found at least one speaker :) ... replacing >>> 
Page 19
===========
Found at least one speaker :) ... replacing >>> 
Page 20
===========
Found at least one speaker :) ... replacing >>> 
Page 21
===========
Found at least one speaker :) ... replacing >>> 
Page 22
===========
Found at least one speaker :) ... replacing >>> 
Page 23
===========
Found at least one speaker :) ... replacing >>> 
Page 24
===========
Found at least one speaker :) ... replacing >>> 
Page 25
===========
Found at least one speaker :) ... replacing >>> 
Page 26
===========
Found at least one speaker :) ... replacing >>> 
Page 27
===========
Found at least one speaker :) ... replacing >>> 
Page 28
===========
Found at least one speaker :) ... replacing >>> 
For current block with title: Waktu Mesyuarat dan Urusan Dibebaskan Daripada Peraturan Mesyuarat start page is 28 and end page is 28
Page 28
===========
Found at least one speaker :) ... replacing >>> 
Page 29
===========
Found at least one speaker :) ... replacing >>> 
For current block with title: Maksud P 47 start page is 29 and end page is 65
Page 29
===========
Found at least one speaker :) ... replacing >>> 
Page 30
===========
Found at least one speaker :) ... replacing >>> 
Page 31
===========
Found at least one speaker :) ... replacing >>> 
Page 32
===========
Found at least one speaker :) ... replacing >>> 
Page 33
===========
Found at least one speaker :) ... replacing >>> 
Page 34
===========
Found at least one speaker :) ... replacing >>> 
Page 35
===========
Found at least one speaker :) ... replacing >>> 
Page 36
===========
Found no speaker; assign to previous identified speaker ==> TUAN_OSCAR_LING_CHAI_YEW_SIBU
Page 37
===========
Found at least one speaker :) ... replacing >>> 
Page 38
===========
Found at least one speaker :) ... replacing >>> 
Page 39
===========
Found at least one speaker :) ... replacing >>> 
Page 40
===========
Found at least one speaker :) ... replacing >>> 
Page 41
===========
Found at least one speaker :) ... replacing >>> 
Page 42
===========
Found at least one speaker :) ... replacing >>> 
Page 43
===========
Found at least one speaker :) ... replacing >>> 
Page 44
===========
Found at least one speaker :) ... replacing >>> 
Page 45
===========
Found at least one speaker :) ... replacing >>> 
Page 46
===========
Found at least one speaker :) ... replacing >>> 
Page 47
===========
Found no speaker; assign to previous identified speaker ==> DATO_JOHARI_BIN_ABDUL_SUNGAI_PETANI
Page 48
===========
Found at least one speaker :) ... replacing >>> 
Page 49
===========
Found at least one speaker :) ... replacing >>> 
Page 50
===========
Found at least one speaker :) ... replacing >>> 
Page 51
===========
Found at least one speaker :) ... replacing >>> 
Page 52
===========
Found no speaker; assign to previous identified speaker ==> TIMBALAN_MENTERI_KOMUNIKASI_DAN_MULTIMEDIA_DATO_JAILANI_BIN_JOHARI
Page 53
===========
Found at least one speaker :) ... replacing >>> 
Page 54
===========
Found at least one speaker :) ... replacing >>> 
Page 55
===========
Found no speaker; assign to previous identified speaker ==> DATO_JAILANI_BIN_JOHARI
Page 56
===========
Found no speaker; assign to previous identified speaker ==> DATO_JAILANI_BIN_JOHARI
Page 57
===========
Found at least one speaker :) ... replacing >>> 
Page 58
===========
Found at least one speaker :) ... replacing >>> 
Page 59
===========
Found no speaker; assign to previous identified speaker ==> DATO_JAILANI_BIN_JOHARI
Page 60
===========
Found at least one speaker :) ... replacing >>> 
Page 61
===========
Found at least one speaker :) ... replacing >>> 
Page 62
===========
Found at least one speaker :) ... replacing >>> 
Page 63
===========
Found at least one speaker :) ... replacing >>> 
Page 64
===========
Found no speaker; assign to previous identified speaker ==> NEGARA_DENGAN_BEBERAPA_SYARAT_YANG_PERLU_DIPATUHI_SEPERTI
Page 65
===========
Found at least one speaker :) ... replacing >>> 
Page 66
===========
Found at least one speaker :) ... replacing >>> 
For current block with title: Maksud P 48 start page is 66 and end page is 102
Page 66
===========
Found at least one speaker :) ... replacing >>> 
Page 67
===========
Found at least one speaker :) ... replacing >>> 
Page 68
===========
Found no speaker; assign to previous identified speaker ==> TIGA_IAITU
Page 69
===========
Found no speaker; assign to previous identified speaker ==> TIGA_IAITU
Page 70
===========
Found at least one speaker :) ... replacing >>> 
Page 71
===========
Found no speaker; assign to previous identified speaker ==> DATO_NORAINI_BINTI_AHMAD_PARIT_SULONG
Page 72
===========
Found no speaker; assign to previous identified speaker ==> DATO_NORAINI_BINTI_AHMAD_PARIT_SULONG
Page 73
===========
Found no speaker; assign to previous identified speaker ==> DATO_NORAINI_BINTI_AHMAD_PARIT_SULONG
Page 74
===========
Found at least one speaker :) ... replacing >>> 
Page 75
===========
Found no speaker; assign to previous identified speaker ==> TUAN_SIM_CHEE_KEONG_BUKIT_MERTAJAM
Page 76
===========
Found at least one speaker :) ... replacing >>> 
Page 77
===========
Found no speaker; assign to previous identified speaker ==> YANG_DIPERTUA_DATUK_HAJI_ISMAIL_BIN_HAJI_MOHAMED_SAID
Page 78
===========
Found at least one speaker :) ... replacing >>> 
Page 79
===========
Found at least one speaker :) ... replacing >>> 
Page 80
===========
Found no speaker; assign to previous identified speaker ==> PUAN_NURUL_IZZAH_BINTI_ANWAR_LEMBAH_PANTAI
Page 81
===========
Found at least one speaker :) ... replacing >>> 
Page 82
===========
Found at least one speaker :) ... replacing >>> 
Page 83
===========
Found no speaker; assign to previous identified speaker ==> PUAN_HAJAH_SITI_ZAILAH_BINTI_MOHD_YUSOFF_RANTAU_PANJANG
Page 84
===========
Found no speaker; assign to previous identified speaker ==> PUAN_HAJAH_SITI_ZAILAH_BINTI_MOHD_YUSOFF_RANTAU_PANJANG
Page 85
===========
Found no speaker; assign to previous identified speaker ==> PUAN_HAJAH_SITI_ZAILAH_BINTI_MOHD_YUSOFF_RANTAU_PANJANG
Page 86
===========
Found at least one speaker :) ... replacing >>> 
Page 87
===========
Found at least one speaker :) ... replacing >>> 
Page 88
===========
Found at least one speaker :) ... replacing >>> 
Page 89
===========
Found at least one speaker :) ... replacing >>> 
Page 90
===========
Found at least one speaker :) ... replacing >>> 
Page 91
===========
Found at least one speaker :) ... replacing >>> 
Page 92
===========
Found at least one speaker :) ... replacing >>> 
Page 93
===========
Found no speaker; assign to previous identified speaker ==> DATUK_HAJAH_AZIZAH_BINTI_DATUK_SERI_PANGLIMA_MOHD_DUN
Page 94
===========
Found at least one speaker :) ... replacing >>> 
Page 95
===========
Found at least one speaker :) ... replacing >>> 
Page 96
===========
Found at least one speaker :) ... replacing >>> 
Page 97
===========
Found at least one speaker :) ... replacing >>> 
Page 98
===========
Found at least one speaker :) ... replacing >>> 
Page 99
===========
Found at least one speaker :) ... replacing >>> 
Page 100
===========
Found at least one speaker :) ... replacing >>> 
Page 101
===========
Found at least one speaker :) ... replacing >>> 
Page 102
===========
Found at least one speaker :) ... replacing >>> 
Page 103
===========
Found at least one speaker :) ... replacing >>> 
For current block with title: Maksud P 60 start page is 103 and end page is 149
Page 103
===========
Found at least one speaker :) ... replacing >>> 
Page 104
===========
Found no speaker; assign to previous identified speaker ==> DATUK_DATU_NASRUN_BIN_DATU_MANSUR_SILAM
Page 105
===========
Found at least one speaker :) ... replacing >>> 
Page 106
===========
Found no speaker; assign to previous identified speaker ==> DATO_HAJI_IRMOHIZAM_BIN_HAJI_IBRAHIM_KUALA_SELANGOR
Page 107
===========
Found at least one speaker :) ... replacing >>> 
Page 108
===========
Found at least one speaker :) ... replacing >>> 
Page 109
===========
Found no speaker; assign to previous identified speaker ==> DATO_KAMARUDIN_BIN_JAFFAR_TUMPAT
Page 110
===========
Found at least one speaker :) ... replacing >>> 
Page 111
===========
Found no speaker; assign to previous identified speaker ==> TUAN_CHUA_TIAN_CHANG_TIAN_CHUA_BATU
Page 112
===========
Found at least one speaker :) ... replacing >>> 
Page 113
===========
Found no speaker; assign to previous identified speaker ==> DATO_HASBULLAH_BIN_OSMAN_GERIK
Page 114
===========
Found at least one speaker :) ... replacing >>> 
Page 115
===========
Found at least one speaker :) ... replacing >>> 
Page 116
===========
Found at least one speaker :) ... replacing >>> 
Page 117
===========
Found no speaker; assign to previous identified speaker ==> DATO_HAJI_MAHFUZ_BIN_HAJI_OMAR_POKOK_SENA
Page 118
===========
Found at least one speaker :) ... replacing >>> 
Page 119
===========
Found at least one speaker :) ... replacing >>> 
Page 120
===========
Found at least one speaker :) ... replacing >>> 
Page 121
===========
Found at least one speaker :) ... replacing >>> 
Page 122
===========
Found no speaker; assign to previous identified speaker ==> TUAN_LAKSAMANA_PERTAMA_B_HAJI_MOHAMAD_IMRAN_BIN_ABD_HAMID_LUMUT
Page 123
===========
Found at least one speaker :) ... replacing >>> 
Page 124
===========
Found at least one speaker :) ... replacing >>> 
Page 125
===========
Found at least one speaker :) ... replacing >>> 
Page 126
===========
Found at least one speaker :) ... replacing >>> 
Page 127
===========
Found at least one speaker :) ... replacing >>> 
Page 128
===========
Found at least one speaker :) ... replacing >>> 
Page 129
===========
Found at least one speaker :) ... replacing >>> 
Page 130
===========
Found at least one speaker :) ... replacing >>> 
Page 131
===========
Found at least one speaker :) ... replacing >>> 
Page 132
===========
Found at least one speaker :) ... replacing >>> 
Page 133
===========
Found at least one speaker :) ... replacing >>> 
Page 134
===========
Found at least one speaker :) ... replacing >>> 
Page 135
===========
Found no speaker; assign to previous identified speaker ==> DATO_WIRA_MOHD_JOHARI_BIN_BAHARUM
Page 136
===========
Found at least one speaker :) ... replacing >>> 
Page 137
===========
Found at least one speaker :) ... replacing >>> 
Page 138
===========
Found at least one speaker :) ... replacing >>> 
Page 139
===========
Found at least one speaker :) ... replacing >>> 
Page 140
===========
Found at least one speaker :) ... replacing >>> 
Page 141
===========
Found at least one speaker :) ... replacing >>> 
Page 142
===========
Found at least one speaker :) ... replacing >>> 
Page 143
===========
Found at least one speaker :) ... replacing >>> 
Page 144
===========
Found at least one speaker :) ... replacing >>> 
Page 145
===========
Found at least one speaker :) ... replacing >>> 
Page 146
===========
Found at least one speaker :) ... replacing >>> 
Page 147
===========
Found at least one speaker :) ... replacing >>> 
Page 148
===========
Found at least one speaker :) ... replacing >>> 
Page 149
===========
Found at least one speaker :) ... replacing >>> 
Final ERR Count: 100
