PROCESSING DR-19102015 in /Users/leow/Desktop/PROJECTS/SINARPROJECT/parliamentmy-split/
Inside the function processHansardFile with meta of all
PROCESSING DR-19102015 in /Users/leow/Desktop/PROJECTS/SINARPROJECT/parliamentmy-split/
Title is: Perubahan Tempat Duduk Ahli
Start Page is: 1
Title is: Memperkenankan Akta-akta
Start Page is: 1
Title is: Perutusan Daripada Dewan Negara
Start Page is: 2
Title is: JAWAPAN-JAWAPAN LISAN BAGI PERTANYAAN-PERTANYAAN
Start Page is: 3
Title is: RANG UNDANG-UNDANG DIBAWA KE DALAM MESYUARAT
Start Page is: 32
Title is: Rang Undang-undang Profesion Kesihatan Bersekutu 2015
Start Page is: 92
Title is: Melantik Jawatankuasa Pemilih Di Bawah P.M. 76
Start Page is: 33
Title is: Melantik Pengerusi Jawatankuasa Kira-kira Wang Negara
Start Page is: 50
Sorted Pages and Title
=======================
Calculated block starting at page 1 end at page 1
Calculated block starting at page 2 end at page 2
Calculated block starting at page 3 end at page 31
Calculated block starting at page 32 end at page 32
Calculated block starting at page 33 end at page 49
Calculated block starting at page 50 end at page 91
FINALLY: Block starting at page 92 end at page 129
Copying to the file Memperkenankan Akta akta.pdf starting from page 2 till page 2
Copying to the file Perutusan Daripada Dewan Negara.pdf starting from page 3 till page 3
Copying to the file JAWAPAN JAWAPAN LISAN BAGI PERTANYAAN PERTANYAAN.pdf starting from page 4 till page 32
Copying to the file RANG UNDANG UNDANG DIBAWA KE DALAM MESYUARAT.pdf starting from page 33 till page 33
Copying to the file Melantik Jawatankuasa Pemilih Di Bawah P M 76.pdf starting from page 34 till page 50
Copying to the file Melantik Pengerusi Jawatankuasa Kira kira Wang Negara.pdf starting from page 51 till page 92
Copying to the file Rang Undang undang Profesion Kesihatan Bersekutu 2015.pdf starting from page 93 till page 130
Copying to the file 0-intro.pdf starting from page 1 till page 1
For current block with title: Memperkenankan Akta akta start page is 2 and end page is 2
Page 2
===========
Found at least one speaker :) ... replacing >>> 
Page 3
===========
Found at least one speaker :) ... replacing >>> 
For current block with title: Perutusan Daripada Dewan Negara start page is 3 and end page is 3
Page 3
===========
Found at least one speaker :) ... replacing >>> 
Page 4
===========
Found at least one speaker :) ... replacing >>> 
For current block with title: JAWAPAN JAWAPAN LISAN BAGI PERTANYAAN PERTANYAAN start page is 4 and end page is 32
Page 4
===========
Found at least one speaker :) ... replacing >>> 
Page 5
===========
Found at least one speaker :) ... replacing >>> 
Page 6
===========
Found at least one speaker :) ... replacing >>> 
Page 7
===========
Found at least one speaker :) ... replacing >>> 
Page 8
===========
Found at least one speaker :) ... replacing >>> 
Page 9
===========
Found no speaker; assign to previous identified speaker ==> SABAH_PULA_DALAM_BUKU_BERJUDUL_50_YEARS_OF_MALAYSIA
Page 10
===========
Found at least one speaker :) ... replacing >>> 
Page 11
===========
Found at least one speaker :) ... replacing >>> 
Page 12
===========
Found at least one speaker :) ... replacing >>> 
Page 13
===========
Found at least one speaker :) ... replacing >>> 
Page 14
===========
Found at least one speaker :) ... replacing >>> 
Page 15
===========
Found at least one speaker :) ... replacing >>> 
Page 16
===========
Found at least one speaker :) ... replacing >>> 
Page 17
===========
Found at least one speaker :) ... replacing >>> 
Page 18
===========
Found at least one speaker :) ... replacing >>> 
Page 19
===========
Found at least one speaker :) ... replacing >>> 
Page 20
===========
Found at least one speaker :) ... replacing >>> 
Page 21
===========
Found at least one speaker :) ... replacing >>> 
Page 22
===========
Found at least one speaker :) ... replacing >>> 
Page 23
===========
Found at least one speaker :) ... replacing >>> 
Page 24
===========
Found at least one speaker :) ... replacing >>> 
Page 25
===========
Found at least one speaker :) ... replacing >>> 
Page 26
===========
Found at least one speaker :) ... replacing >>> 
Page 27
===========
Found at least one speaker :) ... replacing >>> 
Page 28
===========
Found at least one speaker :) ... replacing >>> 
Page 29
===========
Found at least one speaker :) ... replacing >>> 
Page 30
===========
Found at least one speaker :) ... replacing >>> 
Page 31
===========
Found at least one speaker :) ... replacing >>> 
Page 32
===========
Found at least one speaker :) ... replacing >>> 
Page 33
===========
Found at least one speaker :) ... replacing >>> 
For current block with title: RANG UNDANG UNDANG DIBAWA KE DALAM MESYUARAT start page is 33 and end page is 33
Page 33
===========
Found at least one speaker :) ... replacing >>> 
Page 34
===========
Found at least one speaker :) ... replacing >>> 
For current block with title: Melantik Jawatankuasa Pemilih Di Bawah P M 76 start page is 34 and end page is 50
Page 34
===========
Found at least one speaker :) ... replacing >>> 
Page 35
===========
Found at least one speaker :) ... replacing >>> 
Page 36
===========
Found at least one speaker :) ... replacing >>> 
Page 37
===========
Found at least one speaker :) ... replacing >>> 
Page 38
===========
Found at least one speaker :) ... replacing >>> 
Page 39
===========
Found at least one speaker :) ... replacing >>> 
Page 40
===========
Found at least one speaker :) ... replacing >>> 
Page 41
===========
Found at least one speaker :) ... replacing >>> 
Page 42
===========
Found at least one speaker :) ... replacing >>> 
Page 43
===========
Found at least one speaker :) ... replacing >>> 
Page 44
===========
Found at least one speaker :) ... replacing >>> 
Page 45
===========
Found at least one speaker :) ... replacing >>> 
Page 46
===========
Found at least one speaker :) ... replacing >>> 
Page 47
===========
Found at least one speaker :) ... replacing >>> 
Page 48
===========
Found at least one speaker :) ... replacing >>> 
Page 49
===========
Found at least one speaker :) ... replacing >>> 
Page 50
===========
Found at least one speaker :) ... replacing >>> 
Page 51
===========
Found at least one speaker :) ... replacing >>> 
For current block with title: Melantik Pengerusi Jawatankuasa Kira kira Wang Negara start page is 51 and end page is 92
Page 51
===========
Found at least one speaker :) ... replacing >>> 
Page 52
===========
Found at least one speaker :) ... replacing >>> 
Page 53
===========
Found at least one speaker :) ... replacing >>> 
Page 54
===========
Found at least one speaker :) ... replacing >>> 
Page 55
===========
Found at least one speaker :) ... replacing >>> 
Page 56
===========
Found at least one speaker :) ... replacing >>> 
Page 57
===========
Found at least one speaker :) ... replacing >>> 
Page 58
===========
Found at least one speaker :) ... replacing >>> 
Page 59
===========
Found at least one speaker :) ... replacing >>> 
Page 60
===========
Found at least one speaker :) ... replacing >>> 
Page 61
===========
Found at least one speaker :) ... replacing >>> 
Page 62
===========
Found at least one speaker :) ... replacing >>> 
Page 63
===========
Found at least one speaker :) ... replacing >>> 
Page 64
===========
Found at least one speaker :) ... replacing >>> 
Page 65
===========
Found at least one speaker :) ... replacing >>> 
Page 66
===========
Found at least one speaker :) ... replacing >>> 
Page 67
===========
Found at least one speaker :) ... replacing >>> 
Page 68
===========
Found at least one speaker :) ... replacing >>> 
Page 69
===========
Found at least one speaker :) ... replacing >>> 
Page 70
===========
Found at least one speaker :) ... replacing >>> 
Page 71
===========
Found at least one speaker :) ... replacing >>> 
Page 72
===========
Found at least one speaker :) ... replacing >>> 
Page 73
===========
Found at least one speaker :) ... replacing >>> 
Page 74
===========
Found at least one speaker :) ... replacing >>> 
Page 75
===========
Found at least one speaker :) ... replacing >>> 
Page 76
===========
Found at least one speaker :) ... replacing >>> 
Page 77
===========
Found at least one speaker :) ... replacing >>> 
Page 78
===========
Found at least one speaker :) ... replacing >>> 
Page 79
===========
Found at least one speaker :) ... replacing >>> 
Page 80
===========
Found at least one speaker :) ... replacing >>> 
Page 81
===========
Found at least one speaker :) ... replacing >>> 
Page 82
===========
Found at least one speaker :) ... replacing >>> 
Page 83
===========
Found at least one speaker :) ... replacing >>> 
Page 84
===========
Found at least one speaker :) ... replacing >>> 
Page 85
===========
Found at least one speaker :) ... replacing >>> 
Page 86
===========
Found at least one speaker :) ... replacing >>> 
Page 87
===========
Found at least one speaker :) ... replacing >>> 
Page 88
===========
Found at least one speaker :) ... replacing >>> 
Page 89
===========
Found at least one speaker :) ... replacing >>> 
Page 90
===========
Found at least one speaker :) ... replacing >>> 
Page 91
===========
Found no speaker; assign to previous identified speaker ==> MENTERI_DI_JABATAN_PERDANA_MENTERI_DATO_SRI_AZALINA_DATO_OTHMAN_SAID
Page 92
===========
Found no speaker; assign to previous identified speaker ==> MENTERI_DI_JABATAN_PERDANA_MENTERI_DATO_SRI_AZALINA_DATO_OTHMAN_SAID
Page 93
===========
Found at least one speaker :) ... replacing >>> 
For current block with title: Rang Undang undang Profesion Kesihatan Bersekutu 2015 start page is 93 and end page is 130
Page 93
===========
Found at least one speaker :) ... replacing >>> 
Page 94
===========
Found no speaker; assign to previous identified speaker ==> MENTERI_KESIHATAN_DATUK_SERI_DR_S_SUBRAMANIAM
Page 95
===========
Found at least one speaker :) ... replacing >>> 
Page 96
===========
Found at least one speaker :) ... replacing >>> 
Page 97
===========
Found no speaker; assign to previous identified speaker ==> DR_HAJI_NOOR_AZMI_BIN_GHAZALI_BAGAN_SERAI
Page 98
===========
Found no speaker; assign to previous identified speaker ==> DR_HAJI_NOOR_AZMI_BIN_GHAZALI_BAGAN_SERAI
Page 99
===========
Found at least one speaker :) ... replacing >>> 
Page 100
===========
Found no speaker; assign to previous identified speaker ==> DR_HAJI_NOOR_AZMI_BIN_GHAZALI_BAGAN_SERAI
Page 101
===========
Found at least one speaker :) ... replacing >>> 
Page 102
===========
Found at least one speaker :) ... replacing >>> 
Page 103
===========
Found no speaker; assign to previous identified speaker ==> DR_HAJI_NOOR_AZMI_BIN_GHAZALI_BAGAN_SERAI
Page 104
===========
Found no speaker; assign to previous identified speaker ==> DR_HAJI_NOOR_AZMI_BIN_GHAZALI_BAGAN_SERAI
Page 105
===========
Found at least one speaker :) ... replacing >>> 
Page 106
===========
Found no speaker; assign to previous identified speaker ==> DR_SITI_MARIAH_BINTI_MAHMUD_KOTA_RAJA
Page 107
===========
Found at least one speaker :) ... replacing >>> 
Page 108
===========
Found at least one speaker :) ... replacing >>> 
Page 109
===========
Found at least one speaker :) ... replacing >>> 
Page 110
===========
Found at least one speaker :) ... replacing >>> 
Page 111
===========
Found no speaker; assign to previous identified speaker ==> DR_SITI_MARIAH_BINTI_MAHMUD_KOTA_RAJA
Page 112
===========
Found at least one speaker :) ... replacing >>> 
Page 113
===========
Found no speaker; assign to previous identified speaker ==> TUAN_ANUAR_BIN_ABD_MANAP_SEKIJANG
Page 114
===========
Found at least one speaker :) ... replacing >>> 
Page 115
===========
Found no speaker; assign to previous identified speaker ==> TUAN_KO_CHUNG_SEN_KAMPAR
Page 116
===========
Found at least one speaker :) ... replacing >>> 
Page 117
===========
Found at least one speaker :) ... replacing >>> 
Page 118
===========
Found at least one speaker :) ... replacing >>> 
Page 119
===========
Found no speaker; assign to previous identified speaker ==> DR_MOHD_HATTA_BIN_MD_RAMLI_KUALA_KRAI
Page 120
===========
Found no speaker; assign to previous identified speaker ==> DR_MOHD_HATTA_BIN_MD_RAMLI_KUALA_KRAI
Page 121
===========
Found at least one speaker :) ... replacing >>> 
Page 122
===========
Found no speaker; assign to previous identified speaker ==> DR_LEE_BOON_CHYE_GOPENG
Page 123
===========
Found no speaker; assign to previous identified speaker ==> DR_LEE_BOON_CHYE_GOPENG
Page 124
===========
Found at least one speaker :) ... replacing >>> 
Page 125
===========
Found at least one speaker :) ... replacing >>> 
Page 126
===========
Found no speaker; assign to previous identified speaker ==> TUAN_OSCAR_LING_CHAI_YEW_SIBU
Page 127
===========
Found at least one speaker :) ... replacing >>> 
Page 128
===========
Found no speaker; assign to previous identified speaker ==> DR_AZMAN_BIN_ISMAIL_KUALA_KEDAH
Page 129
===========
Found no speaker; assign to previous identified speaker ==> DR_AZMAN_BIN_ISMAIL_KUALA_KEDAH
Page 130
===========
Found at least one speaker :) ... replacing >>> 
Final ERR Count: 77
