PROCESSING DR-18062015 in /Users/leow/Desktop/PROJECTS/SINARPROJECT/parliamentmy-split/
Inside the function processHansardFile with meta of all
PROCESSING DR-18062015 in /Users/leow/Desktop/PROJECTS/SINARPROJECT/parliamentmy-split/
Title is: USUL MENANGGUHKAN BACAAN KALI KEDUA DAN KETIGA RANG UNDANG-UNDANG
Start Page is: 1
Title is: JAWAPAN-JAWAPAN LISAN BAGI PERTANYAAN-PERTANYAAN
Start Page is: 1
Title is: Rang Undang-undang Bekalan Elektrik (Pindaan) 2015
Start Page is: 27
Title is: Rang Undang-undang Penerbangan Awam (Pindaan) 2015
Start Page is: 61
Title is: Rang Undang-undang Perlindungan Pengguna (Pindaan) 2015
Start Page is: 97
Title is: Rang Undang-undang Saraan Hakim (Pindaan) 2015
Start Page is: 98
Title is: Rang Undang-undang Polis (Pindaan) 2015
Start Page is: 105
Title is: Rang Undang-undang Angkatan Tentera (Pindaan) 2015
Start Page is: 110
Title is: Waktu Mesyuarat dan Urusan Dibebaskan Daripada Peraturan Mesyuarat
Start Page is: 23
Title is: Menangguhkan Mesyuarat Di Bawah P.M.16(3)
Start Page is: 113
Title is: Akta Kastam 1967
Start Page is: 59
Title is: Status Sekolah Kebangsaan Danau Perdana - YB. Puan Teresa Kok Suh Sim (Seputeh)
Start Page is: 114
Title is: Pembinaan Labuhraya Pan-Borneo - YB. Tuan Wong Ling Biu(Sarikei)
Start Page is: 115
Sorted Pages and Title
=======================
Calculated block starting at page 1 end at page 22
Calculated block starting at page 23 end at page 26
Calculated block starting at page 27 end at page 58
Calculated block starting at page 59 end at page 60
Calculated block starting at page 61 end at page 96
Calculated block starting at page 97 end at page 97
Calculated block starting at page 98 end at page 104
Calculated block starting at page 105 end at page 109
Calculated block starting at page 110 end at page 112
Calculated block starting at page 113 end at page 113
Calculated block starting at page 114 end at page 114
FINALLY: Block starting at page 115 end at page 118
Copying to the file JAWAPAN JAWAPAN LISAN BAGI PERTANYAAN PERTANYAAN.pdf starting from page 2 till page 23
Copying to the file Waktu Mesyuarat dan Urusan Dibebaskan Daripada Peraturan Mesyuarat.pdf starting from page 24 till page 27
Copying to the file Rang Undang undang Bekalan Elektrik Pindaan 2015.pdf starting from page 28 till page 59
Copying to the file Akta Kastam 1967.pdf starting from page 60 till page 61
Copying to the file Rang Undang undang Penerbangan Awam Pindaan 2015.pdf starting from page 62 till page 97
Copying to the file Rang Undang undang Perlindungan Pengguna Pindaan 2015.pdf starting from page 98 till page 98
Copying to the file Rang Undang undang Saraan Hakim Pindaan 2015.pdf starting from page 99 till page 105
Copying to the file Rang Undang undang Polis Pindaan 2015.pdf starting from page 106 till page 110
Copying to the file Rang Undang undang Angkatan Tentera Pindaan 2015.pdf starting from page 111 till page 113
Copying to the file Menangguhkan Mesyuarat Di Bawah P M 16 3.pdf starting from page 114 till page 114
Copying to the file Status Sekolah Kebangsaan Danau Perdana YB Puan Teresa Kok Suh Sim Seputeh.pdf starting from page 115 till page 115
Copying to the file Pembinaan Labuhraya Pan Borneo YB Tuan Wong Ling Biu Sarikei.pdf starting from page 116 till page 119
Copying to the file 0-intro.pdf starting from page 1 till page 1
For current block with title: JAWAPAN JAWAPAN LISAN BAGI PERTANYAAN PERTANYAAN start page is 2 and end page is 23
Page 2
===========
Found at least one speaker :) ... replacing >>> 
Page 3
===========
Found no speaker; assign to previous identified speaker ==> DATO_SERI_HAJI_IDRIS_JUSOH
Page 4
===========
Found at least one speaker :) ... replacing >>> 
Page 5
===========
Found at least one speaker :) ... replacing >>> 
Page 6
===========
Found at least one speaker :) ... replacing >>> 
Page 7
===========
Found at least one speaker :) ... replacing >>> 
Page 8
===========
Found at least one speaker :) ... replacing >>> 
Page 9
===========
Found at least one speaker :) ... replacing >>> 
Page 10
===========
Found at least one speaker :) ... replacing >>> 
Page 11
===========
Found at least one speaker :) ... replacing >>> 
Page 12
===========
Found at least one speaker :) ... replacing >>> 
Page 13
===========
Found at least one speaker :) ... replacing >>> 
Page 14
===========
Found at least one speaker :) ... replacing >>> 
Page 15
===========
Found at least one speaker :) ... replacing >>> 
Page 16
===========
Found at least one speaker :) ... replacing >>> 
Page 17
===========
Found at least one speaker :) ... replacing >>> 
Page 18
===========
Found at least one speaker :) ... replacing >>> 
Page 19
===========
Found at least one speaker :) ... replacing >>> 
Page 20
===========
Found at least one speaker :) ... replacing >>> 
Page 21
===========
Found at least one speaker :) ... replacing >>> 
Page 22
===========
Found at least one speaker :) ... replacing >>> 
Page 23
===========
Found at least one speaker :) ... replacing >>> 
Page 24
===========
Found at least one speaker :) ... replacing >>> 
For current block with title: Waktu Mesyuarat dan Urusan Dibebaskan Daripada Peraturan Mesyuarat start page is 24 and end page is 27
Page 24
===========
Found at least one speaker :) ... replacing >>> 
Page 25
===========
Found at least one speaker :) ... replacing >>> 
Page 26
===========
Found at least one speaker :) ... replacing >>> 
Page 27
===========
Found at least one speaker :) ... replacing >>> 
Page 28
===========
Found at least one speaker :) ... replacing >>> 
For current block with title: Rang Undang undang Bekalan Elektrik Pindaan 2015 start page is 28 and end page is 59
Page 28
===========
Found at least one speaker :) ... replacing >>> 
Page 29
===========
Found at least one speaker :) ... replacing >>> 
Page 30
===========
Found at least one speaker :) ... replacing >>> 
Page 31
===========
Found at least one speaker :) ... replacing >>> 
Page 32
===========
Found at least one speaker :) ... replacing >>> 
Page 33
===========
Found at least one speaker :) ... replacing >>> 
Page 34
===========
Found at least one speaker :) ... replacing >>> 
Page 35
===========
Found at least one speaker :) ... replacing >>> 
Page 36
===========
Found at least one speaker :) ... replacing >>> 
Page 37
===========
Found at least one speaker :) ... replacing >>> 
Page 38
===========
Found no speaker; assign to previous identified speaker ==> TUAN_SHAMSUL_ISKANDAR_YUSRE_BIN_MOHD_AKIN_BUKIT_KATIL
Page 39
===========
Found at least one speaker :) ... replacing >>> 
Page 40
===========
Found no speaker; assign to previous identified speaker ==> MENTERI_SAINS_TEKNOLOGI_DAN_INOVASI_DATUK_DR_MAXIMUS_JOHNITY_ONGKILI
Page 41
===========
Found at least one speaker :) ... replacing >>> 
Page 42
===========
Found at least one speaker :) ... replacing >>> 
Page 43
===========
Found at least one speaker :) ... replacing >>> 
Page 44
===========
Found at least one speaker :) ... replacing >>> 
Page 45
===========
Found at least one speaker :) ... replacing >>> 
Page 46
===========
Found at least one speaker :) ... replacing >>> 
Page 47
===========
Found at least one speaker :) ... replacing >>> 
Page 48
===========
Found at least one speaker :) ... replacing >>> 
Page 49
===========
Found at least one speaker :) ... replacing >>> 
Page 50
===========
Found at least one speaker :) ... replacing >>> 
Page 51
===========
Found at least one speaker :) ... replacing >>> 
Page 52
===========
Found at least one speaker :) ... replacing >>> 
Page 53
===========
Found no speaker; assign to previous identified speaker ==> DATUK_SERI_PANGLIMA_DR_MAXIMUS_JOHNITY_ONGKILI
Page 54
===========
Found at least one speaker :) ... replacing >>> 
Page 55
===========
Found at least one speaker :) ... replacing >>> 
Page 56
===========
Found at least one speaker :) ... replacing >>> 
Page 57
===========
Found at least one speaker :) ... replacing >>> 
Page 58
===========
Found at least one speaker :) ... replacing >>> 
Page 59
===========
Found at least one speaker :) ... replacing >>> 
Page 60
===========
Found at least one speaker :) ... replacing >>> 
For current block with title: Akta Kastam 1967 start page is 60 and end page is 61
Page 60
===========
Found at least one speaker :) ... replacing >>> 
Page 61
===========
Found at least one speaker :) ... replacing >>> 
Page 62
===========
Found at least one speaker :) ... replacing >>> 
For current block with title: Rang Undang undang Penerbangan Awam Pindaan 2015 start page is 62 and end page is 97
Page 62
===========
Found at least one speaker :) ... replacing >>> 
Page 63
===========
Found at least one speaker :) ... replacing >>> 
Page 64
===========
Found no speaker; assign to previous identified speaker ==> AWAM_1969_AKTA_3
Page 65
===========
Found no speaker; assign to previous identified speaker ==> AWAM_1969_AKTA_3
Page 66
===========
Found at least one speaker :) ... replacing >>> 
Page 67
===========
Found no speaker; assign to previous identified speaker ==> TUAN_JULIAN_TAN_KOK_PING_STAMPIN
Page 68
===========
Found at least one speaker :) ... replacing >>> 
Page 69
===========
Found at least one speaker :) ... replacing >>> 
Page 70
===========
Found at least one speaker :) ... replacing >>> 
Page 71
===========
Found at least one speaker :) ... replacing >>> 
Page 72
===========
Found at least one speaker :) ... replacing >>> 
Page 73
===========
Found no speaker; assign to previous identified speaker ==> DR_MOHD_HATTA_BIN_MD_RAMLI_KUALA_KRAI
Page 74
===========
Found at least one speaker :) ... replacing >>> 
Page 75
===========
Found at least one speaker :) ... replacing >>> 
Page 76
===========
Found no speaker; assign to previous identified speaker ==> TUAN_OOI_CHUAN_AUN_JELUTONG
Page 77
===========
Found at least one speaker :) ... replacing >>> 
Page 78
===========
Found at least one speaker :) ... replacing >>> 
Page 79
===========
Found at least one speaker :) ... replacing >>> 
Page 80
===========
Found at least one speaker :) ... replacing >>> 
Page 81
===========
Found no speaker; assign to previous identified speaker ==> DATO_HAJI_IRMOHIZAM_BIN_HAJI_IBRAHIM_KUALA_SELANGOR
Page 82
===========
Found at least one speaker :) ... replacing >>> 
Page 83
===========
Found at least one speaker :) ... replacing >>> 
Page 84
===========
Found no speaker; assign to previous identified speaker ==> TUAN_MOHAMED_HANIPA_BIN_MAIDIN_SEPANG
Page 85
===========
Found at least one speaker :) ... replacing >>> 
Page 86
===========
Found at least one speaker :) ... replacing >>> 
Page 87
===========
Found at least one speaker :) ... replacing >>> 
Page 88
===========
Found at least one speaker :) ... replacing >>> 
Page 89
===========
Found at least one speaker :) ... replacing >>> 
Page 90
===========
Found at least one speaker :) ... replacing >>> 
Page 91
===========
Found at least one speaker :) ... replacing >>> 
Page 92
===========
Found at least one speaker :) ... replacing >>> 
Page 93
===========
Found at least one speaker :) ... replacing >>> 
Page 94
===========
Found at least one speaker :) ... replacing >>> 
Page 95
===========
Found at least one speaker :) ... replacing >>> 
Page 96
===========
Found at least one speaker :) ... replacing >>> 
Page 97
===========
Found at least one speaker :) ... replacing >>> 
Page 98
===========
Found at least one speaker :) ... replacing >>> 
For current block with title: Rang Undang undang Perlindungan Pengguna Pindaan 2015 start page is 98 and end page is 98
Page 98
===========
Found at least one speaker :) ... replacing >>> 
Page 99
===========
Found at least one speaker :) ... replacing >>> 
For current block with title: Rang Undang undang Saraan Hakim Pindaan 2015 start page is 99 and end page is 105
Page 99
===========
Found at least one speaker :) ... replacing >>> 
Page 100
===========
Found at least one speaker :) ... replacing >>> 
Page 101
===========
Found at least one speaker :) ... replacing >>> 
Page 102
===========
Found at least one speaker :) ... replacing >>> 
Page 103
===========
Found at least one speaker :) ... replacing >>> 
Page 104
===========
Found at least one speaker :) ... replacing >>> 
Page 105
===========
Found at least one speaker :) ... replacing >>> 
Page 106
===========
Found at least one speaker :) ... replacing >>> 
For current block with title: Rang Undang undang Polis Pindaan 2015 start page is 106 and end page is 110
Page 106
===========
Found at least one speaker :) ... replacing >>> 
Page 107
===========
Found at least one speaker :) ... replacing >>> 
Page 108
===========
Found at least one speaker :) ... replacing >>> 
Page 109
===========
Found at least one speaker :) ... replacing >>> 
Page 110
===========
Found at least one speaker :) ... replacing >>> 
Page 111
===========
Found at least one speaker :) ... replacing >>> 
For current block with title: Rang Undang undang Angkatan Tentera Pindaan 2015 start page is 111 and end page is 113
Page 111
===========
Found at least one speaker :) ... replacing >>> 
Page 112
===========
Found at least one speaker :) ... replacing >>> 
Page 113
===========
Found at least one speaker :) ... replacing >>> 
Page 114
===========
Found at least one speaker :) ... replacing >>> 
For current block with title: Menangguhkan Mesyuarat Di Bawah P M 16 3 start page is 114 and end page is 114
Page 114
===========
Found at least one speaker :) ... replacing >>> 
Page 115
===========
Found at least one speaker :) ... replacing >>> 
For current block with title: Status Sekolah Kebangsaan Danau Perdana YB Puan Teresa Kok Suh Sim Seputeh start page is 115 and end page is 115
Page 115
===========
Found at least one speaker :) ... replacing >>> 
Page 116
===========
Found at least one speaker :) ... replacing >>> 
For current block with title: Pembinaan Labuhraya Pan Borneo YB Tuan Wong Ling Biu Sarikei start page is 116 and end page is 119
Page 116
===========
Found at least one speaker :) ... replacing >>> 
Page 117
===========
Found at least one speaker :) ... replacing >>> 
Page 118
===========
Found at least one speaker :) ... replacing >>> 
Page 119
===========
Found at least one speaker :) ... replacing >>> 
Final ERR Count: 85
