PROCESSING DR-28102015 in /Users/leow/Desktop/PROJECTS/SINARPROJECT/parliamentmy-split/
Inside the function processHansardFile with meta of all
PROCESSING DR-28102015 in /Users/leow/Desktop/PROJECTS/SINARPROJECT/parliamentmy-split/
Title is: JAWAPAN-JAWAPAN LISAN BAGI PERTANYAAN-PERTANYAAN
Start Page is: 1
Title is: Rang Undang-undang Perbekalan 2016
Start Page is: 27
Title is: Waktu Mesyuarat dan Urusan Dibebaskan Daripada Peraturan Mesyuarat
Start Page is: 27
Title is: Anggaran Pembangunan 2016
Start Page is: 27
Sorted Pages and Title
=======================
Calculated block starting at page 1 end at page 26
FINALLY: Block starting at page 27 end at page 181
Copying to the file JAWAPAN JAWAPAN LISAN BAGI PERTANYAAN PERTANYAAN.pdf starting from page 2 till page 27
Copying to the file Anggaran Pembangunan 2016.pdf starting from page 28 till page 182
Copying to the file 0-intro.pdf starting from page 1 till page 1
For current block with title: JAWAPAN JAWAPAN LISAN BAGI PERTANYAAN PERTANYAAN start page is 2 and end page is 27
Page 2
===========
Found at least one speaker :) ... replacing >>> 
Page 3
===========
Found at least one speaker :) ... replacing >>> 
Page 4
===========
Found at least one speaker :) ... replacing >>> 
Page 5
===========
Found at least one speaker :) ... replacing >>> 
Page 6
===========
Found at least one speaker :) ... replacing >>> 
Page 7
===========
Found at least one speaker :) ... replacing >>> 
Page 8
===========
Found at least one speaker :) ... replacing >>> 
Page 9
===========
Found at least one speaker :) ... replacing >>> 
Page 10
===========
Found no speaker; assign to previous identified speaker ==> DATO_JAILANI_BIN_JOHARI
Page 11
===========
Found at least one speaker :) ... replacing >>> 
Page 12
===========
Found at least one speaker :) ... replacing >>> 
Page 13
===========
Found no speaker; assign to previous identified speaker ==> DATO_SERI_DR_SHAHIDAN_BIN_KASSIM
Page 14
===========
Found at least one speaker :) ... replacing >>> 
Page 15
===========
Found at least one speaker :) ... replacing >>> 
Page 16
===========
Found at least one speaker :) ... replacing >>> 
Page 17
===========
Found at least one speaker :) ... replacing >>> 
Page 18
===========
Found at least one speaker :) ... replacing >>> 
Page 19
===========
Found at least one speaker :) ... replacing >>> 
Page 20
===========
Found at least one speaker :) ... replacing >>> 
Page 21
===========
Found at least one speaker :) ... replacing >>> 
Page 22
===========
Found at least one speaker :) ... replacing >>> 
Page 23
===========
Found at least one speaker :) ... replacing >>> 
Page 24
===========
Found at least one speaker :) ... replacing >>> 
Page 25
===========
Found at least one speaker :) ... replacing >>> 
Page 26
===========
Found at least one speaker :) ... replacing >>> 
Page 27
===========
Found at least one speaker :) ... replacing >>> 
Page 28
===========
Found at least one speaker :) ... replacing >>> 
For current block with title: Anggaran Pembangunan 2016 start page is 28 and end page is 182
Page 28
===========
Found at least one speaker :) ... replacing >>> 
Page 29
===========
Found at least one speaker :) ... replacing >>> 
Page 30
===========
Found no speaker; assign to previous identified speaker ==> DATUK_DATU_NASRUN_BIN_DATU_MANSUR_SILAM
Page 31
===========
Found no speaker; assign to previous identified speaker ==> DATUK_DATU_NASRUN_BIN_DATU_MANSUR_SILAM
Page 32
===========
Found no speaker; assign to previous identified speaker ==> DATUK_DATU_NASRUN_BIN_DATU_MANSUR_SILAM
Page 33
===========
Found at least one speaker :) ... replacing >>> 
Page 34
===========
Found at least one speaker :) ... replacing >>> 
Page 35
===========
Found no speaker; assign to previous identified speaker ==> TUAN_CHUA_TIAN_CHANG_TIAN_CHUA_BATU
Page 36
===========
Found no speaker; assign to previous identified speaker ==> TUAN_CHUA_TIAN_CHANG_TIAN_CHUA_BATU
Page 37
===========
Found at least one speaker :) ... replacing >>> 
Page 38
===========
Found at least one speaker :) ... replacing >>> 
Page 39
===========
Found at least one speaker :) ... replacing >>> 
Page 40
===========
Found at least one speaker :) ... replacing >>> 
Page 41
===========
Found at least one speaker :) ... replacing >>> 
Page 42
===========
Found at least one speaker :) ... replacing >>> 
Page 43
===========
Found no speaker; assign to previous identified speaker ==> DATUK_SERI_PANGLIMA_HAJI_ABDUL_GHAPUR_BIN_SALLEH_KALABAKAN
Page 44
===========
Found at least one speaker :) ... replacing >>> 
Page 45
===========
Found no speaker; assign to previous identified speaker ==> DATUK_SERI_PANGLIMA_HAJI_ABDUL_GHAPUR_BIN_SALLEH_KALABAKAN
Page 46
===========
Found at least one speaker :) ... replacing >>> 
Page 47
===========
Found no speaker; assign to previous identified speaker ==> TUAN_ZAIRIL_KHIR_JOHARI_BUKIT_BENDERA
Page 48
===========
Found no speaker; assign to previous identified speaker ==> TUAN_ZAIRIL_KHIR_JOHARI_BUKIT_BENDERA
Page 49
===========
Found no speaker; assign to previous identified speaker ==> TUAN_ZAIRIL_KHIR_JOHARI_BUKIT_BENDERA
Page 50
===========
Found no speaker; assign to previous identified speaker ==> TUAN_ZAIRIL_KHIR_JOHARI_BUKIT_BENDERA
Page 51
===========
Found at least one speaker :) ... replacing >>> 
Page 52
===========
Found at least one speaker :) ... replacing >>> 
Page 53
===========
Found no speaker; assign to previous identified speaker ==> TUAN_KOO_SOO_SEANG_TEBRAU
Page 54
===========
Found at least one speaker :) ... replacing >>> 
Page 55
===========
Found at least one speaker :) ... replacing >>> 
Page 56
===========
Found at least one speaker :) ... replacing >>> 
Page 57
===========
Found no speaker; assign to previous identified speaker ==> TUAN_KHOO_SOO_SEANG_TEBRAU
Page 58
===========
Found at least one speaker :) ... replacing >>> 
Page 59
===========
Found at least one speaker :) ... replacing >>> 
Page 60
===========
Found at least one speaker :) ... replacing >>> 
Page 61
===========
Found at least one speaker :) ... replacing >>> 
Page 62
===========
Found no speaker; assign to previous identified speaker ==> TETAPI_MALANGNYA_FIRMAN_ALLAH_MEMBACA_PETIKAN_AYAT_ALQURAN
Page 63
===========
Found no speaker; assign to previous identified speaker ==> TETAPI_MALANGNYA_FIRMAN_ALLAH_MEMBACA_PETIKAN_AYAT_ALQURAN
Page 64
===========
Found at least one speaker :) ... replacing >>> 
Page 65
===========
Found at least one speaker :) ... replacing >>> 
Page 66
===========
Found at least one speaker :) ... replacing >>> 
Page 67
===========
Found at least one speaker :) ... replacing >>> 
Page 68
===========
Found no speaker; assign to previous identified speaker ==> DATUK_SHABUDIN_BIN_YAHAYA_TASEK_GELUGOR
Page 69
===========
Found no speaker; assign to previous identified speaker ==> DATUK_SHABUDIN_BIN_YAHAYA_TASEK_GELUGOR
Page 70
===========
Found no speaker; assign to previous identified speaker ==> DATUK_SHABUDIN_BIN_YAHAYA_TASEK_GELUGOR
Page 71
===========
Found no speaker; assign to previous identified speaker ==> DATUK_SHABUDIN_BIN_YAHAYA_TASEK_GELUGOR
Page 72
===========
Found at least one speaker :) ... replacing >>> 
Page 73
===========
Found at least one speaker :) ... replacing >>> 
Page 74
===========
Found at least one speaker :) ... replacing >>> 
Page 75
===========
Found at least one speaker :) ... replacing >>> 
Page 76
===========
Found at least one speaker :) ... replacing >>> 
Page 77
===========
Found at least one speaker :) ... replacing >>> 
Page 78
===========
Found at least one speaker :) ... replacing >>> 
Page 79
===========
Found at least one speaker :) ... replacing >>> 
Page 80
===========
Found at least one speaker :) ... replacing >>> 
Page 81
===========
Found at least one speaker :) ... replacing >>> 
Page 82
===========
Found no speaker; assign to previous identified speaker ==> DATUK_RAIME_UNGGI_TENOM
Page 83
===========
Found at least one speaker :) ... replacing >>> 
Page 84
===========
Found at least one speaker :) ... replacing >>> 
Page 85
===========
Found no speaker; assign to previous identified speaker ==> DATUK_RAIME_UNGGI_TENOM
Page 86
===========
Found no speaker; assign to previous identified speaker ==> DATUK_RAIME_UNGGI_TENOM
Page 87
===========
Found no speaker; assign to previous identified speaker ==> DATUK_RAIME_UNGGI_TENOM
Page 88
===========
Found at least one speaker :) ... replacing >>> 
Page 89
===========
Found no speaker; assign to previous identified speaker ==> PUAN_TERESA_KOK_SUH_SIM_SEPUTEH
Page 90
===========
Found at least one speaker :) ... replacing >>> 
Page 91
===========
Found no speaker; assign to previous identified speaker ==> PUAN_TERESA_KOK_SUH_SIM_SEPUTEH
Page 92
===========
Found no speaker; assign to previous identified speaker ==> PUAN_TERESA_KOK_SUH_SIM_SEPUTEH
Page 93
===========
Found at least one speaker :) ... replacing >>> 
Page 94
===========
Found no speaker; assign to previous identified speaker ==> PUAN_TERESA_KOK_SUH_SIM_SEPUTEH
Page 95
===========
Found at least one speaker :) ... replacing >>> 
Page 96
===========
Found at least one speaker :) ... replacing >>> 
Page 97
===========
Found at least one speaker :) ... replacing >>> 
Page 98
===========
Found at least one speaker :) ... replacing >>> 
Page 99
===========
Found at least one speaker :) ... replacing >>> 
Page 100
===========
Found at least one speaker :) ... replacing >>> 
Page 101
===========
Found no speaker; assign to previous identified speaker ==> DATUK_SERI_HAJI_NOH_BIN_OMAR_TANJONG_KARANG
Page 102
===========
Found at least one speaker :) ... replacing >>> 
Page 103
===========
Found at least one speaker :) ... replacing >>> 
Page 104
===========
Found at least one speaker :) ... replacing >>> 
Page 105
===========
Found at least one speaker :) ... replacing >>> 
Page 106
===========
Found at least one speaker :) ... replacing >>> 
Page 107
===========
Found no speaker; assign to previous identified speaker ==> PROSPERITY_AND_DEVELOPMENT_YANG_BERTAJUK_THE_COST_OF_CORRUPTION
Page 108
===========
Found at least one speaker :) ... replacing >>> 
Page 109
===========
Found at least one speaker :) ... replacing >>> 
Page 110
===========
Found at least one speaker :) ... replacing >>> 
Page 111
===========
Found at least one speaker :) ... replacing >>> 
Page 112
===========
Found at least one speaker :) ... replacing >>> 
Page 113
===========
Found at least one speaker :) ... replacing >>> 
Page 114
===========
Found at least one speaker :) ... replacing >>> 
Page 115
===========
Found at least one speaker :) ... replacing >>> 
Page 116
===========
Found at least one speaker :) ... replacing >>> 
Page 117
===========
Found at least one speaker :) ... replacing >>> 
Page 118
===========
Found at least one speaker :) ... replacing >>> 
Page 119
===========
Found at least one speaker :) ... replacing >>> 
Page 120
===========
Found at least one speaker :) ... replacing >>> 
Page 121
===========
Found at least one speaker :) ... replacing >>> 
Page 122
===========
Found no speaker; assign to previous identified speaker ==> TAN_SRI_DATO_SERI_ABDUL_KHALID_BIN_IBRAHIM_BANDAR_TUN_RAZAK
Page 123
===========
Found at least one speaker :) ... replacing >>> 
Page 124
===========
Found at least one speaker :) ... replacing >>> 
Page 125
===========
Found at least one speaker :) ... replacing >>> 
Page 126
===========
Found at least one speaker :) ... replacing >>> 
Page 127
===========
Found no speaker; assign to previous identified speaker ==> DATO_HAJI_IRMOHIZAM_BIN_HAJI_IBRAHIM_KUALA_SELANGOR
Page 128
===========
Found at least one speaker :) ... replacing >>> 
Page 129
===========
Found no speaker; assign to previous identified speaker ==> DATO_HAJI_IRMOHIZAM_BIN_HAJI_IBRAHIM_KUALA_SELANGOR
Page 130
===========
Found no speaker; assign to previous identified speaker ==> DATO_HAJI_IRMOHIZAM_BIN_HAJI_IBRAHIM_KUALA_SELANGOR
Page 131
===========
Found at least one speaker :) ... replacing >>> 
Page 132
===========
Found at least one speaker :) ... replacing >>> 
Page 133
===========
Found at least one speaker :) ... replacing >>> 
Page 134
===========
Found at least one speaker :) ... replacing >>> 
Page 135
===========
Found at least one speaker :) ... replacing >>> 
Page 136
===========
Found no speaker; assign to previous identified speaker ==> TUAN_M_KULASEGARAN_IPOH_BARAT
Page 137
===========
Found no speaker; assign to previous identified speaker ==> TUAN_M_KULASEGARAN_IPOH_BARAT
Page 138
===========
Found no speaker; assign to previous identified speaker ==> TUAN_M_KULASEGARAN_IPOH_BARAT
Page 139
===========
Found at least one speaker :) ... replacing >>> 
Page 140
===========
Found at least one speaker :) ... replacing >>> 
Page 141
===========
Found no speaker; assign to previous identified speaker ==> AYAT_36_MEMBACA_SEPOTONG_AYAT_ALQURAN
Page 142
===========
Found at least one speaker :) ... replacing >>> 
Page 143
===========
Found at least one speaker :) ... replacing >>> 
Page 144
===========
Found at least one speaker :) ... replacing >>> 
Page 145
===========
Found no speaker; assign to previous identified speaker ==> TUAN_HAJI_AHMAD_NAZLAN_BIN_IDRIS_JERANTUT
Page 146
===========
Found at least one speaker :) ... replacing >>> 
Page 147
===========
Found at least one speaker :) ... replacing >>> 
Page 148
===========
Found at least one speaker :) ... replacing >>> 
Page 149
===========
Found at least one speaker :) ... replacing >>> 
Page 150
===========
Found at least one speaker :) ... replacing >>> 
Page 151
===========
Found no speaker; assign to previous identified speaker ==> RAKYAT_DI_DUNIA_SAMPAILAH_HARI_AKHIRAT_MEMBACA_SEPOTONG_AYAT_ALQURAN
Page 152
===========
Found at least one speaker :) ... replacing >>> 
Page 153
===========
Found at least one speaker :) ... replacing >>> 
Page 154
===========
Found no speaker; assign to previous identified speaker ==> TUAN_NIK_MOHAMAD_ABDUH_BIN_NIK_ABDUL_AZIZ_PASIR_MAS
Page 155
===========
Found at least one speaker :) ... replacing >>> 
Page 156
===========
Found at least one speaker :) ... replacing >>> 
Page 157
===========
Found no speaker; assign to previous identified speaker ==> DATO_NORAINI_BINTI_AHMAD_PARIT_SULONG
Page 158
===========
Found no speaker; assign to previous identified speaker ==> DATO_NORAINI_BINTI_AHMAD_PARIT_SULONG
Page 159
===========
Found no speaker; assign to previous identified speaker ==> DATO_NORAINI_BINTI_AHMAD_PARIT_SULONG
Page 160
===========
Found no speaker; assign to previous identified speaker ==> DATO_NORAINI_BINTI_AHMAD_PARIT_SULONG
Page 161
===========
Found no speaker; assign to previous identified speaker ==> DATO_NORAINI_BINTI_AHMAD_PARIT_SULONG
Page 162
===========
Found at least one speaker :) ... replacing >>> 
Page 163
===========
Found at least one speaker :) ... replacing >>> 
Page 164
===========
Found at least one speaker :) ... replacing >>> 
Page 165
===========
Found no speaker; assign to previous identified speaker ==> DATO_RAJA_KAMARUL_BAHRIN_SHAH_KUALA_TERENGGANU
Page 166
===========
Found no speaker; assign to previous identified speaker ==> DATO_RAJA_KAMARUL_BAHRIN_SHAH_KUALA_TERENGGANU
Page 167
===========
Found no speaker; assign to previous identified speaker ==> DATO_RAJA_KAMARUL_BAHRIN_SHAH_KUALA_TERENGGANU
Page 168
===========
Found no speaker; assign to previous identified speaker ==> DATO_RAJA_KAMARUL_BAHRIN_SHAH_KUALA_TERENGGANU
Page 169
===========
Found at least one speaker :) ... replacing >>> 
Page 170
===========
Found no speaker; assign to previous identified speaker ==> DATO_AHMAD_FAUZI_ZAHARI_SETIAWANGSA
Page 171
===========
Found no speaker; assign to previous identified speaker ==> DATO_AHMAD_FAUZI_ZAHARI_SETIAWANGSA
Page 172
===========
Found no speaker; assign to previous identified speaker ==> DATO_AHMAD_FAUZI_ZAHARI_SETIAWANGSA
Page 173
===========
Found no speaker; assign to previous identified speaker ==> DATO_AHMAD_FAUZI_ZAHARI_SETIAWANGSA
Page 174
===========
Found at least one speaker :) ... replacing >>> 
Page 175
===========
Found no speaker; assign to previous identified speaker ==> TUAN_SIM_TZE_TZIN_BAYAN_BARU
Page 176
===========
Found no speaker; assign to previous identified speaker ==> TUAN_SIM_TZE_TZIN_BAYAN_BARU
Page 177
===========
Found at least one speaker :) ... replacing >>> 
Page 178
===========
Found at least one speaker :) ... replacing >>> 
Page 179
===========
Found at least one speaker :) ... replacing >>> 
Page 180
===========
Found at least one speaker :) ... replacing >>> 
Page 181
===========
Found at least one speaker :) ... replacing >>> 
Page 182
===========
Found at least one speaker :) ... replacing >>> 
Final ERR Count: 100
